[2.604s] Invoking command in '/home/user/exchange/workspace/src/mission_controller': PYTHONPATH=/home/user/exchange/workspace/build/mission_controller/prefix_override:/usr/lib/python3/dist-packages/colcon_core/task/python/colcon_distutils_commands:/home/user/exchange/workspace/install/mission_controller/lib/python3.10/site-packages:${PYTHONPATH} /usr/bin/python3 -W ignore:setup.py install is deprecated -W ignore:easy_install command is deprecated setup.py egg_info --egg-base ../../build/mission_controller build --build-base /home/user/exchange/workspace/build/mission_controller/build install --record /home/user/exchange/workspace/build/mission_controller/install.log --single-version-externally-managed install_data
[3.104s] running egg_info
[3.105s] writing ../../build/mission_controller/mission_controller.egg-info/PKG-INFO
[3.105s] writing dependency_links to ../../build/mission_controller/mission_controller.egg-info/dependency_links.txt
[3.106s] writing entry points to ../../build/mission_controller/mission_controller.egg-info/entry_points.txt
[3.106s] writing requirements to ../../build/mission_controller/mission_controller.egg-info/requires.txt
[3.106s] writing top-level names to ../../build/mission_controller/mission_controller.egg-info/top_level.txt
[3.107s] reading manifest file '../../build/mission_controller/mission_controller.egg-info/SOURCES.txt'
[3.108s] adding license file 'LICENSE'
[3.109s] writing manifest file '../../build/mission_controller/mission_controller.egg-info/SOURCES.txt'
[3.109s] running build
[3.109s] running build_py
[3.109s] running install
[3.110s] running install_lib
[3.111s] running install_data
[3.111s] copying locales/es_ES/LC_MESSAGES/messages.mo -> /home/user/exchange/workspace/install/mission_controller/share/mission_controller/locales/es_ES/LC_MESSAGES
[3.112s] copying locales/en_US/LC_MESSAGES/messages.mo -> /home/user/exchange/workspace/install/mission_controller/share/mission_controller/locales/en_US/LC_MESSAGES
[3.112s] running install_egg_info
[3.114s] removing '/home/user/exchange/workspace/install/mission_controller/lib/python3.10/site-packages/mission_controller-0.1.0-py3.10.egg-info' (and everything under it)
[3.114s] Copying ../../build/mission_controller/mission_controller.egg-info to /home/user/exchange/workspace/install/mission_controller/lib/python3.10/site-packages/mission_controller-0.1.0-py3.10.egg-info
[3.115s] running install_scripts
[3.130s] Installing run_app script to /home/user/exchange/workspace/install/mission_controller/lib/mission_controller
[3.130s] writing list of installed files to '/home/user/exchange/workspace/build/mission_controller/install.log'
[3.155s] Invoked command in '/home/user/exchange/workspace/src/mission_controller' returned '0': PYTHONPATH=/home/user/exchange/workspace/build/mission_controller/prefix_override:/usr/lib/python3/dist-packages/colcon_core/task/python/colcon_distutils_commands:/home/user/exchange/workspace/install/mission_controller/lib/python3.10/site-packages:${PYTHONPATH} /usr/bin/python3 -W ignore:setup.py install is deprecated -W ignore:easy_install command is deprecated setup.py egg_info --egg-base ../../build/mission_controller build --build-base /home/user/exchange/workspace/build/mission_controller/build install --record /home/user/exchange/workspace/build/mission_controller/install.log --single-version-externally-managed install_data
