/home/user/exchange/workspace/install/mission_controller/lib/python3.10/site-packages/mission_controller/__init__.py
/home/user/exchange/workspace/install/mission_controller/lib/python3.10/site-packages/mission_controller/mission_controller.py
/home/user/exchange/workspace/install/mission_controller/lib/python3.10/site-packages/mission_controller/i18n.py
/home/user/exchange/workspace/install/mission_controller/lib/python3.10/site-packages/mission_controller/run_app.py
/home/user/exchange/workspace/install/mission_controller/lib/python3.10/site-packages/mission_controller/__pycache__/__init__.cpython-310.pyc
/home/user/exchange/workspace/install/mission_controller/lib/python3.10/site-packages/mission_controller/__pycache__/mission_controller.cpython-310.pyc
/home/user/exchange/workspace/install/mission_controller/lib/python3.10/site-packages/mission_controller/__pycache__/i18n.cpython-310.pyc
/home/user/exchange/workspace/install/mission_controller/lib/python3.10/site-packages/mission_controller/__pycache__/run_app.cpython-310.pyc
/home/user/exchange/workspace/install/mission_controller/share/mission_controller/package.xml
/home/user/exchange/workspace/install/mission_controller/share/ament_index/resource_index/packages/mission_controller
/home/user/exchange/workspace/install/mission_controller/share/ament_index/resource_index/pal_system_module/mission_controller
/home/user/exchange/workspace/install/mission_controller/share/mission_controller/launch/mission_controller.launch.py
/home/user/exchange/workspace/install/mission_controller/share/mission_controller/module/mission_controller_module.yaml
/home/user/exchange/workspace/install/mission_controller/share/ament_index/resource_index/i18n.localized_nodes/mission_controller
/home/user/exchange/workspace/install/mission_controller/share/mission_controller/locales/es_ES/LC_MESSAGES/messages.mo
/home/user/exchange/workspace/install/mission_controller/share/mission_controller/locales/en_US/LC_MESSAGES/messages.mo
/home/user/exchange/workspace/install/mission_controller/share/mission_controller/ui/./mission_controller.qmlproject
/home/user/exchange/workspace/install/mission_controller/share/mission_controller/ui/./.gitignore
/home/user/exchange/workspace/install/mission_controller/share/mission_controller/ui/./README.md
/home/user/exchange/workspace/install/mission_controller/share/mission_controller/ui/./MainPage.qml
/home/user/exchange/workspace/install/mission_controller/share/mission_controller/ui/./AppUI.qml
/home/user/exchange/workspace/install/mission_controller/share/mission_controller/ui/./qmldir
/home/user/exchange/workspace/install/mission_controller/share/mission_controller/ui/Ros/Param.qml
/home/user/exchange/workspace/install/mission_controller/share/mission_controller/ui/Ros/Topic.qml
/home/user/exchange/workspace/install/mission_controller/share/mission_controller/ui/Ros/Service.qml
/home/user/exchange/workspace/install/mission_controller/share/mission_controller/ui/Ros/qmldir
/home/user/exchange/workspace/install/mission_controller/share/mission_controller/ui/Ros/Action.qml
/home/user/exchange/workspace/install/mission_controller/share/mission_controller/ui/fonts/Inter.ttf
/home/user/exchange/workspace/install/mission_controller/share/mission_controller/ui/js/Constants.js
/home/user/exchange/workspace/install/mission_controller/share/mission_controller/ui/images/main.png
/home/user/exchange/workspace/install/mission_controller/share/mission_controller/ui/images/wallpaper.jpg
/home/user/exchange/workspace/install/mission_controller/share/mission_controller/ui/images/push.svg
/home/user/exchange/workspace/install/mission_controller/share/mission_controller/ui/images/back.svg
/home/user/exchange/workspace/install/mission_controller/share/mission_controller/ui/images/robot-love.svg
/home/user/exchange/workspace/install/mission_controller/lib/python3.10/site-packages/mission_controller-0.1.0-py3.10.egg-info/requires.txt
/home/user/exchange/workspace/install/mission_controller/lib/python3.10/site-packages/mission_controller-0.1.0-py3.10.egg-info/entry_points.txt
/home/user/exchange/workspace/install/mission_controller/lib/python3.10/site-packages/mission_controller-0.1.0-py3.10.egg-info/SOURCES.txt
/home/user/exchange/workspace/install/mission_controller/lib/python3.10/site-packages/mission_controller-0.1.0-py3.10.egg-info/top_level.txt
/home/user/exchange/workspace/install/mission_controller/lib/python3.10/site-packages/mission_controller-0.1.0-py3.10.egg-info/PKG-INFO
/home/user/exchange/workspace/install/mission_controller/lib/python3.10/site-packages/mission_controller-0.1.0-py3.10.egg-info/zip-safe
/home/user/exchange/workspace/install/mission_controller/lib/python3.10/site-packages/mission_controller-0.1.0-py3.10.egg-info/dependency_links.txt
/home/user/exchange/workspace/install/mission_controller/lib/mission_controller/run_app
