[2.188s] Invoking command in '/home/user/exchange/workspace/src/planner_task': PYTHONPATH=/home/user/exchange/workspace/build/planner_task/prefix_override:/usr/lib/python3/dist-packages/colcon_core/task/python/colcon_distutils_commands:/home/user/exchange/workspace/install/planner_task/lib/python3.10/site-packages:${PYTHONPATH} /usr/bin/python3 -W ignore:setup.py install is deprecated -W ignore:easy_install command is deprecated setup.py egg_info --egg-base ../../build/planner_task build --build-base /home/user/exchange/workspace/build/planner_task/build install --record /home/user/exchange/workspace/build/planner_task/install.log --single-version-externally-managed install_data
[2.458s] running egg_info
[2.460s] writing ../../build/planner_task/planner_task.egg-info/PKG-INFO
[2.461s] writing dependency_links to ../../build/planner_task/planner_task.egg-info/dependency_links.txt
[2.461s] writing entry points to ../../build/planner_task/planner_task.egg-info/entry_points.txt
[2.461s] writing requirements to ../../build/planner_task/planner_task.egg-info/requires.txt
[2.461s] writing top-level names to ../../build/planner_task/planner_task.egg-info/top_level.txt
[2.464s] reading manifest file '../../build/planner_task/planner_task.egg-info/SOURCES.txt'
[2.465s] adding license file 'LICENSE'
[2.466s] writing manifest file '../../build/planner_task/planner_task.egg-info/SOURCES.txt'
[2.466s] running build
[2.466s] running build_py
[2.466s] copying planner_task/task_impl.py -> /home/user/exchange/workspace/build/planner_task/build/lib/planner_task
[2.467s] running install
[2.467s] running install_lib
[2.468s] copying /home/user/exchange/workspace/build/planner_task/build/lib/planner_task/task_impl.py -> /home/user/exchange/workspace/install/planner_task/lib/python3.10/site-packages/planner_task
[2.469s] byte-compiling /home/user/exchange/workspace/install/planner_task/lib/python3.10/site-packages/planner_task/task_impl.py to task_impl.cpython-310.pyc
[2.471s] running install_data
[2.471s] running install_egg_info
[2.473s] removing '/home/user/exchange/workspace/install/planner_task/lib/python3.10/site-packages/planner_task-0.1.0-py3.10.egg-info' (and everything under it)
[2.474s] Copying ../../build/planner_task/planner_task.egg-info to /home/user/exchange/workspace/install/planner_task/lib/python3.10/site-packages/planner_task-0.1.0-py3.10.egg-info
[2.474s] running install_scripts
[2.498s] Installing start_task script to /home/user/exchange/workspace/install/planner_task/lib/planner_task
[2.499s] writing list of installed files to '/home/user/exchange/workspace/build/planner_task/install.log'
[2.534s] Invoked command in '/home/user/exchange/workspace/src/planner_task' returned '0': PYTHONPATH=/home/user/exchange/workspace/build/planner_task/prefix_override:/usr/lib/python3/dist-packages/colcon_core/task/python/colcon_distutils_commands:/home/user/exchange/workspace/install/planner_task/lib/python3.10/site-packages:${PYTHONPATH} /usr/bin/python3 -W ignore:setup.py install is deprecated -W ignore:easy_install command is deprecated setup.py egg_info --egg-base ../../build/planner_task build --build-base /home/user/exchange/workspace/build/planner_task/build install --record /home/user/exchange/workspace/build/planner_task/install.log --single-version-externally-managed install_data
