[2.105s] Invoking command in '/home/user/exchange/workspace/src/chat_task': AMENT_PREFIX_PATH=/home/user/exchange/workspace/src/install/task_msgs:${AMENT_PREFIX_PATH} CMAKE_PREFIX_PATH=/home/user/exchange/workspace/src/install/task_msgs LD_LIBRARY_PATH=/home/user/exchange/workspace/src/install/task_msgs/lib:${LD_LIBRARY_PATH} PYTHONPATH=/home/user/exchange/workspace/src/build/chat_task/prefix_override:/usr/lib/python3/dist-packages/colcon_core/task/python/colcon_distutils_commands:/home/user/exchange/workspace/src/install/chat_task/lib/python3.10/site-packages:/home/user/exchange/workspace/src/install/task_msgs/local/lib/python3.10/dist-packages:${PYTHONPATH} /usr/bin/python3 -W ignore:setup.py install is deprecated -W ignore:easy_install command is deprecated setup.py egg_info --egg-base ../build/chat_task build --build-base /home/user/exchange/workspace/src/build/chat_task/build install --record /home/user/exchange/workspace/src/build/chat_task/install.log --single-version-externally-managed install_data
[2.385s] running egg_info
[2.388s] creating ../build/chat_task/chat_task.egg-info
[2.388s] writing ../build/chat_task/chat_task.egg-info/PKG-INFO
[2.388s] writing dependency_links to ../build/chat_task/chat_task.egg-info/dependency_links.txt
[2.388s] writing entry points to ../build/chat_task/chat_task.egg-info/entry_points.txt
[2.388s] writing requirements to ../build/chat_task/chat_task.egg-info/requires.txt
[2.388s] writing top-level names to ../build/chat_task/chat_task.egg-info/top_level.txt
[2.389s] writing manifest file '../build/chat_task/chat_task.egg-info/SOURCES.txt'
[2.389s] reading manifest file '../build/chat_task/chat_task.egg-info/SOURCES.txt'
[2.389s] adding license file 'LICENSE'
[2.390s] writing manifest file '../build/chat_task/chat_task.egg-info/SOURCES.txt'
[2.391s] running build
[2.391s] running build_py
[2.391s] creating /home/user/exchange/workspace/src/build/chat_task/build
[2.391s] creating /home/user/exchange/workspace/src/build/chat_task/build/lib
[2.391s] creating /home/user/exchange/workspace/src/build/chat_task/build/lib/chat_task
[2.391s] copying chat_task/__init__.py -> /home/user/exchange/workspace/src/build/chat_task/build/lib/chat_task
[2.391s] copying chat_task/start_task.py -> /home/user/exchange/workspace/src/build/chat_task/build/lib/chat_task
[2.391s] copying chat_task/task_impl.py -> /home/user/exchange/workspace/src/build/chat_task/build/lib/chat_task
[2.392s] running install
[2.392s] running install_lib
[2.393s] creating /home/user/exchange/workspace/src/install/chat_task/lib/python3.10/site-packages/chat_task
[2.393s] copying /home/user/exchange/workspace/src/build/chat_task/build/lib/chat_task/__init__.py -> /home/user/exchange/workspace/src/install/chat_task/lib/python3.10/site-packages/chat_task
[2.393s] copying /home/user/exchange/workspace/src/build/chat_task/build/lib/chat_task/start_task.py -> /home/user/exchange/workspace/src/install/chat_task/lib/python3.10/site-packages/chat_task
[2.394s] copying /home/user/exchange/workspace/src/build/chat_task/build/lib/chat_task/task_impl.py -> /home/user/exchange/workspace/src/install/chat_task/lib/python3.10/site-packages/chat_task
[2.394s] byte-compiling /home/user/exchange/workspace/src/install/chat_task/lib/python3.10/site-packages/chat_task/__init__.py to __init__.cpython-310.pyc
[2.394s] byte-compiling /home/user/exchange/workspace/src/install/chat_task/lib/python3.10/site-packages/chat_task/start_task.py to start_task.cpython-310.pyc
[2.395s] byte-compiling /home/user/exchange/workspace/src/install/chat_task/lib/python3.10/site-packages/chat_task/task_impl.py to task_impl.cpython-310.pyc
[2.396s] running install_data
[2.396s] copying package.xml -> /home/user/exchange/workspace/src/install/chat_task/share/chat_task
[2.397s] creating /home/user/exchange/workspace/src/install/chat_task/share/ament_index
[2.397s] creating /home/user/exchange/workspace/src/install/chat_task/share/ament_index/resource_index
[2.397s] creating /home/user/exchange/workspace/src/install/chat_task/share/ament_index/resource_index/packages
[2.397s] copying res/chat_task -> /home/user/exchange/workspace/src/install/chat_task/share/ament_index/resource_index/packages
[2.397s] creating /home/user/exchange/workspace/src/install/chat_task/share/chat_task/launch
[2.397s] copying launch/chat_task.launch.py -> /home/user/exchange/workspace/src/install/chat_task/share/chat_task/launch
[2.397s] creating /home/user/exchange/workspace/src/install/chat_task/share/ament_index/resource_index/pal_system_module
[2.398s] copying module/chat_task -> /home/user/exchange/workspace/src/install/chat_task/share/ament_index/resource_index/pal_system_module
[2.398s] creating /home/user/exchange/workspace/src/install/chat_task/share/chat_task/module
[2.398s] copying module/chat_task_module.yaml -> /home/user/exchange/workspace/src/install/chat_task/share/chat_task/module
[2.398s] creating /home/user/exchange/workspace/src/install/chat_task/share/ament_index/resource_index/pal_configuration.chat_task
[2.398s] copying config/chat_task -> /home/user/exchange/workspace/src/install/chat_task/share/ament_index/resource_index/pal_configuration.chat_task
[2.398s] creating /home/user/exchange/workspace/src/install/chat_task/share/chat_task/config
[2.398s] copying config/00-defaults.yml -> /home/user/exchange/workspace/src/install/chat_task/share/chat_task/config
[2.398s] creating /home/user/exchange/workspace/src/install/chat_task/share/chat_task/ui
[2.398s] copying res/ui/main.qml -> /home/user/exchange/workspace/src/install/chat_task/share/chat_task/ui/.
[2.399s] copying res/ui/MyButton.qml -> /home/user/exchange/workspace/src/install/chat_task/share/chat_task/ui/.
[2.399s] copying res/ui/MainPage.qml -> /home/user/exchange/workspace/src/install/chat_task/share/chat_task/ui/.
[2.399s] copying res/ui/qmldir -> /home/user/exchange/workspace/src/install/chat_task/share/chat_task/ui/.
[2.400s] creating /home/user/exchange/workspace/src/install/chat_task/share/chat_task/ui/images
[2.400s] copying res/ui/images/background.png -> /home/user/exchange/workspace/src/install/chat_task/share/chat_task/ui/images
[2.402s] running install_egg_info
[2.404s] Copying ../build/chat_task/chat_task.egg-info to /home/user/exchange/workspace/src/install/chat_task/lib/python3.10/site-packages/chat_task-0.1.0-py3.10.egg-info
[2.404s] running install_scripts
[2.429s] Installing start_task script to /home/user/exchange/workspace/src/install/chat_task/lib/chat_task
[2.429s] writing list of installed files to '/home/user/exchange/workspace/src/build/chat_task/install.log'
[2.468s] Invoked command in '/home/user/exchange/workspace/src/chat_task' returned '0': AMENT_PREFIX_PATH=/home/user/exchange/workspace/src/install/task_msgs:${AMENT_PREFIX_PATH} CMAKE_PREFIX_PATH=/home/user/exchange/workspace/src/install/task_msgs LD_LIBRARY_PATH=/home/user/exchange/workspace/src/install/task_msgs/lib:${LD_LIBRARY_PATH} PYTHONPATH=/home/user/exchange/workspace/src/build/chat_task/prefix_override:/usr/lib/python3/dist-packages/colcon_core/task/python/colcon_distutils_commands:/home/user/exchange/workspace/src/install/chat_task/lib/python3.10/site-packages:/home/user/exchange/workspace/src/install/task_msgs/local/lib/python3.10/dist-packages:${PYTHONPATH} /usr/bin/python3 -W ignore:setup.py install is deprecated -W ignore:easy_install command is deprecated setup.py egg_info --egg-base ../build/chat_task build --build-base /home/user/exchange/workspace/src/build/chat_task/build install --record /home/user/exchange/workspace/src/build/chat_task/install.log --single-version-externally-managed install_data
