[2.733s] Invoking command in '/home/user/exchange/workspace/src/mission_controller': AMENT_PREFIX_PATH=/home/user/exchange/workspace/install/task_msgs:${AMENT_PREFIX_PATH} CMAKE_PREFIX_PATH=/home/user/exchange/workspace/install/task_msgs LD_LIBRARY_PATH=/home/user/exchange/workspace/install/task_msgs/lib:${LD_LIBRARY_PATH} PYTHONPATH=/home/user/exchange/workspace/build/mission_controller/prefix_override:/usr/lib/python3/dist-packages/colcon_core/task/python/colcon_distutils_commands:/home/user/exchange/workspace/install/mission_controller/lib/python3.10/site-packages:/home/user/exchange/workspace/install/task_msgs/local/lib/python3.10/dist-packages:${PYTHONPATH} /usr/bin/python3 -W ignore:setup.py install is deprecated -W ignore:easy_install command is deprecated setup.py egg_info --egg-base ../../build/mission_controller build --build-base /home/user/exchange/workspace/build/mission_controller/build install --record /home/user/exchange/workspace/build/mission_controller/install.log --single-version-externally-managed install_data
[3.343s] running egg_info
[3.344s] writing ../../build/mission_controller/mission_controller.egg-info/PKG-INFO
[3.344s] writing dependency_links to ../../build/mission_controller/mission_controller.egg-info/dependency_links.txt
[3.344s] writing entry points to ../../build/mission_controller/mission_controller.egg-info/entry_points.txt
[3.344s] writing requirements to ../../build/mission_controller/mission_controller.egg-info/requires.txt
[3.345s] writing top-level names to ../../build/mission_controller/mission_controller.egg-info/top_level.txt
[3.346s] reading manifest file '../../build/mission_controller/mission_controller.egg-info/SOURCES.txt'
[3.346s] adding license file 'LICENSE'
[3.347s] writing manifest file '../../build/mission_controller/mission_controller.egg-info/SOURCES.txt'
[3.347s] running build
[3.347s] running build_py
[3.347s] running install
[3.348s] running install_lib
[3.349s] running install_data
[3.349s] copying locales/es_ES/LC_MESSAGES/messages.mo -> /home/user/exchange/workspace/install/mission_controller/share/mission_controller/locales/es_ES/LC_MESSAGES
[3.350s] copying locales/en_US/LC_MESSAGES/messages.mo -> /home/user/exchange/workspace/install/mission_controller/share/mission_controller/locales/en_US/LC_MESSAGES
[3.350s] running install_egg_info
[3.352s] removing '/home/user/exchange/workspace/install/mission_controller/lib/python3.10/site-packages/mission_controller-0.1.0-py3.10.egg-info' (and everything under it)
[3.352s] Copying ../../build/mission_controller/mission_controller.egg-info to /home/user/exchange/workspace/install/mission_controller/lib/python3.10/site-packages/mission_controller-0.1.0-py3.10.egg-info
[3.353s] running install_scripts
[3.367s] Installing run_app script to /home/user/exchange/workspace/install/mission_controller/lib/mission_controller
[3.367s] writing list of installed files to '/home/user/exchange/workspace/build/mission_controller/install.log'
[3.392s] Invoked command in '/home/user/exchange/workspace/src/mission_controller' returned '0': AMENT_PREFIX_PATH=/home/user/exchange/workspace/install/task_msgs:${AMENT_PREFIX_PATH} CMAKE_PREFIX_PATH=/home/user/exchange/workspace/install/task_msgs LD_LIBRARY_PATH=/home/user/exchange/workspace/install/task_msgs/lib:${LD_LIBRARY_PATH} PYTHONPATH=/home/user/exchange/workspace/build/mission_controller/prefix_override:/usr/lib/python3/dist-packages/colcon_core/task/python/colcon_distutils_commands:/home/user/exchange/workspace/install/mission_controller/lib/python3.10/site-packages:/home/user/exchange/workspace/install/task_msgs/local/lib/python3.10/dist-packages:${PYTHONPATH} /usr/bin/python3 -W ignore:setup.py install is deprecated -W ignore:easy_install command is deprecated setup.py egg_info --egg-base ../../build/mission_controller build --build-base /home/user/exchange/workspace/build/mission_controller/build install --record /home/user/exchange/workspace/build/mission_controller/install.log --single-version-externally-managed install_data
