[  3%] Built target task_msgs__cpp
[ 12%] Built target task_msgs__rosidl_generator_c
[ 12%] Built target ament_cmake_python_copy_task_msgs
[ 22%] Built target task_msgs__rosidl_typesupport_cpp
[ 32%] Built target task_msgs__rosidl_typesupport_fastrtps_cpp
[ 41%] Built target task_msgs__rosidl_typesupport_introspection_cpp
[ 51%] Built target task_msgs__rosidl_typesupport_introspection_c
[ 61%] Built target task_msgs__rosidl_typesupport_c
[ 70%] Built target task_msgs__rosidl_typesupport_fastrtps_c
[ 70%] Built target task_msgs
[ 74%] Built target task_msgs__py
[ 80%] Built target task_msgs__rosidl_generator_py
[ 87%] Built target task_msgs__rosidl_typesupport_introspection_c__pyext
[ 93%] Built target task_msgs__rosidl_typesupport_fastrtps_c__pyext
[100%] Built target task_msgs__rosidl_typesupport_c__pyext
running egg_info
writing task_msgs.egg-info/PKG-INFO
writing dependency_links to task_msgs.egg-info/dependency_links.txt
writing top-level names to task_msgs.egg-info/top_level.txt
reading manifest file 'task_msgs.egg-info/SOURCES.txt'
writing manifest file 'task_msgs.egg-info/SOURCES.txt'
[100%] Built target ament_cmake_python_build_task_msgs_egg
-- Install configuration: ""
-- Up-to-date: /home/user/exchange/workspace/install/task_msgs/share/ament_index/resource_index/rosidl_interfaces/task_msgs
-- Up-to-date: /home/user/exchange/workspace/install/task_msgs/include/task_msgs/task_msgs
-- Up-to-date: /home/user/exchange/workspace/install/task_msgs/include/task_msgs/task_msgs/msg
-- Up-to-date: /home/user/exchange/workspace/install/task_msgs/include/task_msgs/task_msgs/msg/rosidl_generator_c__visibility_control.h
-- Up-to-date: /home/user/exchange/workspace/install/task_msgs/include/task_msgs/task_msgs/action
-- Up-to-date: /home/user/exchange/workspace/install/task_msgs/include/task_msgs/task_msgs/action/detail
-- Up-to-date: /home/user/exchange/workspace/install/task_msgs/include/task_msgs/task_msgs/action/detail/task_control__functions.h
-- Up-to-date: /home/user/exchange/workspace/install/task_msgs/include/task_msgs/task_msgs/action/detail/task_control__struct.h
-- Up-to-date: /home/user/exchange/workspace/install/task_msgs/include/task_msgs/task_msgs/action/detail/task_control__type_support.h
-- Up-to-date: /home/user/exchange/workspace/install/task_msgs/include/task_msgs/task_msgs/action/detail/task_control__functions.c
-- Up-to-date: /home/user/exchange/workspace/install/task_msgs/include/task_msgs/task_msgs/action/task_control.h
-- Up-to-date: /home/user/exchange/workspace/install/task_msgs/share/task_msgs/environment/library_path.sh
-- Up-to-date: /home/user/exchange/workspace/install/task_msgs/share/task_msgs/environment/library_path.dsv
-- Up-to-date: /home/user/exchange/workspace/install/task_msgs/lib/libtask_msgs__rosidl_generator_c.so
-- Up-to-date: /home/user/exchange/workspace/install/task_msgs/include/task_msgs/task_msgs
-- Up-to-date: /home/user/exchange/workspace/install/task_msgs/include/task_msgs/task_msgs/msg
-- Up-to-date: /home/user/exchange/workspace/install/task_msgs/include/task_msgs/task_msgs/msg/rosidl_typesupport_fastrtps_c__visibility_control.h
-- Up-to-date: /home/user/exchange/workspace/install/task_msgs/include/task_msgs/task_msgs/action
-- Up-to-date: /home/user/exchange/workspace/install/task_msgs/include/task_msgs/task_msgs/action/detail
-- Up-to-date: /home/user/exchange/workspace/install/task_msgs/include/task_msgs/task_msgs/action/detail/task_control__rosidl_typesupport_fastrtps_c.h
-- Up-to-date: /home/user/exchange/workspace/install/task_msgs/lib/libtask_msgs__rosidl_typesupport_fastrtps_c.so
-- Up-to-date: /home/user/exchange/workspace/install/task_msgs/include/task_msgs/task_msgs
-- Up-to-date: /home/user/exchange/workspace/install/task_msgs/include/task_msgs/task_msgs/msg
-- Up-to-date: /home/user/exchange/workspace/install/task_msgs/include/task_msgs/task_msgs/msg/rosidl_typesupport_introspection_c__visibility_control.h
-- Up-to-date: /home/user/exchange/workspace/install/task_msgs/include/task_msgs/task_msgs/action
-- Up-to-date: /home/user/exchange/workspace/install/task_msgs/include/task_msgs/task_msgs/action/detail
-- Up-to-date: /home/user/exchange/workspace/install/task_msgs/include/task_msgs/task_msgs/action/detail/task_control__type_support.c
-- Up-to-date: /home/user/exchange/workspace/install/task_msgs/include/task_msgs/task_msgs/action/detail/task_control__rosidl_typesupport_introspection_c.h
-- Up-to-date: /home/user/exchange/workspace/install/task_msgs/lib/libtask_msgs__rosidl_typesupport_introspection_c.so
-- Up-to-date: /home/user/exchange/workspace/install/task_msgs/lib/libtask_msgs__rosidl_typesupport_c.so
-- Up-to-date: /home/user/exchange/workspace/install/task_msgs/include/task_msgs/task_msgs
-- Up-to-date: /home/user/exchange/workspace/install/task_msgs/include/task_msgs/task_msgs/msg
-- Up-to-date: /home/user/exchange/workspace/install/task_msgs/include/task_msgs/task_msgs/msg/rosidl_generator_cpp__visibility_control.hpp
-- Up-to-date: /home/user/exchange/workspace/install/task_msgs/include/task_msgs/task_msgs/action
-- Up-to-date: /home/user/exchange/workspace/install/task_msgs/include/task_msgs/task_msgs/action/detail
-- Up-to-date: /home/user/exchange/workspace/install/task_msgs/include/task_msgs/task_msgs/action/detail/task_control__type_support.hpp
-- Up-to-date: /home/user/exchange/workspace/install/task_msgs/include/task_msgs/task_msgs/action/detail/task_control__struct.hpp
-- Up-to-date: /home/user/exchange/workspace/install/task_msgs/include/task_msgs/task_msgs/action/detail/task_control__traits.hpp
-- Up-to-date: /home/user/exchange/workspace/install/task_msgs/include/task_msgs/task_msgs/action/detail/task_control__builder.hpp
-- Up-to-date: /home/user/exchange/workspace/install/task_msgs/include/task_msgs/task_msgs/action/task_control.hpp
-- Up-to-date: /home/user/exchange/workspace/install/task_msgs/include/task_msgs/task_msgs
-- Up-to-date: /home/user/exchange/workspace/install/task_msgs/include/task_msgs/task_msgs/msg
-- Up-to-date: /home/user/exchange/workspace/install/task_msgs/include/task_msgs/task_msgs/msg/rosidl_typesupport_fastrtps_cpp__visibility_control.h
-- Up-to-date: /home/user/exchange/workspace/install/task_msgs/include/task_msgs/task_msgs/action
-- Up-to-date: /home/user/exchange/workspace/install/task_msgs/include/task_msgs/task_msgs/action/detail
-- Up-to-date: /home/user/exchange/workspace/install/task_msgs/include/task_msgs/task_msgs/action/detail/dds_fastrtps
-- Up-to-date: /home/user/exchange/workspace/install/task_msgs/include/task_msgs/task_msgs/action/detail/task_control__rosidl_typesupport_fastrtps_cpp.hpp
-- Up-to-date: /home/user/exchange/workspace/install/task_msgs/lib/libtask_msgs__rosidl_typesupport_fastrtps_cpp.so
-- Up-to-date: /home/user/exchange/workspace/install/task_msgs/include/task_msgs/task_msgs
-- Up-to-date: /home/user/exchange/workspace/install/task_msgs/include/task_msgs/task_msgs/action
-- Up-to-date: /home/user/exchange/workspace/install/task_msgs/include/task_msgs/task_msgs/action/detail
-- Up-to-date: /home/user/exchange/workspace/install/task_msgs/include/task_msgs/task_msgs/action/detail/task_control__rosidl_typesupport_introspection_cpp.hpp
-- Up-to-date: /home/user/exchange/workspace/install/task_msgs/include/task_msgs/task_msgs/action/detail/task_control__type_support.cpp
-- Up-to-date: /home/user/exchange/workspace/install/task_msgs/lib/libtask_msgs__rosidl_typesupport_introspection_cpp.so
-- Up-to-date: /home/user/exchange/workspace/install/task_msgs/lib/libtask_msgs__rosidl_typesupport_cpp.so
-- Up-to-date: /home/user/exchange/workspace/install/task_msgs/share/task_msgs/environment/pythonpath.sh
-- Up-to-date: /home/user/exchange/workspace/install/task_msgs/share/task_msgs/environment/pythonpath.dsv
-- Up-to-date: /home/user/exchange/workspace/install/task_msgs/local/lib/python3.10/dist-packages/task_msgs-0.1.0-py3.10.egg-info
-- Installing: /home/user/exchange/workspace/install/task_msgs/local/lib/python3.10/dist-packages/task_msgs-0.1.0-py3.10.egg-info/SOURCES.txt
-- Installing: /home/user/exchange/workspace/install/task_msgs/local/lib/python3.10/dist-packages/task_msgs-0.1.0-py3.10.egg-info/top_level.txt
-- Installing: /home/user/exchange/workspace/install/task_msgs/local/lib/python3.10/dist-packages/task_msgs-0.1.0-py3.10.egg-info/PKG-INFO
-- Installing: /home/user/exchange/workspace/install/task_msgs/local/lib/python3.10/dist-packages/task_msgs-0.1.0-py3.10.egg-info/dependency_links.txt
-- Up-to-date: /home/user/exchange/workspace/install/task_msgs/local/lib/python3.10/dist-packages/task_msgs
-- Up-to-date: /home/user/exchange/workspace/install/task_msgs/local/lib/python3.10/dist-packages/task_msgs/__init__.py
-- Up-to-date: /home/user/exchange/workspace/install/task_msgs/local/lib/python3.10/dist-packages/task_msgs/_task_msgs_s.ep.rosidl_typesupport_introspection_c.c
-- Up-to-date: /home/user/exchange/workspace/install/task_msgs/local/lib/python3.10/dist-packages/task_msgs/task_msgs_s__rosidl_typesupport_introspection_c.cpython-310-x86_64-linux-gnu.so
-- Up-to-date: /home/user/exchange/workspace/install/task_msgs/local/lib/python3.10/dist-packages/task_msgs/libtask_msgs__rosidl_generator_py.so
-- Up-to-date: /home/user/exchange/workspace/install/task_msgs/local/lib/python3.10/dist-packages/task_msgs/_task_msgs_s.ep.rosidl_typesupport_c.c
-- Up-to-date: /home/user/exchange/workspace/install/task_msgs/local/lib/python3.10/dist-packages/task_msgs/task_msgs_s__rosidl_typesupport_fastrtps_c.cpython-310-x86_64-linux-gnu.so
-- Up-to-date: /home/user/exchange/workspace/install/task_msgs/local/lib/python3.10/dist-packages/task_msgs/action
-- Up-to-date: /home/user/exchange/workspace/install/task_msgs/local/lib/python3.10/dist-packages/task_msgs/action/__init__.py
-- Up-to-date: /home/user/exchange/workspace/install/task_msgs/local/lib/python3.10/dist-packages/task_msgs/action/_task_control.py
-- Up-to-date: /home/user/exchange/workspace/install/task_msgs/local/lib/python3.10/dist-packages/task_msgs/action/_task_control_s.c
-- Up-to-date: /home/user/exchange/workspace/install/task_msgs/local/lib/python3.10/dist-packages/task_msgs/_task_msgs_s.ep.rosidl_typesupport_fastrtps_c.c
-- Up-to-date: /home/user/exchange/workspace/install/task_msgs/local/lib/python3.10/dist-packages/task_msgs/task_msgs_s__rosidl_typesupport_c.cpython-310-x86_64-linux-gnu.so
Listing '/home/user/exchange/workspace/install/task_msgs/local/lib/python3.10/dist-packages/task_msgs'...
Listing '/home/user/exchange/workspace/install/task_msgs/local/lib/python3.10/dist-packages/task_msgs/action'...
-- Up-to-date: /home/user/exchange/workspace/install/task_msgs/local/lib/python3.10/dist-packages/task_msgs/task_msgs_s__rosidl_typesupport_fastrtps_c.cpython-310-x86_64-linux-gnu.so
-- Up-to-date: /home/user/exchange/workspace/install/task_msgs/local/lib/python3.10/dist-packages/task_msgs/task_msgs_s__rosidl_typesupport_introspection_c.cpython-310-x86_64-linux-gnu.so
-- Up-to-date: /home/user/exchange/workspace/install/task_msgs/local/lib/python3.10/dist-packages/task_msgs/task_msgs_s__rosidl_typesupport_c.cpython-310-x86_64-linux-gnu.so
-- Up-to-date: /home/user/exchange/workspace/install/task_msgs/lib/libtask_msgs__rosidl_generator_py.so
-- Up-to-date: /home/user/exchange/workspace/install/task_msgs/share/task_msgs/action/TaskControl.idl
-- Up-to-date: /home/user/exchange/workspace/install/task_msgs/share/task_msgs/action/TaskControl.action
-- Up-to-date: /home/user/exchange/workspace/install/task_msgs/share/ament_index/resource_index/package_run_dependencies/task_msgs
-- Up-to-date: /home/user/exchange/workspace/install/task_msgs/share/ament_index/resource_index/parent_prefix_path/task_msgs
-- Up-to-date: /home/user/exchange/workspace/install/task_msgs/share/task_msgs/environment/ament_prefix_path.sh
-- Up-to-date: /home/user/exchange/workspace/install/task_msgs/share/task_msgs/environment/ament_prefix_path.dsv
-- Up-to-date: /home/user/exchange/workspace/install/task_msgs/share/task_msgs/environment/path.sh
-- Up-to-date: /home/user/exchange/workspace/install/task_msgs/share/task_msgs/environment/path.dsv
-- Up-to-date: /home/user/exchange/workspace/install/task_msgs/share/task_msgs/local_setup.bash
-- Up-to-date: /home/user/exchange/workspace/install/task_msgs/share/task_msgs/local_setup.sh
-- Up-to-date: /home/user/exchange/workspace/install/task_msgs/share/task_msgs/local_setup.zsh
-- Up-to-date: /home/user/exchange/workspace/install/task_msgs/share/task_msgs/local_setup.dsv
-- Installing: /home/user/exchange/workspace/install/task_msgs/share/task_msgs/package.dsv
-- Up-to-date: /home/user/exchange/workspace/install/task_msgs/share/ament_index/resource_index/packages/task_msgs
-- Up-to-date: /home/user/exchange/workspace/install/task_msgs/share/task_msgs/cmake/export_task_msgs__rosidl_generator_cExport.cmake
-- Up-to-date: /home/user/exchange/workspace/install/task_msgs/share/task_msgs/cmake/export_task_msgs__rosidl_generator_cExport-noconfig.cmake
-- Up-to-date: /home/user/exchange/workspace/install/task_msgs/share/task_msgs/cmake/export_task_msgs__rosidl_typesupport_fastrtps_cExport.cmake
-- Up-to-date: /home/user/exchange/workspace/install/task_msgs/share/task_msgs/cmake/export_task_msgs__rosidl_typesupport_fastrtps_cExport-noconfig.cmake
-- Up-to-date: /home/user/exchange/workspace/install/task_msgs/share/task_msgs/cmake/task_msgs__rosidl_typesupport_introspection_cExport.cmake
-- Up-to-date: /home/user/exchange/workspace/install/task_msgs/share/task_msgs/cmake/task_msgs__rosidl_typesupport_introspection_cExport-noconfig.cmake
-- Up-to-date: /home/user/exchange/workspace/install/task_msgs/share/task_msgs/cmake/task_msgs__rosidl_typesupport_cExport.cmake
-- Up-to-date: /home/user/exchange/workspace/install/task_msgs/share/task_msgs/cmake/task_msgs__rosidl_typesupport_cExport-noconfig.cmake
-- Up-to-date: /home/user/exchange/workspace/install/task_msgs/share/task_msgs/cmake/export_task_msgs__rosidl_generator_cppExport.cmake
-- Up-to-date: /home/user/exchange/workspace/install/task_msgs/share/task_msgs/cmake/export_task_msgs__rosidl_typesupport_fastrtps_cppExport.cmake
-- Up-to-date: /home/user/exchange/workspace/install/task_msgs/share/task_msgs/cmake/export_task_msgs__rosidl_typesupport_fastrtps_cppExport-noconfig.cmake
-- Up-to-date: /home/user/exchange/workspace/install/task_msgs/share/task_msgs/cmake/task_msgs__rosidl_typesupport_introspection_cppExport.cmake
-- Up-to-date: /home/user/exchange/workspace/install/task_msgs/share/task_msgs/cmake/task_msgs__rosidl_typesupport_introspection_cppExport-noconfig.cmake
-- Up-to-date: /home/user/exchange/workspace/install/task_msgs/share/task_msgs/cmake/task_msgs__rosidl_typesupport_cppExport.cmake
-- Up-to-date: /home/user/exchange/workspace/install/task_msgs/share/task_msgs/cmake/task_msgs__rosidl_typesupport_cppExport-noconfig.cmake
-- Up-to-date: /home/user/exchange/workspace/install/task_msgs/share/task_msgs/cmake/export_task_msgs__rosidl_generator_pyExport.cmake
-- Up-to-date: /home/user/exchange/workspace/install/task_msgs/share/task_msgs/cmake/export_task_msgs__rosidl_generator_pyExport-noconfig.cmake
-- Up-to-date: /home/user/exchange/workspace/install/task_msgs/share/task_msgs/cmake/rosidl_cmake-extras.cmake
-- Up-to-date: /home/user/exchange/workspace/install/task_msgs/share/task_msgs/cmake/ament_cmake_export_dependencies-extras.cmake
-- Up-to-date: /home/user/exchange/workspace/install/task_msgs/share/task_msgs/cmake/ament_cmake_export_include_directories-extras.cmake
-- Up-to-date: /home/user/exchange/workspace/install/task_msgs/share/task_msgs/cmake/ament_cmake_export_libraries-extras.cmake
-- Up-to-date: /home/user/exchange/workspace/install/task_msgs/share/task_msgs/cmake/ament_cmake_export_targets-extras.cmake
-- Up-to-date: /home/user/exchange/workspace/install/task_msgs/share/task_msgs/cmake/rosidl_cmake_export_typesupport_targets-extras.cmake
-- Up-to-date: /home/user/exchange/workspace/install/task_msgs/share/task_msgs/cmake/rosidl_cmake_export_typesupport_libraries-extras.cmake
-- Up-to-date: /home/user/exchange/workspace/install/task_msgs/share/task_msgs/cmake/task_msgsConfig.cmake
-- Up-to-date: /home/user/exchange/workspace/install/task_msgs/share/task_msgs/cmake/task_msgsConfig-version.cmake
-- Up-to-date: /home/user/exchange/workspace/install/task_msgs/share/task_msgs/package.xml
