[2.963s] Invoking command in '/home/user/exchange/workspace/src/planner_task': PYTHONPATH=/home/user/exchange/workspace/build/planner_task/prefix_override:/usr/lib/python3/dist-packages/colcon_core/task/python/colcon_distutils_commands:/home/user/exchange/workspace/install/planner_task/lib/python3.10/site-packages:${PYTHONPATH} /usr/bin/python3 -W ignore:setup.py install is deprecated -W ignore:easy_install command is deprecated setup.py egg_info --egg-base ../../build/planner_task build --build-base /home/user/exchange/workspace/build/planner_task/build install --record /home/user/exchange/workspace/build/planner_task/install.log --single-version-externally-managed install_data
[3.573s] running egg_info
[3.576s] writing ../../build/planner_task/planner_task.egg-info/PKG-INFO
[3.576s] writing dependency_links to ../../build/planner_task/planner_task.egg-info/dependency_links.txt
[3.577s] writing entry points to ../../build/planner_task/planner_task.egg-info/entry_points.txt
[3.580s] writing requirements to ../../build/planner_task/planner_task.egg-info/requires.txt
[3.580s] writing top-level names to ../../build/planner_task/planner_task.egg-info/top_level.txt
[3.580s] reading manifest file '../../build/planner_task/planner_task.egg-info/SOURCES.txt'
[3.581s] adding license file 'LICENSE'
[3.583s] writing manifest file '../../build/planner_task/planner_task.egg-info/SOURCES.txt'
[3.583s] running build
[3.583s] running build_py
[3.583s] running install
[3.583s] running install_lib
[3.589s] running install_data
[3.590s] running install_egg_info
[3.590s] removing '/home/user/exchange/workspace/install/planner_task/lib/python3.10/site-packages/planner_task-0.1.0-py3.10.egg-info' (and everything under it)
[3.590s] Copying ../../build/planner_task/planner_task.egg-info to /home/user/exchange/workspace/install/planner_task/lib/python3.10/site-packages/planner_task-0.1.0-py3.10.egg-info
[3.595s] running install_scripts
[3.624s] Installing start_task script to /home/user/exchange/workspace/install/planner_task/lib/planner_task
[3.625s] writing list of installed files to '/home/user/exchange/workspace/build/planner_task/install.log'
[3.665s] Invoked command in '/home/user/exchange/workspace/src/planner_task' returned '0': PYTHONPATH=/home/user/exchange/workspace/build/planner_task/prefix_override:/usr/lib/python3/dist-packages/colcon_core/task/python/colcon_distutils_commands:/home/user/exchange/workspace/install/planner_task/lib/python3.10/site-packages:${PYTHONPATH} /usr/bin/python3 -W ignore:setup.py install is deprecated -W ignore:easy_install command is deprecated setup.py egg_info --egg-base ../../build/planner_task build --build-base /home/user/exchange/workspace/build/planner_task/build install --record /home/user/exchange/workspace/build/planner_task/install.log --single-version-externally-managed install_data
