[3.647s] Invoking command in '/home/user/exchange/workspace/src/ui_task': PYTHONPATH=/home/user/exchange/workspace/build/ui_task/prefix_override:/usr/lib/python3/dist-packages/colcon_core/task/python/colcon_distutils_commands:/home/user/exchange/workspace/install/ui_task/lib/python3.10/site-packages:${PYTHONPATH} /usr/bin/python3 -W ignore:setup.py install is deprecated -W ignore:easy_install command is deprecated setup.py egg_info --egg-base ../../build/ui_task build --build-base /home/user/exchange/workspace/build/ui_task/build install --record /home/user/exchange/workspace/build/ui_task/install.log --single-version-externally-managed install_data
[4.077s] running egg_info
[4.078s] writing ../../build/ui_task/ui_task.egg-info/PKG-INFO
[4.078s] writing dependency_links to ../../build/ui_task/ui_task.egg-info/dependency_links.txt
[4.078s] writing entry points to ../../build/ui_task/ui_task.egg-info/entry_points.txt
[4.078s] writing requirements to ../../build/ui_task/ui_task.egg-info/requires.txt
[4.078s] writing top-level names to ../../build/ui_task/ui_task.egg-info/top_level.txt
[4.081s] reading manifest file '../../build/ui_task/ui_task.egg-info/SOURCES.txt'
[4.081s] adding license file 'LICENSE'
[4.083s] writing manifest file '../../build/ui_task/ui_task.egg-info/SOURCES.txt'
[4.083s] running build
[4.083s] running build_py
[4.083s] running install
[4.084s] running install_lib
[4.085s] running install_data
[4.086s] running install_egg_info
[4.089s] removing '/home/user/exchange/workspace/install/ui_task/lib/python3.10/site-packages/ui_task-0.1.0-py3.10.egg-info' (and everything under it)
[4.089s] Copying ../../build/ui_task/ui_task.egg-info to /home/user/exchange/workspace/install/ui_task/lib/python3.10/site-packages/ui_task-0.1.0-py3.10.egg-info
[4.090s] running install_scripts
[4.113s] Installing start_task script to /home/user/exchange/workspace/install/ui_task/lib/ui_task
[4.113s] writing list of installed files to '/home/user/exchange/workspace/build/ui_task/install.log'
[4.146s] Invoked command in '/home/user/exchange/workspace/src/ui_task' returned '0': PYTHONPATH=/home/user/exchange/workspace/build/ui_task/prefix_override:/usr/lib/python3/dist-packages/colcon_core/task/python/colcon_distutils_commands:/home/user/exchange/workspace/install/ui_task/lib/python3.10/site-packages:${PYTHONPATH} /usr/bin/python3 -W ignore:setup.py install is deprecated -W ignore:easy_install command is deprecated setup.py egg_info --egg-base ../../build/ui_task build --build-base /home/user/exchange/workspace/build/ui_task/build install --record /home/user/exchange/workspace/build/ui_task/install.log --single-version-externally-managed install_data
