[2.938s] Invoking command in '/home/user/exchange/workspace/src/chat_task': PYTHONPATH=/home/user/exchange/workspace/build/chat_task/prefix_override:/usr/lib/python3/dist-packages/colcon_core/task/python/colcon_distutils_commands:/home/user/exchange/workspace/install/chat_task/lib/python3.10/site-packages:${PYTHONPATH} /usr/bin/python3 -W ignore:setup.py install is deprecated -W ignore:easy_install command is deprecated setup.py egg_info --egg-base ../../build/chat_task build --build-base /home/user/exchange/workspace/build/chat_task/build install --record /home/user/exchange/workspace/build/chat_task/install.log --single-version-externally-managed install_data
[3.479s] running egg_info
[3.481s] writing ../../build/chat_task/chat_task.egg-info/PKG-INFO
[3.481s] writing dependency_links to ../../build/chat_task/chat_task.egg-info/dependency_links.txt
[3.482s] writing entry points to ../../build/chat_task/chat_task.egg-info/entry_points.txt
[3.482s] writing requirements to ../../build/chat_task/chat_task.egg-info/requires.txt
[3.482s] writing top-level names to ../../build/chat_task/chat_task.egg-info/top_level.txt
[3.485s] reading manifest file '../../build/chat_task/chat_task.egg-info/SOURCES.txt'
[3.487s] adding license file 'LICENSE'
[3.488s] writing manifest file '../../build/chat_task/chat_task.egg-info/SOURCES.txt'
[3.488s] running build
[3.488s] running build_py
[3.498s] running install
[3.499s] running install_lib
[3.501s] running install_data
[3.502s] running install_egg_info
[3.505s] removing '/home/user/exchange/workspace/install/chat_task/lib/python3.10/site-packages/chat_task-0.1.0-py3.10.egg-info' (and everything under it)
[3.506s] Copying ../../build/chat_task/chat_task.egg-info to /home/user/exchange/workspace/install/chat_task/lib/python3.10/site-packages/chat_task-0.1.0-py3.10.egg-info
[3.507s] running install_scripts
[3.550s] Installing start_task script to /home/user/exchange/workspace/install/chat_task/lib/chat_task
[3.550s] writing list of installed files to '/home/user/exchange/workspace/build/chat_task/install.log'
[3.616s] Invoked command in '/home/user/exchange/workspace/src/chat_task' returned '0': PYTHONPATH=/home/user/exchange/workspace/build/chat_task/prefix_override:/usr/lib/python3/dist-packages/colcon_core/task/python/colcon_distutils_commands:/home/user/exchange/workspace/install/chat_task/lib/python3.10/site-packages:${PYTHONPATH} /usr/bin/python3 -W ignore:setup.py install is deprecated -W ignore:easy_install command is deprecated setup.py egg_info --egg-base ../../build/chat_task build --build-base /home/user/exchange/workspace/build/chat_task/build install --record /home/user/exchange/workspace/build/chat_task/install.log --single-version-externally-managed install_data
