[3.642s] Invoking command in '/home/user/exchange/workspace/src/planner_task': PYTHONPATH=/home/user/exchange/workspace/build/planner_task/prefix_override:/usr/lib/python3/dist-packages/colcon_core/task/python/colcon_distutils_commands:/home/user/exchange/workspace/install/planner_task/lib/python3.10/site-packages:${PYTHONPATH} /usr/bin/python3 -W ignore:setup.py install is deprecated -W ignore:easy_install command is deprecated setup.py egg_info --egg-base ../../build/planner_task build --build-base /home/user/exchange/workspace/build/planner_task/build install --record /home/user/exchange/workspace/build/planner_task/install.log --single-version-externally-managed install_data
[3.966s] running egg_info
[3.967s] writing ../../build/planner_task/planner_task.egg-info/PKG-INFO
[3.968s] writing dependency_links to ../../build/planner_task/planner_task.egg-info/dependency_links.txt
[3.968s] writing entry points to ../../build/planner_task/planner_task.egg-info/entry_points.txt
[3.969s] writing requirements to ../../build/planner_task/planner_task.egg-info/requires.txt
[3.969s] writing top-level names to ../../build/planner_task/planner_task.egg-info/top_level.txt
[3.970s] reading manifest file '../../build/planner_task/planner_task.egg-info/SOURCES.txt'
[3.971s] adding license file 'LICENSE'
[3.972s] writing manifest file '../../build/planner_task/planner_task.egg-info/SOURCES.txt'
[3.972s] running build
[3.972s] running build_py
[3.972s] running install
[3.973s] running install_lib
[3.975s] running install_data
[3.976s] running install_egg_info
[3.979s] removing '/home/user/exchange/workspace/install/planner_task/lib/python3.10/site-packages/planner_task-0.1.0-py3.10.egg-info' (and everything under it)
[3.979s] Copying ../../build/planner_task/planner_task.egg-info to /home/user/exchange/workspace/install/planner_task/lib/python3.10/site-packages/planner_task-0.1.0-py3.10.egg-info
[3.980s] running install_scripts
[4.009s] Installing start_task script to /home/user/exchange/workspace/install/planner_task/lib/planner_task
[4.010s] writing list of installed files to '/home/user/exchange/workspace/build/planner_task/install.log'
[4.048s] Invoked command in '/home/user/exchange/workspace/src/planner_task' returned '0': PYTHONPATH=/home/user/exchange/workspace/build/planner_task/prefix_override:/usr/lib/python3/dist-packages/colcon_core/task/python/colcon_distutils_commands:/home/user/exchange/workspace/install/planner_task/lib/python3.10/site-packages:${PYTHONPATH} /usr/bin/python3 -W ignore:setup.py install is deprecated -W ignore:easy_install command is deprecated setup.py egg_info --egg-base ../../build/planner_task build --build-base /home/user/exchange/workspace/build/planner_task/build install --record /home/user/exchange/workspace/build/planner_task/install.log --single-version-externally-managed install_data
