[4.325s] Invoking command in '/home/user/exchange/workspace/src/planner_task': PYTHONPATH=/home/user/exchange/workspace/build/planner_task/prefix_override:/usr/lib/python3/dist-packages/colcon_core/task/python/colcon_distutils_commands:/home/user/exchange/workspace/install/planner_task/lib/python3.10/site-packages:${PYTHONPATH} /usr/bin/python3 -W ignore:setup.py install is deprecated -W ignore:easy_install command is deprecated setup.py egg_info --egg-base ../../build/planner_task build --build-base /home/user/exchange/workspace/build/planner_task/build install --record /home/user/exchange/workspace/build/planner_task/install.log --single-version-externally-managed install_data
[4.793s] running egg_info
[4.795s] writing ../../build/planner_task/planner_task.egg-info/PKG-INFO
[4.796s] writing dependency_links to ../../build/planner_task/planner_task.egg-info/dependency_links.txt
[4.797s] writing entry points to ../../build/planner_task/planner_task.egg-info/entry_points.txt
[4.797s] writing requirements to ../../build/planner_task/planner_task.egg-info/requires.txt
[4.798s] writing top-level names to ../../build/planner_task/planner_task.egg-info/top_level.txt
[4.801s] reading manifest file '../../build/planner_task/planner_task.egg-info/SOURCES.txt'
[4.802s] adding license file 'LICENSE'
[4.804s] writing manifest file '../../build/planner_task/planner_task.egg-info/SOURCES.txt'
[4.804s] running build
[4.804s] running build_py
[4.806s] running install
[4.807s] running install_lib
[4.809s] running install_data
[4.810s] running install_egg_info
[4.814s] removing '/home/user/exchange/workspace/install/planner_task/lib/python3.10/site-packages/planner_task-0.1.0-py3.10.egg-info' (and everything under it)
[4.815s] Copying ../../build/planner_task/planner_task.egg-info to /home/user/exchange/workspace/install/planner_task/lib/python3.10/site-packages/planner_task-0.1.0-py3.10.egg-info
[4.816s] running install_scripts
[4.848s] Installing start_task script to /home/user/exchange/workspace/install/planner_task/lib/planner_task
[4.848s] writing list of installed files to '/home/user/exchange/workspace/build/planner_task/install.log'
[4.882s] Invoked command in '/home/user/exchange/workspace/src/planner_task' returned '0': PYTHONPATH=/home/user/exchange/workspace/build/planner_task/prefix_override:/usr/lib/python3/dist-packages/colcon_core/task/python/colcon_distutils_commands:/home/user/exchange/workspace/install/planner_task/lib/python3.10/site-packages:${PYTHONPATH} /usr/bin/python3 -W ignore:setup.py install is deprecated -W ignore:easy_install command is deprecated setup.py egg_info --egg-base ../../build/planner_task build --build-base /home/user/exchange/workspace/build/planner_task/build install --record /home/user/exchange/workspace/build/planner_task/install.log --single-version-externally-managed install_data
