[2.890s] Invoking command in '/home/user/exchange/workspace/src/ui_task': PYTHONPATH=/home/user/exchange/workspace/build/ui_task/prefix_override:/usr/lib/python3/dist-packages/colcon_core/task/python/colcon_distutils_commands:/home/user/exchange/workspace/install/ui_task/lib/python3.10/site-packages:${PYTHONPATH} /usr/bin/python3 -W ignore:setup.py install is deprecated -W ignore:easy_install command is deprecated setup.py egg_info --egg-base ../../build/ui_task build --build-base /home/user/exchange/workspace/build/ui_task/build install --record /home/user/exchange/workspace/build/ui_task/install.log --single-version-externally-managed install_data
[3.215s] running egg_info
[3.222s] writing ../../build/ui_task/ui_task.egg-info/PKG-INFO
[3.222s] writing dependency_links to ../../build/ui_task/ui_task.egg-info/dependency_links.txt
[3.222s] writing entry points to ../../build/ui_task/ui_task.egg-info/entry_points.txt
[3.222s] writing requirements to ../../build/ui_task/ui_task.egg-info/requires.txt
[3.222s] writing top-level names to ../../build/ui_task/ui_task.egg-info/top_level.txt
[3.222s] reading manifest file '../../build/ui_task/ui_task.egg-info/SOURCES.txt'
[3.222s] adding license file 'LICENSE'
[3.224s] writing manifest file '../../build/ui_task/ui_task.egg-info/SOURCES.txt'
[3.224s] running build
[3.224s] running build_py
[3.225s] running install
[3.225s] running install_lib
[3.228s] running install_data
[3.230s] running install_egg_info
[3.233s] removing '/home/user/exchange/workspace/install/ui_task/lib/python3.10/site-packages/ui_task-0.1.0-py3.10.egg-info' (and everything under it)
[3.233s] Copying ../../build/ui_task/ui_task.egg-info to /home/user/exchange/workspace/install/ui_task/lib/python3.10/site-packages/ui_task-0.1.0-py3.10.egg-info
[3.234s] running install_scripts
[3.263s] Installing start_task script to /home/user/exchange/workspace/install/ui_task/lib/ui_task
[3.263s] writing list of installed files to '/home/user/exchange/workspace/build/ui_task/install.log'
[3.304s] Invoked command in '/home/user/exchange/workspace/src/ui_task' returned '0': PYTHONPATH=/home/user/exchange/workspace/build/ui_task/prefix_override:/usr/lib/python3/dist-packages/colcon_core/task/python/colcon_distutils_commands:/home/user/exchange/workspace/install/ui_task/lib/python3.10/site-packages:${PYTHONPATH} /usr/bin/python3 -W ignore:setup.py install is deprecated -W ignore:easy_install command is deprecated setup.py egg_info --egg-base ../../build/ui_task build --build-base /home/user/exchange/workspace/build/ui_task/build install --record /home/user/exchange/workspace/build/ui_task/install.log --single-version-externally-managed install_data
