[2.701s] Invoking command in '/home/user/exchange/workspace/src/sample_gui_task': PYTHONPATH=/home/user/exchange/workspace/build/sample_gui_task/prefix_override:/usr/lib/python3/dist-packages/colcon_core/task/python/colcon_distutils_commands:/home/user/exchange/workspace/install/sample_gui_task/lib/python3.10/site-packages:${PYTHONPATH} /usr/bin/python3 -W ignore:setup.py install is deprecated -W ignore:easy_install command is deprecated setup.py egg_info --egg-base ../../build/sample_gui_task build --build-base /home/user/exchange/workspace/build/sample_gui_task/build install --record /home/user/exchange/workspace/build/sample_gui_task/install.log --single-version-externally-managed install_data
[3.345s] running egg_info
[3.348s] writing ../../build/sample_gui_task/sample_gui_task.egg-info/PKG-INFO
[3.349s] writing dependency_links to ../../build/sample_gui_task/sample_gui_task.egg-info/dependency_links.txt
[3.349s] writing entry points to ../../build/sample_gui_task/sample_gui_task.egg-info/entry_points.txt
[3.350s] writing requirements to ../../build/sample_gui_task/sample_gui_task.egg-info/requires.txt
[3.351s] writing top-level names to ../../build/sample_gui_task/sample_gui_task.egg-info/top_level.txt
[3.352s] reading manifest file '../../build/sample_gui_task/sample_gui_task.egg-info/SOURCES.txt'
[3.353s] adding license file 'LICENSE'
[3.354s] writing manifest file '../../build/sample_gui_task/sample_gui_task.egg-info/SOURCES.txt'
[3.354s] running build
[3.355s] running build_py
[3.356s] running install
[3.357s] running install_lib
[3.358s] running install_data
[3.358s] running install_egg_info
[3.360s] removing '/home/user/exchange/workspace/install/sample_gui_task/lib/python3.10/site-packages/sample_gui_task-0.1.0-py3.10.egg-info' (and everything under it)
[3.361s] Copying ../../build/sample_gui_task/sample_gui_task.egg-info to /home/user/exchange/workspace/install/sample_gui_task/lib/python3.10/site-packages/sample_gui_task-0.1.0-py3.10.egg-info
[3.362s] running install_scripts
[3.400s] Installing start_task script to /home/user/exchange/workspace/install/sample_gui_task/lib/sample_gui_task
[3.401s] writing list of installed files to '/home/user/exchange/workspace/build/sample_gui_task/install.log'
[3.460s] Invoked command in '/home/user/exchange/workspace/src/sample_gui_task' returned '0': PYTHONPATH=/home/user/exchange/workspace/build/sample_gui_task/prefix_override:/usr/lib/python3/dist-packages/colcon_core/task/python/colcon_distutils_commands:/home/user/exchange/workspace/install/sample_gui_task/lib/python3.10/site-packages:${PYTHONPATH} /usr/bin/python3 -W ignore:setup.py install is deprecated -W ignore:easy_install command is deprecated setup.py egg_info --egg-base ../../build/sample_gui_task build --build-base /home/user/exchange/workspace/build/sample_gui_task/build install --record /home/user/exchange/workspace/build/sample_gui_task/install.log --single-version-externally-managed install_data
