running egg_info
creating ../../build/mission_controller/mission_controller.egg-info
writing ../../build/mission_controller/mission_controller.egg-info/PKG-INFO
writing dependency_links to ../../build/mission_controller/mission_controller.egg-info/dependency_links.txt
writing entry points to ../../build/mission_controller/mission_controller.egg-info/entry_points.txt
writing requirements to ../../build/mission_controller/mission_controller.egg-info/requires.txt
writing top-level names to ../../build/mission_controller/mission_controller.egg-info/top_level.txt
writing manifest file '../../build/mission_controller/mission_controller.egg-info/SOURCES.txt'
reading manifest file '../../build/mission_controller/mission_controller.egg-info/SOURCES.txt'
adding license file 'LICENSE'
writing manifest file '../../build/mission_controller/mission_controller.egg-info/SOURCES.txt'
running build
running build_py
creating /home/user/exchange/workspace/build/mission_controller/build
creating /home/user/exchange/workspace/build/mission_controller/build/lib
creating /home/user/exchange/workspace/build/mission_controller/build/lib/mission_controller
copying mission_controller/__init__.py -> /home/user/exchange/workspace/build/mission_controller/build/lib/mission_controller
copying mission_controller/mission_controller.py -> /home/user/exchange/workspace/build/mission_controller/build/lib/mission_controller
copying mission_controller/i18n.py -> /home/user/exchange/workspace/build/mission_controller/build/lib/mission_controller
copying mission_controller/run_app.py -> /home/user/exchange/workspace/build/mission_controller/build/lib/mission_controller
running install
running install_lib
creating /home/user/exchange/workspace/install/mission_controller/lib/python3.10/site-packages/mission_controller
copying /home/user/exchange/workspace/build/mission_controller/build/lib/mission_controller/__init__.py -> /home/user/exchange/workspace/install/mission_controller/lib/python3.10/site-packages/mission_controller
copying /home/user/exchange/workspace/build/mission_controller/build/lib/mission_controller/mission_controller.py -> /home/user/exchange/workspace/install/mission_controller/lib/python3.10/site-packages/mission_controller
copying /home/user/exchange/workspace/build/mission_controller/build/lib/mission_controller/i18n.py -> /home/user/exchange/workspace/install/mission_controller/lib/python3.10/site-packages/mission_controller
copying /home/user/exchange/workspace/build/mission_controller/build/lib/mission_controller/run_app.py -> /home/user/exchange/workspace/install/mission_controller/lib/python3.10/site-packages/mission_controller
byte-compiling /home/user/exchange/workspace/install/mission_controller/lib/python3.10/site-packages/mission_controller/__init__.py to __init__.cpython-310.pyc
byte-compiling /home/user/exchange/workspace/install/mission_controller/lib/python3.10/site-packages/mission_controller/mission_controller.py to mission_controller.cpython-310.pyc
byte-compiling /home/user/exchange/workspace/install/mission_controller/lib/python3.10/site-packages/mission_controller/i18n.py to i18n.cpython-310.pyc
byte-compiling /home/user/exchange/workspace/install/mission_controller/lib/python3.10/site-packages/mission_controller/run_app.py to run_app.cpython-310.pyc
running install_data
copying package.xml -> /home/user/exchange/workspace/install/mission_controller/share/mission_controller
creating /home/user/exchange/workspace/install/mission_controller/share/ament_index
creating /home/user/exchange/workspace/install/mission_controller/share/ament_index/resource_index
creating /home/user/exchange/workspace/install/mission_controller/share/ament_index/resource_index/packages
copying res/mission_controller -> /home/user/exchange/workspace/install/mission_controller/share/ament_index/resource_index/packages
creating /home/user/exchange/workspace/install/mission_controller/share/ament_index/resource_index/pal_system_module
copying res/module/mission_controller -> /home/user/exchange/workspace/install/mission_controller/share/ament_index/resource_index/pal_system_module
creating /home/user/exchange/workspace/install/mission_controller/share/mission_controller/launch
copying launch/mission_controller.launch.py -> /home/user/exchange/workspace/install/mission_controller/share/mission_controller/launch
creating /home/user/exchange/workspace/install/mission_controller/share/mission_controller/module
copying res/module/mission_controller_module.yaml -> /home/user/exchange/workspace/install/mission_controller/share/mission_controller/module
creating /home/user/exchange/workspace/install/mission_controller/share/ament_index/resource_index/i18n.localized_nodes
copying res/localized_nodes/mission_controller -> /home/user/exchange/workspace/install/mission_controller/share/ament_index/resource_index/i18n.localized_nodes
creating /home/user/exchange/workspace/install/mission_controller/share/mission_controller/locales
creating /home/user/exchange/workspace/install/mission_controller/share/mission_controller/locales/es_ES
creating /home/user/exchange/workspace/install/mission_controller/share/mission_controller/locales/es_ES/LC_MESSAGES
copying locales/es_ES/LC_MESSAGES/messages.mo -> /home/user/exchange/workspace/install/mission_controller/share/mission_controller/locales/es_ES/LC_MESSAGES
creating /home/user/exchange/workspace/install/mission_controller/share/mission_controller/locales/en_US
creating /home/user/exchange/workspace/install/mission_controller/share/mission_controller/locales/en_US/LC_MESSAGES
copying locales/en_US/LC_MESSAGES/messages.mo -> /home/user/exchange/workspace/install/mission_controller/share/mission_controller/locales/en_US/LC_MESSAGES
creating /home/user/exchange/workspace/install/mission_controller/share/mission_controller/ui
copying res/ui/mission_controller.qmlproject -> /home/user/exchange/workspace/install/mission_controller/share/mission_controller/ui/.
copying res/ui/.gitignore -> /home/user/exchange/workspace/install/mission_controller/share/mission_controller/ui/.
copying res/ui/IconButton.ui.qml -> /home/user/exchange/workspace/install/mission_controller/share/mission_controller/ui/.
copying res/ui/README.md -> /home/user/exchange/workspace/install/mission_controller/share/mission_controller/ui/.
copying res/ui/MainPage.qml -> /home/user/exchange/workspace/install/mission_controller/share/mission_controller/ui/.
copying res/ui/AppUI.qml -> /home/user/exchange/workspace/install/mission_controller/share/mission_controller/ui/.
copying res/ui/qmldir -> /home/user/exchange/workspace/install/mission_controller/share/mission_controller/ui/.
creating /home/user/exchange/workspace/install/mission_controller/share/mission_controller/ui/Ros
copying res/ui/Ros/Param.qml -> /home/user/exchange/workspace/install/mission_controller/share/mission_controller/ui/Ros
copying res/ui/Ros/Topic.qml -> /home/user/exchange/workspace/install/mission_controller/share/mission_controller/ui/Ros
copying res/ui/Ros/Service.qml -> /home/user/exchange/workspace/install/mission_controller/share/mission_controller/ui/Ros
copying res/ui/Ros/qmldir -> /home/user/exchange/workspace/install/mission_controller/share/mission_controller/ui/Ros
copying res/ui/Ros/Action.qml -> /home/user/exchange/workspace/install/mission_controller/share/mission_controller/ui/Ros
creating /home/user/exchange/workspace/install/mission_controller/share/mission_controller/ui/fonts
copying res/ui/fonts/Inter.ttf -> /home/user/exchange/workspace/install/mission_controller/share/mission_controller/ui/fonts
creating /home/user/exchange/workspace/install/mission_controller/share/mission_controller/ui/js
copying res/ui/js/Constants.js -> /home/user/exchange/workspace/install/mission_controller/share/mission_controller/ui/js
creating /home/user/exchange/workspace/install/mission_controller/share/mission_controller/ui/images
copying res/ui/images/main.png -> /home/user/exchange/workspace/install/mission_controller/share/mission_controller/ui/images
copying res/ui/images/wallpaper.jpg -> /home/user/exchange/workspace/install/mission_controller/share/mission_controller/ui/images
copying res/ui/images/push.svg -> /home/user/exchange/workspace/install/mission_controller/share/mission_controller/ui/images
copying res/ui/images/back.svg -> /home/user/exchange/workspace/install/mission_controller/share/mission_controller/ui/images
copying res/ui/images/robot-love.svg -> /home/user/exchange/workspace/install/mission_controller/share/mission_controller/ui/images
running install_egg_info
Copying ../../build/mission_controller/mission_controller.egg-info to /home/user/exchange/workspace/install/mission_controller/lib/python3.10/site-packages/mission_controller-0.1.0-py3.10.egg-info
running install_scripts
Installing run_app script to /home/user/exchange/workspace/install/mission_controller/lib/mission_controller
writing list of installed files to '/home/user/exchange/workspace/build/mission_controller/install.log'
