[2.201s] Invoking command in '/home/user/exchange/workspace/src/mission_controller': AMENT_PREFIX_PATH=/home/user/exchange/workspace/install/task_msgs:${AMENT_PREFIX_PATH} CMAKE_PREFIX_PATH=/home/user/exchange/workspace/install/task_msgs LD_LIBRARY_PATH=/home/user/exchange/workspace/install/task_msgs/lib:${LD_LIBRARY_PATH} PYTHONPATH=/home/user/exchange/workspace/build/mission_controller/prefix_override:/usr/lib/python3/dist-packages/colcon_core/task/python/colcon_distutils_commands:/home/user/exchange/workspace/install/mission_controller/lib/python3.10/site-packages:/home/user/exchange/workspace/install/task_msgs/local/lib/python3.10/dist-packages:${PYTHONPATH} /usr/bin/python3 -W ignore:setup.py install is deprecated -W ignore:easy_install command is deprecated setup.py egg_info --egg-base ../../build/mission_controller build --build-base /home/user/exchange/workspace/build/mission_controller/build install --record /home/user/exchange/workspace/build/mission_controller/install.log --single-version-externally-managed install_data
[2.900s] running egg_info
[2.900s] creating ../../build/mission_controller/mission_controller.egg-info
[2.900s] writing ../../build/mission_controller/mission_controller.egg-info/PKG-INFO
[2.901s] writing dependency_links to ../../build/mission_controller/mission_controller.egg-info/dependency_links.txt
[2.901s] writing entry points to ../../build/mission_controller/mission_controller.egg-info/entry_points.txt
[2.901s] writing requirements to ../../build/mission_controller/mission_controller.egg-info/requires.txt
[2.901s] writing top-level names to ../../build/mission_controller/mission_controller.egg-info/top_level.txt
[2.901s] writing manifest file '../../build/mission_controller/mission_controller.egg-info/SOURCES.txt'
[2.903s] reading manifest file '../../build/mission_controller/mission_controller.egg-info/SOURCES.txt'
[2.903s] adding license file 'LICENSE'
[2.904s] writing manifest file '../../build/mission_controller/mission_controller.egg-info/SOURCES.txt'
[2.904s] running build
[2.904s] running build_py
[2.904s] creating /home/user/exchange/workspace/build/mission_controller/build
[2.904s] creating /home/user/exchange/workspace/build/mission_controller/build/lib
[2.904s] creating /home/user/exchange/workspace/build/mission_controller/build/lib/mission_controller
[2.904s] copying mission_controller/__init__.py -> /home/user/exchange/workspace/build/mission_controller/build/lib/mission_controller
[2.904s] copying mission_controller/mission_controller.py -> /home/user/exchange/workspace/build/mission_controller/build/lib/mission_controller
[2.905s] copying mission_controller/i18n.py -> /home/user/exchange/workspace/build/mission_controller/build/lib/mission_controller
[2.905s] copying mission_controller/run_app.py -> /home/user/exchange/workspace/build/mission_controller/build/lib/mission_controller
[2.905s] running install
[2.905s] running install_lib
[2.906s] creating /home/user/exchange/workspace/install/mission_controller/lib/python3.10/site-packages/mission_controller
[2.906s] copying /home/user/exchange/workspace/build/mission_controller/build/lib/mission_controller/__init__.py -> /home/user/exchange/workspace/install/mission_controller/lib/python3.10/site-packages/mission_controller
[2.906s] copying /home/user/exchange/workspace/build/mission_controller/build/lib/mission_controller/mission_controller.py -> /home/user/exchange/workspace/install/mission_controller/lib/python3.10/site-packages/mission_controller
[2.907s] copying /home/user/exchange/workspace/build/mission_controller/build/lib/mission_controller/i18n.py -> /home/user/exchange/workspace/install/mission_controller/lib/python3.10/site-packages/mission_controller
[2.907s] copying /home/user/exchange/workspace/build/mission_controller/build/lib/mission_controller/run_app.py -> /home/user/exchange/workspace/install/mission_controller/lib/python3.10/site-packages/mission_controller
[2.907s] byte-compiling /home/user/exchange/workspace/install/mission_controller/lib/python3.10/site-packages/mission_controller/__init__.py to __init__.cpython-310.pyc
[2.908s] byte-compiling /home/user/exchange/workspace/install/mission_controller/lib/python3.10/site-packages/mission_controller/mission_controller.py to mission_controller.cpython-310.pyc
[2.911s] byte-compiling /home/user/exchange/workspace/install/mission_controller/lib/python3.10/site-packages/mission_controller/i18n.py to i18n.cpython-310.pyc
[2.912s] byte-compiling /home/user/exchange/workspace/install/mission_controller/lib/python3.10/site-packages/mission_controller/run_app.py to run_app.cpython-310.pyc
[2.912s] running install_data
[2.912s] copying package.xml -> /home/user/exchange/workspace/install/mission_controller/share/mission_controller
[2.912s] creating /home/user/exchange/workspace/install/mission_controller/share/ament_index
[2.913s] creating /home/user/exchange/workspace/install/mission_controller/share/ament_index/resource_index
[2.913s] creating /home/user/exchange/workspace/install/mission_controller/share/ament_index/resource_index/packages
[2.913s] copying res/mission_controller -> /home/user/exchange/workspace/install/mission_controller/share/ament_index/resource_index/packages
[2.913s] creating /home/user/exchange/workspace/install/mission_controller/share/ament_index/resource_index/pal_system_module
[2.913s] copying res/module/mission_controller -> /home/user/exchange/workspace/install/mission_controller/share/ament_index/resource_index/pal_system_module
[2.913s] creating /home/user/exchange/workspace/install/mission_controller/share/mission_controller/launch
[2.913s] copying launch/mission_controller.launch.py -> /home/user/exchange/workspace/install/mission_controller/share/mission_controller/launch
[2.913s] creating /home/user/exchange/workspace/install/mission_controller/share/mission_controller/module
[2.914s] copying res/module/mission_controller_module.yaml -> /home/user/exchange/workspace/install/mission_controller/share/mission_controller/module
[2.914s] creating /home/user/exchange/workspace/install/mission_controller/share/ament_index/resource_index/i18n.localized_nodes
[2.914s] copying res/localized_nodes/mission_controller -> /home/user/exchange/workspace/install/mission_controller/share/ament_index/resource_index/i18n.localized_nodes
[2.914s] creating /home/user/exchange/workspace/install/mission_controller/share/mission_controller/locales
[2.914s] creating /home/user/exchange/workspace/install/mission_controller/share/mission_controller/locales/es_ES
[2.915s] creating /home/user/exchange/workspace/install/mission_controller/share/mission_controller/locales/es_ES/LC_MESSAGES
[2.915s] copying locales/es_ES/LC_MESSAGES/messages.mo -> /home/user/exchange/workspace/install/mission_controller/share/mission_controller/locales/es_ES/LC_MESSAGES
[2.915s] creating /home/user/exchange/workspace/install/mission_controller/share/mission_controller/locales/en_US
[2.915s] creating /home/user/exchange/workspace/install/mission_controller/share/mission_controller/locales/en_US/LC_MESSAGES
[2.915s] copying locales/en_US/LC_MESSAGES/messages.mo -> /home/user/exchange/workspace/install/mission_controller/share/mission_controller/locales/en_US/LC_MESSAGES
[2.915s] creating /home/user/exchange/workspace/install/mission_controller/share/mission_controller/ui
[2.915s] copying res/ui/mission_controller.qmlproject -> /home/user/exchange/workspace/install/mission_controller/share/mission_controller/ui/.
[2.915s] copying res/ui/.gitignore -> /home/user/exchange/workspace/install/mission_controller/share/mission_controller/ui/.
[2.916s] copying res/ui/IconButton.ui.qml -> /home/user/exchange/workspace/install/mission_controller/share/mission_controller/ui/.
[2.916s] copying res/ui/README.md -> /home/user/exchange/workspace/install/mission_controller/share/mission_controller/ui/.
[2.916s] copying res/ui/MainPage.qml -> /home/user/exchange/workspace/install/mission_controller/share/mission_controller/ui/.
[2.916s] copying res/ui/AppUI.qml -> /home/user/exchange/workspace/install/mission_controller/share/mission_controller/ui/.
[2.917s] copying res/ui/qmldir -> /home/user/exchange/workspace/install/mission_controller/share/mission_controller/ui/.
[2.917s] creating /home/user/exchange/workspace/install/mission_controller/share/mission_controller/ui/Ros
[2.917s] copying res/ui/Ros/Param.qml -> /home/user/exchange/workspace/install/mission_controller/share/mission_controller/ui/Ros
[2.917s] copying res/ui/Ros/Topic.qml -> /home/user/exchange/workspace/install/mission_controller/share/mission_controller/ui/Ros
[2.918s] copying res/ui/Ros/Service.qml -> /home/user/exchange/workspace/install/mission_controller/share/mission_controller/ui/Ros
[2.918s] copying res/ui/Ros/qmldir -> /home/user/exchange/workspace/install/mission_controller/share/mission_controller/ui/Ros
[2.918s] copying res/ui/Ros/Action.qml -> /home/user/exchange/workspace/install/mission_controller/share/mission_controller/ui/Ros
[2.918s] creating /home/user/exchange/workspace/install/mission_controller/share/mission_controller/ui/fonts
[2.919s] copying res/ui/fonts/Inter.ttf -> /home/user/exchange/workspace/install/mission_controller/share/mission_controller/ui/fonts
[2.921s] creating /home/user/exchange/workspace/install/mission_controller/share/mission_controller/ui/js
[2.921s] copying res/ui/js/Constants.js -> /home/user/exchange/workspace/install/mission_controller/share/mission_controller/ui/js
[2.922s] creating /home/user/exchange/workspace/install/mission_controller/share/mission_controller/ui/images
[2.922s] copying res/ui/images/main.png -> /home/user/exchange/workspace/install/mission_controller/share/mission_controller/ui/images
[2.925s] copying res/ui/images/wallpaper.jpg -> /home/user/exchange/workspace/install/mission_controller/share/mission_controller/ui/images
[2.926s] copying res/ui/images/push.svg -> /home/user/exchange/workspace/install/mission_controller/share/mission_controller/ui/images
[2.926s] copying res/ui/images/back.svg -> /home/user/exchange/workspace/install/mission_controller/share/mission_controller/ui/images
[2.926s] copying res/ui/images/robot-love.svg -> /home/user/exchange/workspace/install/mission_controller/share/mission_controller/ui/images
[2.926s] running install_egg_info
[2.929s] Copying ../../build/mission_controller/mission_controller.egg-info to /home/user/exchange/workspace/install/mission_controller/lib/python3.10/site-packages/mission_controller-0.1.0-py3.10.egg-info
[2.929s] running install_scripts
[2.948s] Installing run_app script to /home/user/exchange/workspace/install/mission_controller/lib/mission_controller
[2.948s] writing list of installed files to '/home/user/exchange/workspace/build/mission_controller/install.log'
[2.985s] Invoked command in '/home/user/exchange/workspace/src/mission_controller' returned '0': AMENT_PREFIX_PATH=/home/user/exchange/workspace/install/task_msgs:${AMENT_PREFIX_PATH} CMAKE_PREFIX_PATH=/home/user/exchange/workspace/install/task_msgs LD_LIBRARY_PATH=/home/user/exchange/workspace/install/task_msgs/lib:${LD_LIBRARY_PATH} PYTHONPATH=/home/user/exchange/workspace/build/mission_controller/prefix_override:/usr/lib/python3/dist-packages/colcon_core/task/python/colcon_distutils_commands:/home/user/exchange/workspace/install/mission_controller/lib/python3.10/site-packages:/home/user/exchange/workspace/install/task_msgs/local/lib/python3.10/dist-packages:${PYTHONPATH} /usr/bin/python3 -W ignore:setup.py install is deprecated -W ignore:easy_install command is deprecated setup.py egg_info --egg-base ../../build/mission_controller build --build-base /home/user/exchange/workspace/build/mission_controller/build install --record /home/user/exchange/workspace/build/mission_controller/install.log --single-version-externally-managed install_data
