[2.308s] Invoking command in '/home/user/exchange/workspace/src/ui_task': AMENT_PREFIX_PATH=/home/user/exchange/workspace/install/task_msgs:${AMENT_PREFIX_PATH} CMAKE_PREFIX_PATH=/home/user/exchange/workspace/install/task_msgs LD_LIBRARY_PATH=/home/user/exchange/workspace/install/task_msgs/lib:${LD_LIBRARY_PATH} PYTHONPATH=/home/user/exchange/workspace/build/ui_task/prefix_override:/usr/lib/python3/dist-packages/colcon_core/task/python/colcon_distutils_commands:/home/user/exchange/workspace/install/ui_task/lib/python3.10/site-packages:/home/user/exchange/workspace/install/task_msgs/local/lib/python3.10/dist-packages:${PYTHONPATH} /usr/bin/python3 -W ignore:setup.py install is deprecated -W ignore:easy_install command is deprecated setup.py egg_info --egg-base ../../build/ui_task build --build-base /home/user/exchange/workspace/build/ui_task/build install --record /home/user/exchange/workspace/build/ui_task/install.log --single-version-externally-managed install_data
[2.554s] running egg_info
[2.558s] writing ../../build/ui_task/ui_task.egg-info/PKG-INFO
[2.558s] writing dependency_links to ../../build/ui_task/ui_task.egg-info/dependency_links.txt
[2.558s] writing entry points to ../../build/ui_task/ui_task.egg-info/entry_points.txt
[2.558s] writing requirements to ../../build/ui_task/ui_task.egg-info/requires.txt
[2.558s] writing top-level names to ../../build/ui_task/ui_task.egg-info/top_level.txt
[2.565s] reading manifest file '../../build/ui_task/ui_task.egg-info/SOURCES.txt'
[2.565s] adding license file 'LICENSE'
[2.565s] writing manifest file '../../build/ui_task/ui_task.egg-info/SOURCES.txt'
[2.565s] running build
[2.565s] running build_py
[2.565s] running install
[2.565s] running install_lib
[2.566s] running install_data
[2.566s] running install_egg_info
[2.568s] removing '/home/user/exchange/workspace/install/ui_task/lib/python3.10/site-packages/ui_task-0.1.0-py3.10.egg-info' (and everything under it)
[2.569s] Copying ../../build/ui_task/ui_task.egg-info to /home/user/exchange/workspace/install/ui_task/lib/python3.10/site-packages/ui_task-0.1.0-py3.10.egg-info
[2.570s] running install_scripts
[2.592s] Installing start_task script to /home/user/exchange/workspace/install/ui_task/lib/ui_task
[2.593s] writing list of installed files to '/home/user/exchange/workspace/build/ui_task/install.log'
[2.635s] Invoked command in '/home/user/exchange/workspace/src/ui_task' returned '0': AMENT_PREFIX_PATH=/home/user/exchange/workspace/install/task_msgs:${AMENT_PREFIX_PATH} CMAKE_PREFIX_PATH=/home/user/exchange/workspace/install/task_msgs LD_LIBRARY_PATH=/home/user/exchange/workspace/install/task_msgs/lib:${LD_LIBRARY_PATH} PYTHONPATH=/home/user/exchange/workspace/build/ui_task/prefix_override:/usr/lib/python3/dist-packages/colcon_core/task/python/colcon_distutils_commands:/home/user/exchange/workspace/install/ui_task/lib/python3.10/site-packages:/home/user/exchange/workspace/install/task_msgs/local/lib/python3.10/dist-packages:${PYTHONPATH} /usr/bin/python3 -W ignore:setup.py install is deprecated -W ignore:easy_install command is deprecated setup.py egg_info --egg-base ../../build/ui_task build --build-base /home/user/exchange/workspace/build/ui_task/build install --record /home/user/exchange/workspace/build/ui_task/install.log --single-version-externally-managed install_data
