[3.831s] Invoking command in '/home/user/exchange/workspace/src/mission_controller': PYTHONPATH=/home/user/exchange/workspace/build/mission_controller/prefix_override:/usr/lib/python3/dist-packages/colcon_core/task/python/colcon_distutils_commands:/home/user/exchange/workspace/install/mission_controller/lib/python3.10/site-packages:${PYTHONPATH} /usr/bin/python3 -W ignore:setup.py install is deprecated -W ignore:easy_install command is deprecated setup.py egg_info --egg-base ../../build/mission_controller build --build-base /home/user/exchange/workspace/build/mission_controller/build install --record /home/user/exchange/workspace/build/mission_controller/install.log --single-version-externally-managed install_data
[4.384s] running egg_info
[4.384s] writing ../../build/mission_controller/mission_controller.egg-info/PKG-INFO
[4.385s] writing dependency_links to ../../build/mission_controller/mission_controller.egg-info/dependency_links.txt
[4.385s] writing entry points to ../../build/mission_controller/mission_controller.egg-info/entry_points.txt
[4.385s] writing requirements to ../../build/mission_controller/mission_controller.egg-info/requires.txt
[4.385s] writing top-level names to ../../build/mission_controller/mission_controller.egg-info/top_level.txt
[4.388s] reading manifest file '../../build/mission_controller/mission_controller.egg-info/SOURCES.txt'
[4.388s] adding license file 'LICENSE'
[4.389s] writing manifest file '../../build/mission_controller/mission_controller.egg-info/SOURCES.txt'
[4.389s] running build
[4.389s] running build_py
[4.390s] running install
[4.390s] running install_lib
[4.392s] running install_data
[4.392s] copying locales/es_ES/LC_MESSAGES/messages.mo -> /home/user/exchange/workspace/install/mission_controller/share/mission_controller/locales/es_ES/LC_MESSAGES
[4.393s] copying locales/en_US/LC_MESSAGES/messages.mo -> /home/user/exchange/workspace/install/mission_controller/share/mission_controller/locales/en_US/LC_MESSAGES
[4.394s] running install_egg_info
[4.396s] removing '/home/user/exchange/workspace/install/mission_controller/lib/python3.10/site-packages/mission_controller-0.1.0-py3.10.egg-info' (and everything under it)
[4.396s] Copying ../../build/mission_controller/mission_controller.egg-info to /home/user/exchange/workspace/install/mission_controller/lib/python3.10/site-packages/mission_controller-0.1.0-py3.10.egg-info
[4.397s] running install_scripts
[4.412s] Installing run_app script to /home/user/exchange/workspace/install/mission_controller/lib/mission_controller
[4.412s] writing list of installed files to '/home/user/exchange/workspace/build/mission_controller/install.log'
[4.439s] Invoked command in '/home/user/exchange/workspace/src/mission_controller' returned '0': PYTHONPATH=/home/user/exchange/workspace/build/mission_controller/prefix_override:/usr/lib/python3/dist-packages/colcon_core/task/python/colcon_distutils_commands:/home/user/exchange/workspace/install/mission_controller/lib/python3.10/site-packages:${PYTHONPATH} /usr/bin/python3 -W ignore:setup.py install is deprecated -W ignore:easy_install command is deprecated setup.py egg_info --egg-base ../../build/mission_controller build --build-base /home/user/exchange/workspace/build/mission_controller/build install --record /home/user/exchange/workspace/build/mission_controller/install.log --single-version-externally-managed install_data
