[4.151s] Invoking command in '/home/user/exchange/workspace/src/sample_gui_task': PYTHONPATH=/home/user/exchange/workspace/build/sample_gui_task/prefix_override:/usr/lib/python3/dist-packages/colcon_core/task/python/colcon_distutils_commands:/home/user/exchange/workspace/install/sample_gui_task/lib/python3.10/site-packages:${PYTHONPATH} /usr/bin/python3 -W ignore:setup.py install is deprecated -W ignore:easy_install command is deprecated setup.py egg_info --egg-base ../../build/sample_gui_task build --build-base /home/user/exchange/workspace/build/sample_gui_task/build install --record /home/user/exchange/workspace/build/sample_gui_task/install.log --single-version-externally-managed install_data
[4.699s] running egg_info
[4.700s] writing ../../build/sample_gui_task/sample_gui_task.egg-info/PKG-INFO
[4.700s] writing dependency_links to ../../build/sample_gui_task/sample_gui_task.egg-info/dependency_links.txt
[4.700s] writing entry points to ../../build/sample_gui_task/sample_gui_task.egg-info/entry_points.txt
[4.700s] writing requirements to ../../build/sample_gui_task/sample_gui_task.egg-info/requires.txt
[4.700s] writing top-level names to ../../build/sample_gui_task/sample_gui_task.egg-info/top_level.txt
[4.700s] reading manifest file '../../build/sample_gui_task/sample_gui_task.egg-info/SOURCES.txt'
[4.700s] adding license file 'LICENSE'
[4.705s] writing manifest file '../../build/sample_gui_task/sample_gui_task.egg-info/SOURCES.txt'
[4.706s] running build
[4.706s] running build_py
[4.706s] running install
[4.706s] running install_lib
[4.706s] running install_data
[4.706s] running install_egg_info
[4.710s] removing '/home/user/exchange/workspace/install/sample_gui_task/lib/python3.10/site-packages/sample_gui_task-0.1.0-py3.10.egg-info' (and everything under it)
[4.711s] Copying ../../build/sample_gui_task/sample_gui_task.egg-info to /home/user/exchange/workspace/install/sample_gui_task/lib/python3.10/site-packages/sample_gui_task-0.1.0-py3.10.egg-info
[4.716s] running install_scripts
[4.758s] Installing start_task script to /home/user/exchange/workspace/install/sample_gui_task/lib/sample_gui_task
[4.759s] writing list of installed files to '/home/user/exchange/workspace/build/sample_gui_task/install.log'
[4.805s] Invoked command in '/home/user/exchange/workspace/src/sample_gui_task' returned '0': PYTHONPATH=/home/user/exchange/workspace/build/sample_gui_task/prefix_override:/usr/lib/python3/dist-packages/colcon_core/task/python/colcon_distutils_commands:/home/user/exchange/workspace/install/sample_gui_task/lib/python3.10/site-packages:${PYTHONPATH} /usr/bin/python3 -W ignore:setup.py install is deprecated -W ignore:easy_install command is deprecated setup.py egg_info --egg-base ../../build/sample_gui_task build --build-base /home/user/exchange/workspace/build/sample_gui_task/build install --record /home/user/exchange/workspace/build/sample_gui_task/install.log --single-version-externally-managed install_data
