[0.033s] Invoking command in '/home/user/exchange/workspace/src/build/task_msgs': CMAKE_PREFIX_PATH=/opt/pal/alum:/opt/ros/humble /usr/bin/cmake /home/user/exchange/workspace/src/task_msgs -DCMAKE_INSTALL_PREFIX=/home/user/exchange/workspace/src/install/task_msgs
[0.323s] -- The C compiler identification is GNU 11.4.0
[0.367s] -- The CXX compiler identification is GNU 11.4.0
[0.379s] -- Detecting C compiler ABI info
[0.453s] -- Detecting C compiler ABI info - done
[0.462s] -- Check for working C compiler: /usr/bin/cc - skipped
[0.463s] -- Detecting C compile features
[0.464s] -- Detecting C compile features - done
[0.468s] -- Detecting CXX compiler ABI info
[0.543s] -- Detecting CXX compiler ABI info - done
[0.550s] -- Check for working CXX compiler: /usr/bin/c++ - skipped
[0.550s] -- Detecting CXX compile features
[0.551s] -- Detecting CXX compile features - done
[0.566s] -- Found ament_cmake: 1.3.11 (/opt/ros/humble/share/ament_cmake/cmake)
[0.738s] -- Found Python3: /usr/bin/python3 (found version "3.10.12") found components: Interpreter 
[0.891s] -- Found rosidl_default_generators: 1.2.0 (/opt/ros/humble/share/rosidl_default_generators/cmake)
[0.904s] -- Using all available rosidl_typesupport_c: rosidl_typesupport_fastrtps_c;rosidl_typesupport_introspection_c
[0.918s] -- Found rosidl_adapter: 3.1.6 (/opt/ros/humble/share/rosidl_adapter/cmake)
[0.997s] -- Using all available rosidl_typesupport_cpp: rosidl_typesupport_fastrtps_cpp;rosidl_typesupport_introspection_cpp
[1.371s] -- Found ament_cmake_ros: 0.10.0 (/opt/ros/humble/share/ament_cmake_ros/cmake)
[1.573s] -- Using all available rosidl_typesupport_c: rosidl_typesupport_fastrtps_c;rosidl_typesupport_introspection_c
[1.818s] -- Using all available rosidl_typesupport_cpp: rosidl_typesupport_fastrtps_cpp;rosidl_typesupport_introspection_cpp
[1.842s] -- Found PythonInterp: /usr/bin/python3 (found suitable version "3.10.12", minimum required is "3.6") 
[1.844s] -- Found python_cmake_module: 0.10.0 (/opt/ros/humble/share/python_cmake_module/cmake)
[1.877s] -- Found PythonLibs: /usr/lib/x86_64-linux-gnu/libpython3.10.so (found suitable version "3.10.12", minimum required is "3.5") 
[1.877s] -- Using PYTHON_EXECUTABLE: /usr/bin/python3
[1.877s] -- Using PYTHON_INCLUDE_DIRS: /usr/include/python3.10
[1.877s] -- Using PYTHON_LIBRARIES: /usr/lib/x86_64-linux-gnu/libpython3.10.so
[1.899s] -- Found PythonExtra: .so  
[1.940s] -- Found ament_lint_auto: 0.12.12 (/opt/ros/humble/share/ament_lint_auto/cmake)
[1.978s] -- Added test 'copyright' to check source files copyright and LICENSE
[1.980s] -- Added test 'lint_cmake' to check CMake code style
[1.982s] -- Added test 'xmllint' to check XML markup files
[1.985s] -- Configuring done
[2.017s] -- Generating done
[2.029s] -- Build files have been written to: /home/user/exchange/workspace/src/build/task_msgs
[2.035s] Invoked command in '/home/user/exchange/workspace/src/build/task_msgs' returned '0': CMAKE_PREFIX_PATH=/opt/pal/alum:/opt/ros/humble /usr/bin/cmake /home/user/exchange/workspace/src/task_msgs -DCMAKE_INSTALL_PREFIX=/home/user/exchange/workspace/src/install/task_msgs
[2.037s] Invoking command in '/home/user/exchange/workspace/src/build/task_msgs': CMAKE_PREFIX_PATH=/opt/pal/alum:/opt/ros/humble /usr/bin/cmake --build /home/user/exchange/workspace/src/build/task_msgs -- -j8 -l8
[2.071s] [  3%] [34m[1mGenerating C code for ROS interfaces[0m
[2.080s] [  6%] [34m[1mGenerating C++ code for ROS interfaces[0m
[2.087s] [  6%] Built target ament_cmake_python_copy_task_msgs
[2.386s] running egg_info
[2.387s] creating task_msgs.egg-info
[2.387s] writing task_msgs.egg-info/PKG-INFO
[2.387s] writing dependency_links to task_msgs.egg-info/dependency_links.txt
[2.388s] writing top-level names to task_msgs.egg-info/top_level.txt
[2.388s] writing manifest file 'task_msgs.egg-info/SOURCES.txt'
[2.391s] reading manifest file 'task_msgs.egg-info/SOURCES.txt'
[2.391s] writing manifest file 'task_msgs.egg-info/SOURCES.txt'
[2.432s] [  6%] Built target ament_cmake_python_build_task_msgs_egg
[2.789s] [  9%] [32mBuilding C object CMakeFiles/task_msgs__rosidl_generator_c.dir/rosidl_generator_c/task_msgs/action/detail/task_control__functions.c.o[0m
[2.800s] [  9%] Built target task_msgs__cpp
[2.809s] [ 16%] [34m[1mGenerating C++ introspection for ROS interfaces[0m
[2.809s] [ 16%] [34m[1mGenerating C++ type support dispatch for ROS interfaces[0m
[2.810s] [ 19%] [34m[1mGenerating C++ type support for eProsima Fast-RTPS[0m
[3.033s] [ 22%] [32m[1mLinking C shared library libtask_msgs__rosidl_generator_c.so[0m
[3.142s] [ 22%] Built target task_msgs__rosidl_generator_c
[3.196s] [ 25%] [34m[1mGenerating C type support for eProsima Fast-RTPS[0m
[3.211s] [ 29%] [34m[1mGenerating C introspection for ROS interfaces[0m
[3.219s] [ 32%] [34m[1mGenerating C type support dispatch for ROS interfaces[0m
[3.567s] [ 35%] [32mBuilding CXX object CMakeFiles/task_msgs__rosidl_typesupport_cpp.dir/rosidl_typesupport_cpp/task_msgs/action/task_control__type_support.cpp.o[0m
[3.643s] [ 38%] [32mBuilding CXX object CMakeFiles/task_msgs__rosidl_typesupport_introspection_cpp.dir/rosidl_typesupport_introspection_cpp/task_msgs/action/detail/task_control__type_support.cpp.o[0m
[3.911s] [ 41%] [32mBuilding CXX object CMakeFiles/task_msgs__rosidl_typesupport_fastrtps_cpp.dir/rosidl_typesupport_fastrtps_cpp/task_msgs/action/detail/dds_fastrtps/task_control__type_support.cpp.o[0m
[4.234s] [ 45%] [32mBuilding CXX object CMakeFiles/task_msgs__rosidl_typesupport_c.dir/rosidl_typesupport_c/task_msgs/action/task_control__type_support.cpp.o[0m
[4.346s] [ 48%] [32mBuilding CXX object CMakeFiles/task_msgs__rosidl_typesupport_fastrtps_c.dir/rosidl_typesupport_fastrtps_c/task_msgs/action/detail/task_control__type_support_c.cpp.o[0m
[4.431s] [ 51%] [32m[1mLinking CXX shared library libtask_msgs__rosidl_typesupport_c.so[0m
[4.445s] [ 54%] [32mBuilding C object CMakeFiles/task_msgs__rosidl_typesupport_introspection_c.dir/rosidl_typesupport_introspection_c/task_msgs/action/detail/task_control__type_support.c.o[0m
[4.670s] [ 54%] Built target task_msgs__rosidl_typesupport_c
[4.679s] [ 58%] [32m[1mLinking C shared library libtask_msgs__rosidl_typesupport_introspection_c.so[0m
[4.780s] [ 61%] [32m[1mLinking CXX shared library libtask_msgs__rosidl_typesupport_cpp.so[0m
[4.843s] [ 61%] Built target task_msgs__rosidl_typesupport_introspection_c
[4.878s] [ 61%] Built target task_msgs__rosidl_typesupport_cpp
[4.991s] [ 64%] [32m[1mLinking CXX shared library libtask_msgs__rosidl_typesupport_fastrtps_c.so[0m
[5.039s] [ 67%] [32m[1mLinking CXX shared library libtask_msgs__rosidl_typesupport_introspection_cpp.so[0m
[5.087s] [ 67%] Built target task_msgs__rosidl_typesupport_fastrtps_c
[5.112s] [ 70%] [32m[1mLinking CXX shared library libtask_msgs__rosidl_typesupport_fastrtps_cpp.so[0m
[5.126s] [ 70%] Built target task_msgs__rosidl_typesupport_introspection_cpp
[5.187s] [ 70%] Built target task_msgs__rosidl_typesupport_fastrtps_cpp
[5.206s] [ 70%] Built target task_msgs
[5.225s] [ 74%] [34m[1mGenerating Python code for ROS interfaces[0m
[6.111s] [ 74%] Built target task_msgs__py
[6.128s] [ 77%] [32mBuilding C object CMakeFiles/task_msgs__rosidl_generator_py.dir/rosidl_generator_py/task_msgs/action/_task_control_s.c.o[0m
[6.281s] [ 80%] [32m[1mLinking C shared library rosidl_generator_py/task_msgs/libtask_msgs__rosidl_generator_py.so[0m
[6.319s] [ 80%] Built target task_msgs__rosidl_generator_py
[6.338s] [ 90%] [32mBuilding C object CMakeFiles/task_msgs__rosidl_typesupport_fastrtps_c__pyext.dir/rosidl_generator_py/task_msgs/_task_msgs_s.ep.rosidl_typesupport_fastrtps_c.c.o[0m
[6.338s] [ 90%] [32mBuilding C object CMakeFiles/task_msgs__rosidl_typesupport_introspection_c__pyext.dir/rosidl_generator_py/task_msgs/_task_msgs_s.ep.rosidl_typesupport_introspection_c.c.o[0m
[6.338s] [ 90%] [32mBuilding C object CMakeFiles/task_msgs__rosidl_typesupport_c__pyext.dir/rosidl_generator_py/task_msgs/_task_msgs_s.ep.rosidl_typesupport_c.c.o[0m
[6.457s] [ 93%] [32m[1mLinking C shared library rosidl_generator_py/task_msgs/task_msgs_s__rosidl_typesupport_fastrtps_c.cpython-310-x86_64-linux-gnu.so[0m
[6.459s] [ 96%] [32m[1mLinking C shared library rosidl_generator_py/task_msgs/task_msgs_s__rosidl_typesupport_c.cpython-310-x86_64-linux-gnu.so[0m
[6.460s] [100%] [32m[1mLinking C shared library rosidl_generator_py/task_msgs/task_msgs_s__rosidl_typesupport_introspection_c.cpython-310-x86_64-linux-gnu.so[0m
[6.494s] [100%] Built target task_msgs__rosidl_typesupport_c__pyext
[6.494s] [100%] Built target task_msgs__rosidl_typesupport_fastrtps_c__pyext
[6.496s] [100%] Built target task_msgs__rosidl_typesupport_introspection_c__pyext
[6.505s] Invoked command in '/home/user/exchange/workspace/src/build/task_msgs' returned '0': CMAKE_PREFIX_PATH=/opt/pal/alum:/opt/ros/humble /usr/bin/cmake --build /home/user/exchange/workspace/src/build/task_msgs -- -j8 -l8
[6.506s] Invoking command in '/home/user/exchange/workspace/src/build/task_msgs': CMAKE_PREFIX_PATH=/opt/pal/alum:/opt/ros/humble /usr/bin/cmake --install /home/user/exchange/workspace/src/build/task_msgs
[6.513s] -- Install configuration: ""
[6.514s] -- Installing: /home/user/exchange/workspace/src/install/task_msgs/share/ament_index/resource_index/rosidl_interfaces/task_msgs
[6.514s] -- Installing: /home/user/exchange/workspace/src/install/task_msgs/include/task_msgs/task_msgs
[6.514s] -- Installing: /home/user/exchange/workspace/src/install/task_msgs/include/task_msgs/task_msgs/msg
[6.514s] -- Installing: /home/user/exchange/workspace/src/install/task_msgs/include/task_msgs/task_msgs/msg/rosidl_generator_c__visibility_control.h
[6.514s] -- Installing: /home/user/exchange/workspace/src/install/task_msgs/include/task_msgs/task_msgs/action
[6.514s] -- Installing: /home/user/exchange/workspace/src/install/task_msgs/include/task_msgs/task_msgs/action/detail
[6.514s] -- Installing: /home/user/exchange/workspace/src/install/task_msgs/include/task_msgs/task_msgs/action/detail/task_control__functions.h
[6.514s] -- Installing: /home/user/exchange/workspace/src/install/task_msgs/include/task_msgs/task_msgs/action/detail/task_control__struct.h
[6.514s] -- Installing: /home/user/exchange/workspace/src/install/task_msgs/include/task_msgs/task_msgs/action/detail/task_control__type_support.h
[6.514s] -- Installing: /home/user/exchange/workspace/src/install/task_msgs/include/task_msgs/task_msgs/action/detail/task_control__functions.c
[6.515s] -- Installing: /home/user/exchange/workspace/src/install/task_msgs/include/task_msgs/task_msgs/action/task_control.h
[6.515s] -- Installing: /home/user/exchange/workspace/src/install/task_msgs/share/task_msgs/environment/library_path.sh
[6.515s] -- Installing: /home/user/exchange/workspace/src/install/task_msgs/share/task_msgs/environment/library_path.dsv
[6.515s] -- Installing: /home/user/exchange/workspace/src/install/task_msgs/lib/libtask_msgs__rosidl_generator_c.so
[6.515s] -- Set runtime path of "/home/user/exchange/workspace/src/install/task_msgs/lib/libtask_msgs__rosidl_generator_c.so" to ""
[6.516s] -- Up-to-date: /home/user/exchange/workspace/src/install/task_msgs/include/task_msgs/task_msgs
[6.516s] -- Up-to-date: /home/user/exchange/workspace/src/install/task_msgs/include/task_msgs/task_msgs/msg
[6.516s] -- Installing: /home/user/exchange/workspace/src/install/task_msgs/include/task_msgs/task_msgs/msg/rosidl_typesupport_fastrtps_c__visibility_control.h
[6.516s] -- Up-to-date: /home/user/exchange/workspace/src/install/task_msgs/include/task_msgs/task_msgs/action
[6.516s] -- Up-to-date: /home/user/exchange/workspace/src/install/task_msgs/include/task_msgs/task_msgs/action/detail
[6.516s] -- Installing: /home/user/exchange/workspace/src/install/task_msgs/include/task_msgs/task_msgs/action/detail/task_control__rosidl_typesupport_fastrtps_c.h
[6.516s] -- Installing: /home/user/exchange/workspace/src/install/task_msgs/lib/libtask_msgs__rosidl_typesupport_fastrtps_c.so
[6.516s] -- Set runtime path of "/home/user/exchange/workspace/src/install/task_msgs/lib/libtask_msgs__rosidl_typesupport_fastrtps_c.so" to ""
[6.516s] -- Up-to-date: /home/user/exchange/workspace/src/install/task_msgs/include/task_msgs/task_msgs
[6.516s] -- Up-to-date: /home/user/exchange/workspace/src/install/task_msgs/include/task_msgs/task_msgs/msg
[6.517s] -- Installing: /home/user/exchange/workspace/src/install/task_msgs/include/task_msgs/task_msgs/msg/rosidl_typesupport_introspection_c__visibility_control.h
[6.517s] -- Up-to-date: /home/user/exchange/workspace/src/install/task_msgs/include/task_msgs/task_msgs/action
[6.517s] -- Up-to-date: /home/user/exchange/workspace/src/install/task_msgs/include/task_msgs/task_msgs/action/detail
[6.517s] -- Installing: /home/user/exchange/workspace/src/install/task_msgs/include/task_msgs/task_msgs/action/detail/task_control__type_support.c
[6.517s] -- Installing: /home/user/exchange/workspace/src/install/task_msgs/include/task_msgs/task_msgs/action/detail/task_control__rosidl_typesupport_introspection_c.h
[6.517s] -- Installing: /home/user/exchange/workspace/src/install/task_msgs/lib/libtask_msgs__rosidl_typesupport_introspection_c.so
[6.517s] -- Set runtime path of "/home/user/exchange/workspace/src/install/task_msgs/lib/libtask_msgs__rosidl_typesupport_introspection_c.so" to ""
[6.517s] -- Installing: /home/user/exchange/workspace/src/install/task_msgs/lib/libtask_msgs__rosidl_typesupport_c.so
[6.518s] -- Set runtime path of "/home/user/exchange/workspace/src/install/task_msgs/lib/libtask_msgs__rosidl_typesupport_c.so" to ""
[6.518s] -- Up-to-date: /home/user/exchange/workspace/src/install/task_msgs/include/task_msgs/task_msgs
[6.518s] -- Up-to-date: /home/user/exchange/workspace/src/install/task_msgs/include/task_msgs/task_msgs/msg
[6.518s] -- Installing: /home/user/exchange/workspace/src/install/task_msgs/include/task_msgs/task_msgs/msg/rosidl_generator_cpp__visibility_control.hpp
[6.518s] -- Up-to-date: /home/user/exchange/workspace/src/install/task_msgs/include/task_msgs/task_msgs/action
[6.518s] -- Up-to-date: /home/user/exchange/workspace/src/install/task_msgs/include/task_msgs/task_msgs/action/detail
[6.518s] -- Installing: /home/user/exchange/workspace/src/install/task_msgs/include/task_msgs/task_msgs/action/detail/task_control__type_support.hpp
[6.518s] -- Installing: /home/user/exchange/workspace/src/install/task_msgs/include/task_msgs/task_msgs/action/detail/task_control__struct.hpp
[6.518s] -- Installing: /home/user/exchange/workspace/src/install/task_msgs/include/task_msgs/task_msgs/action/detail/task_control__traits.hpp
[6.518s] -- Installing: /home/user/exchange/workspace/src/install/task_msgs/include/task_msgs/task_msgs/action/detail/task_control__builder.hpp
[6.519s] -- Installing: /home/user/exchange/workspace/src/install/task_msgs/include/task_msgs/task_msgs/action/task_control.hpp
[6.519s] -- Up-to-date: /home/user/exchange/workspace/src/install/task_msgs/include/task_msgs/task_msgs
[6.519s] -- Up-to-date: /home/user/exchange/workspace/src/install/task_msgs/include/task_msgs/task_msgs/msg
[6.519s] -- Installing: /home/user/exchange/workspace/src/install/task_msgs/include/task_msgs/task_msgs/msg/rosidl_typesupport_fastrtps_cpp__visibility_control.h
[6.519s] -- Up-to-date: /home/user/exchange/workspace/src/install/task_msgs/include/task_msgs/task_msgs/action
[6.519s] -- Up-to-date: /home/user/exchange/workspace/src/install/task_msgs/include/task_msgs/task_msgs/action/detail
[6.519s] -- Installing: /home/user/exchange/workspace/src/install/task_msgs/include/task_msgs/task_msgs/action/detail/dds_fastrtps
[6.519s] -- Installing: /home/user/exchange/workspace/src/install/task_msgs/include/task_msgs/task_msgs/action/detail/task_control__rosidl_typesupport_fastrtps_cpp.hpp
[6.519s] -- Installing: /home/user/exchange/workspace/src/install/task_msgs/lib/libtask_msgs__rosidl_typesupport_fastrtps_cpp.so
[6.519s] -- Set runtime path of "/home/user/exchange/workspace/src/install/task_msgs/lib/libtask_msgs__rosidl_typesupport_fastrtps_cpp.so" to ""
[6.519s] -- Up-to-date: /home/user/exchange/workspace/src/install/task_msgs/include/task_msgs/task_msgs
[6.520s] -- Up-to-date: /home/user/exchange/workspace/src/install/task_msgs/include/task_msgs/task_msgs/action
[6.520s] -- Up-to-date: /home/user/exchange/workspace/src/install/task_msgs/include/task_msgs/task_msgs/action/detail
[6.520s] -- Installing: /home/user/exchange/workspace/src/install/task_msgs/include/task_msgs/task_msgs/action/detail/task_control__rosidl_typesupport_introspection_cpp.hpp
[6.520s] -- Installing: /home/user/exchange/workspace/src/install/task_msgs/include/task_msgs/task_msgs/action/detail/task_control__type_support.cpp
[6.520s] -- Installing: /home/user/exchange/workspace/src/install/task_msgs/lib/libtask_msgs__rosidl_typesupport_introspection_cpp.so
[6.520s] -- Set runtime path of "/home/user/exchange/workspace/src/install/task_msgs/lib/libtask_msgs__rosidl_typesupport_introspection_cpp.so" to ""
[6.520s] -- Installing: /home/user/exchange/workspace/src/install/task_msgs/lib/libtask_msgs__rosidl_typesupport_cpp.so
[6.520s] -- Set runtime path of "/home/user/exchange/workspace/src/install/task_msgs/lib/libtask_msgs__rosidl_typesupport_cpp.so" to ""
[6.521s] -- Installing: /home/user/exchange/workspace/src/install/task_msgs/share/task_msgs/environment/pythonpath.sh
[6.521s] -- Installing: /home/user/exchange/workspace/src/install/task_msgs/share/task_msgs/environment/pythonpath.dsv
[6.521s] -- Installing: /home/user/exchange/workspace/src/install/task_msgs/local/lib/python3.10/dist-packages/task_msgs-0.1.0-py3.10.egg-info
[6.521s] -- Installing: /home/user/exchange/workspace/src/install/task_msgs/local/lib/python3.10/dist-packages/task_msgs-0.1.0-py3.10.egg-info/SOURCES.txt
[6.521s] -- Installing: /home/user/exchange/workspace/src/install/task_msgs/local/lib/python3.10/dist-packages/task_msgs-0.1.0-py3.10.egg-info/top_level.txt
[6.521s] -- Installing: /home/user/exchange/workspace/src/install/task_msgs/local/lib/python3.10/dist-packages/task_msgs-0.1.0-py3.10.egg-info/PKG-INFO
[6.521s] -- Installing: /home/user/exchange/workspace/src/install/task_msgs/local/lib/python3.10/dist-packages/task_msgs-0.1.0-py3.10.egg-info/dependency_links.txt
[6.521s] -- Installing: /home/user/exchange/workspace/src/install/task_msgs/local/lib/python3.10/dist-packages/task_msgs
[6.521s] -- Installing: /home/user/exchange/workspace/src/install/task_msgs/local/lib/python3.10/dist-packages/task_msgs/__init__.py
[6.521s] -- Installing: /home/user/exchange/workspace/src/install/task_msgs/local/lib/python3.10/dist-packages/task_msgs/_task_msgs_s.ep.rosidl_typesupport_introspection_c.c
[6.522s] -- Installing: /home/user/exchange/workspace/src/install/task_msgs/local/lib/python3.10/dist-packages/task_msgs/task_msgs_s__rosidl_typesupport_introspection_c.cpython-310-x86_64-linux-gnu.so
[6.522s] -- Installing: /home/user/exchange/workspace/src/install/task_msgs/local/lib/python3.10/dist-packages/task_msgs/libtask_msgs__rosidl_generator_py.so
[6.522s] -- Installing: /home/user/exchange/workspace/src/install/task_msgs/local/lib/python3.10/dist-packages/task_msgs/_task_msgs_s.ep.rosidl_typesupport_c.c
[6.522s] -- Installing: /home/user/exchange/workspace/src/install/task_msgs/local/lib/python3.10/dist-packages/task_msgs/task_msgs_s__rosidl_typesupport_fastrtps_c.cpython-310-x86_64-linux-gnu.so
[6.522s] -- Installing: /home/user/exchange/workspace/src/install/task_msgs/local/lib/python3.10/dist-packages/task_msgs/action
[6.522s] -- Installing: /home/user/exchange/workspace/src/install/task_msgs/local/lib/python3.10/dist-packages/task_msgs/action/__init__.py
[6.522s] -- Installing: /home/user/exchange/workspace/src/install/task_msgs/local/lib/python3.10/dist-packages/task_msgs/action/_task_control.py
[6.522s] -- Installing: /home/user/exchange/workspace/src/install/task_msgs/local/lib/python3.10/dist-packages/task_msgs/action/_task_control_s.c
[6.523s] -- Installing: /home/user/exchange/workspace/src/install/task_msgs/local/lib/python3.10/dist-packages/task_msgs/_task_msgs_s.ep.rosidl_typesupport_fastrtps_c.c
[6.523s] -- Installing: /home/user/exchange/workspace/src/install/task_msgs/local/lib/python3.10/dist-packages/task_msgs/task_msgs_s__rosidl_typesupport_c.cpython-310-x86_64-linux-gnu.so
[6.575s] Listing '/home/user/exchange/workspace/src/install/task_msgs/local/lib/python3.10/dist-packages/task_msgs'...
[6.575s] Compiling '/home/user/exchange/workspace/src/install/task_msgs/local/lib/python3.10/dist-packages/task_msgs/__init__.py'...
[6.575s] Listing '/home/user/exchange/workspace/src/install/task_msgs/local/lib/python3.10/dist-packages/task_msgs/action'...
[6.575s] Compiling '/home/user/exchange/workspace/src/install/task_msgs/local/lib/python3.10/dist-packages/task_msgs/action/__init__.py'...
[6.575s] Compiling '/home/user/exchange/workspace/src/install/task_msgs/local/lib/python3.10/dist-packages/task_msgs/action/_task_control.py'...
[6.580s] -- Installing: /home/user/exchange/workspace/src/install/task_msgs/local/lib/python3.10/dist-packages/task_msgs/task_msgs_s__rosidl_typesupport_fastrtps_c.cpython-310-x86_64-linux-gnu.so
[6.580s] -- Set runtime path of "/home/user/exchange/workspace/src/install/task_msgs/local/lib/python3.10/dist-packages/task_msgs/task_msgs_s__rosidl_typesupport_fastrtps_c.cpython-310-x86_64-linux-gnu.so" to ""
[6.580s] -- Installing: /home/user/exchange/workspace/src/install/task_msgs/local/lib/python3.10/dist-packages/task_msgs/task_msgs_s__rosidl_typesupport_introspection_c.cpython-310-x86_64-linux-gnu.so
[6.581s] -- Set runtime path of "/home/user/exchange/workspace/src/install/task_msgs/local/lib/python3.10/dist-packages/task_msgs/task_msgs_s__rosidl_typesupport_introspection_c.cpython-310-x86_64-linux-gnu.so" to ""
[6.581s] -- Installing: /home/user/exchange/workspace/src/install/task_msgs/local/lib/python3.10/dist-packages/task_msgs/task_msgs_s__rosidl_typesupport_c.cpython-310-x86_64-linux-gnu.so
[6.581s] -- Set runtime path of "/home/user/exchange/workspace/src/install/task_msgs/local/lib/python3.10/dist-packages/task_msgs/task_msgs_s__rosidl_typesupport_c.cpython-310-x86_64-linux-gnu.so" to ""
[6.581s] -- Installing: /home/user/exchange/workspace/src/install/task_msgs/lib/libtask_msgs__rosidl_generator_py.so
[6.582s] -- Set runtime path of "/home/user/exchange/workspace/src/install/task_msgs/lib/libtask_msgs__rosidl_generator_py.so" to ""
[6.582s] -- Installing: /home/user/exchange/workspace/src/install/task_msgs/share/task_msgs/action/TaskControl.idl
[6.582s] -- Installing: /home/user/exchange/workspace/src/install/task_msgs/share/task_msgs/action/TaskControl.action
[6.582s] -- Installing: /home/user/exchange/workspace/src/install/task_msgs/share/ament_index/resource_index/package_run_dependencies/task_msgs
[6.582s] -- Installing: /home/user/exchange/workspace/src/install/task_msgs/share/ament_index/resource_index/parent_prefix_path/task_msgs
[6.582s] -- Installing: /home/user/exchange/workspace/src/install/task_msgs/share/task_msgs/environment/ament_prefix_path.sh
[6.583s] -- Installing: /home/user/exchange/workspace/src/install/task_msgs/share/task_msgs/environment/ament_prefix_path.dsv
[6.583s] -- Installing: /home/user/exchange/workspace/src/install/task_msgs/share/task_msgs/environment/path.sh
[6.583s] -- Installing: /home/user/exchange/workspace/src/install/task_msgs/share/task_msgs/environment/path.dsv
[6.583s] -- Installing: /home/user/exchange/workspace/src/install/task_msgs/share/task_msgs/local_setup.bash
[6.583s] -- Installing: /home/user/exchange/workspace/src/install/task_msgs/share/task_msgs/local_setup.sh
[6.583s] -- Installing: /home/user/exchange/workspace/src/install/task_msgs/share/task_msgs/local_setup.zsh
[6.583s] -- Installing: /home/user/exchange/workspace/src/install/task_msgs/share/task_msgs/local_setup.dsv
[6.583s] -- Installing: /home/user/exchange/workspace/src/install/task_msgs/share/task_msgs/package.dsv
[6.583s] -- Installing: /home/user/exchange/workspace/src/install/task_msgs/share/ament_index/resource_index/packages/task_msgs
[6.584s] -- Installing: /home/user/exchange/workspace/src/install/task_msgs/share/task_msgs/cmake/export_task_msgs__rosidl_generator_cExport.cmake
[6.584s] -- Installing: /home/user/exchange/workspace/src/install/task_msgs/share/task_msgs/cmake/export_task_msgs__rosidl_generator_cExport-noconfig.cmake
[6.584s] -- Installing: /home/user/exchange/workspace/src/install/task_msgs/share/task_msgs/cmake/export_task_msgs__rosidl_typesupport_fastrtps_cExport.cmake
[6.584s] -- Installing: /home/user/exchange/workspace/src/install/task_msgs/share/task_msgs/cmake/export_task_msgs__rosidl_typesupport_fastrtps_cExport-noconfig.cmake
[6.584s] -- Installing: /home/user/exchange/workspace/src/install/task_msgs/share/task_msgs/cmake/task_msgs__rosidl_typesupport_introspection_cExport.cmake
[6.584s] -- Installing: /home/user/exchange/workspace/src/install/task_msgs/share/task_msgs/cmake/task_msgs__rosidl_typesupport_introspection_cExport-noconfig.cmake
[6.584s] -- Installing: /home/user/exchange/workspace/src/install/task_msgs/share/task_msgs/cmake/task_msgs__rosidl_typesupport_cExport.cmake
[6.585s] -- Installing: /home/user/exchange/workspace/src/install/task_msgs/share/task_msgs/cmake/task_msgs__rosidl_typesupport_cExport-noconfig.cmake
[6.585s] -- Installing: /home/user/exchange/workspace/src/install/task_msgs/share/task_msgs/cmake/export_task_msgs__rosidl_generator_cppExport.cmake
[6.585s] -- Installing: /home/user/exchange/workspace/src/install/task_msgs/share/task_msgs/cmake/export_task_msgs__rosidl_typesupport_fastrtps_cppExport.cmake
[6.585s] -- Installing: /home/user/exchange/workspace/src/install/task_msgs/share/task_msgs/cmake/export_task_msgs__rosidl_typesupport_fastrtps_cppExport-noconfig.cmake
[6.585s] -- Installing: /home/user/exchange/workspace/src/install/task_msgs/share/task_msgs/cmake/task_msgs__rosidl_typesupport_introspection_cppExport.cmake
[6.585s] -- Installing: /home/user/exchange/workspace/src/install/task_msgs/share/task_msgs/cmake/task_msgs__rosidl_typesupport_introspection_cppExport-noconfig.cmake
[6.585s] -- Installing: /home/user/exchange/workspace/src/install/task_msgs/share/task_msgs/cmake/task_msgs__rosidl_typesupport_cppExport.cmake
[6.585s] -- Installing: /home/user/exchange/workspace/src/install/task_msgs/share/task_msgs/cmake/task_msgs__rosidl_typesupport_cppExport-noconfig.cmake
[6.586s] -- Installing: /home/user/exchange/workspace/src/install/task_msgs/share/task_msgs/cmake/export_task_msgs__rosidl_generator_pyExport.cmake
[6.586s] -- Installing: /home/user/exchange/workspace/src/install/task_msgs/share/task_msgs/cmake/export_task_msgs__rosidl_generator_pyExport-noconfig.cmake
[6.586s] -- Installing: /home/user/exchange/workspace/src/install/task_msgs/share/task_msgs/cmake/rosidl_cmake-extras.cmake
[6.586s] -- Installing: /home/user/exchange/workspace/src/install/task_msgs/share/task_msgs/cmake/ament_cmake_export_dependencies-extras.cmake
[6.586s] -- Installing: /home/user/exchange/workspace/src/install/task_msgs/share/task_msgs/cmake/ament_cmake_export_include_directories-extras.cmake
[6.586s] -- Installing: /home/user/exchange/workspace/src/install/task_msgs/share/task_msgs/cmake/ament_cmake_export_libraries-extras.cmake
[6.586s] -- Installing: /home/user/exchange/workspace/src/install/task_msgs/share/task_msgs/cmake/ament_cmake_export_targets-extras.cmake
[6.587s] -- Installing: /home/user/exchange/workspace/src/install/task_msgs/share/task_msgs/cmake/rosidl_cmake_export_typesupport_targets-extras.cmake
[6.587s] -- Installing: /home/user/exchange/workspace/src/install/task_msgs/share/task_msgs/cmake/rosidl_cmake_export_typesupport_libraries-extras.cmake
[6.587s] -- Installing: /home/user/exchange/workspace/src/install/task_msgs/share/task_msgs/cmake/task_msgsConfig.cmake
[6.587s] -- Installing: /home/user/exchange/workspace/src/install/task_msgs/share/task_msgs/cmake/task_msgsConfig-version.cmake
[6.587s] -- Installing: /home/user/exchange/workspace/src/install/task_msgs/share/task_msgs/package.xml
[6.590s] Invoked command in '/home/user/exchange/workspace/src/build/task_msgs' returned '0': CMAKE_PREFIX_PATH=/opt/pal/alum:/opt/ros/humble /usr/bin/cmake --install /home/user/exchange/workspace/src/build/task_msgs
