/home/user/exchange/workspace/src/install/sample_gui_task/lib/python3.10/site-packages/sample_gui_task/__init__.py
/home/user/exchange/workspace/src/install/sample_gui_task/lib/python3.10/site-packages/sample_gui_task/start_task.py
/home/user/exchange/workspace/src/install/sample_gui_task/lib/python3.10/site-packages/sample_gui_task/task_impl.py
/home/user/exchange/workspace/src/install/sample_gui_task/lib/python3.10/site-packages/sample_gui_task/__pycache__/__init__.cpython-310.pyc
/home/user/exchange/workspace/src/install/sample_gui_task/lib/python3.10/site-packages/sample_gui_task/__pycache__/start_task.cpython-310.pyc
/home/user/exchange/workspace/src/install/sample_gui_task/lib/python3.10/site-packages/sample_gui_task/__pycache__/task_impl.cpython-310.pyc
/home/user/exchange/workspace/src/install/sample_gui_task/share/sample_gui_task/package.xml
/home/user/exchange/workspace/src/install/sample_gui_task/share/ament_index/resource_index/packages/sample_gui_task
/home/user/exchange/workspace/src/install/sample_gui_task/share/sample_gui_task/launch/sample_gui_task.launch.py
/home/user/exchange/workspace/src/install/sample_gui_task/share/ament_index/resource_index/pal_system_module/sample_gui_task
/home/user/exchange/workspace/src/install/sample_gui_task/share/sample_gui_task/module/sample_gui_task_module.yaml
/home/user/exchange/workspace/src/install/sample_gui_task/share/ament_index/resource_index/pal_configuration.sample_gui_task/sample_gui_task
/home/user/exchange/workspace/src/install/sample_gui_task/share/sample_gui_task/config/00-defaults.yml
/home/user/exchange/workspace/src/install/sample_gui_task/share/sample_gui_task/ui/./MainScreen.ui.qml
/home/user/exchange/workspace/src/install/sample_gui_task/share/sample_gui_task/ui/./sample_gui_task.qmlproject
/home/user/exchange/workspace/src/install/sample_gui_task/share/sample_gui_task/ui/./TaskUI.qml
/home/user/exchange/workspace/src/install/sample_gui_task/share/sample_gui_task/ui/./.gitignore
/home/user/exchange/workspace/src/install/sample_gui_task/share/sample_gui_task/ui/./IconButton.ui.qml
/home/user/exchange/workspace/src/install/sample_gui_task/share/sample_gui_task/ui/./README.md
/home/user/exchange/workspace/src/install/sample_gui_task/share/sample_gui_task/ui/./qmldir
/home/user/exchange/workspace/src/install/sample_gui_task/share/sample_gui_task/ui/Ros/Param.qml
/home/user/exchange/workspace/src/install/sample_gui_task/share/sample_gui_task/ui/Ros/Topic.qml
/home/user/exchange/workspace/src/install/sample_gui_task/share/sample_gui_task/ui/Ros/Service.qml
/home/user/exchange/workspace/src/install/sample_gui_task/share/sample_gui_task/ui/Ros/qmldir
/home/user/exchange/workspace/src/install/sample_gui_task/share/sample_gui_task/ui/Ros/Action.qml
/home/user/exchange/workspace/src/install/sample_gui_task/share/sample_gui_task/ui/fonts/Inter.ttf
/home/user/exchange/workspace/src/install/sample_gui_task/share/sample_gui_task/ui/js/Constants.js
/home/user/exchange/workspace/src/install/sample_gui_task/share/sample_gui_task/ui/images/wallpaper.jpg
/home/user/exchange/workspace/src/install/sample_gui_task/share/sample_gui_task/ui/images/bubble.svg
/home/user/exchange/workspace/src/install/sample_gui_task/share/sample_gui_task/ui/images/push.svg
/home/user/exchange/workspace/src/install/sample_gui_task/share/sample_gui_task/ui/images/back.svg
/home/user/exchange/workspace/src/install/sample_gui_task/share/sample_gui_task/ui/images/robot.jpg
/home/user/exchange/workspace/src/install/sample_gui_task/lib/python3.10/site-packages/sample_gui_task-0.1.0-py3.10.egg-info/requires.txt
/home/user/exchange/workspace/src/install/sample_gui_task/lib/python3.10/site-packages/sample_gui_task-0.1.0-py3.10.egg-info/entry_points.txt
/home/user/exchange/workspace/src/install/sample_gui_task/lib/python3.10/site-packages/sample_gui_task-0.1.0-py3.10.egg-info/SOURCES.txt
/home/user/exchange/workspace/src/install/sample_gui_task/lib/python3.10/site-packages/sample_gui_task-0.1.0-py3.10.egg-info/top_level.txt
/home/user/exchange/workspace/src/install/sample_gui_task/lib/python3.10/site-packages/sample_gui_task-0.1.0-py3.10.egg-info/PKG-INFO
/home/user/exchange/workspace/src/install/sample_gui_task/lib/python3.10/site-packages/sample_gui_task-0.1.0-py3.10.egg-info/zip-safe
/home/user/exchange/workspace/src/install/sample_gui_task/lib/python3.10/site-packages/sample_gui_task-0.1.0-py3.10.egg-info/dependency_links.txt
/home/user/exchange/workspace/src/install/sample_gui_task/lib/sample_gui_task/start_task
