[4.106s] Invoking command in '/home/user/exchange/workspace/src/chat_task': PYTHONPATH=/home/user/exchange/workspace/build/chat_task/prefix_override:/usr/lib/python3/dist-packages/colcon_core/task/python/colcon_distutils_commands:/home/user/exchange/workspace/install/chat_task/lib/python3.10/site-packages:${PYTHONPATH} /usr/bin/python3 -W ignore:setup.py install is deprecated -W ignore:easy_install command is deprecated setup.py egg_info --egg-base ../../build/chat_task build --build-base /home/user/exchange/workspace/build/chat_task/build install --record /home/user/exchange/workspace/build/chat_task/install.log --single-version-externally-managed install_data
[4.564s] running egg_info
[4.565s] writing ../../build/chat_task/chat_task.egg-info/PKG-INFO
[4.567s] writing dependency_links to ../../build/chat_task/chat_task.egg-info/dependency_links.txt
[4.568s] writing entry points to ../../build/chat_task/chat_task.egg-info/entry_points.txt
[4.569s] writing requirements to ../../build/chat_task/chat_task.egg-info/requires.txt
[4.570s] writing top-level names to ../../build/chat_task/chat_task.egg-info/top_level.txt
[4.574s] reading manifest file '../../build/chat_task/chat_task.egg-info/SOURCES.txt'
[4.576s] adding license file 'LICENSE'
[4.578s] writing manifest file '../../build/chat_task/chat_task.egg-info/SOURCES.txt'
[4.579s] running build
[4.580s] running build_py
[4.581s] running install
[4.581s] running install_lib
[4.582s] running install_data
[4.583s] running install_egg_info
[4.586s] removing '/home/user/exchange/workspace/install/chat_task/lib/python3.10/site-packages/chat_task-0.1.0-py3.10.egg-info' (and everything under it)
[4.587s] Copying ../../build/chat_task/chat_task.egg-info to /home/user/exchange/workspace/install/chat_task/lib/python3.10/site-packages/chat_task-0.1.0-py3.10.egg-info
[4.588s] running install_scripts
[4.630s] Installing start_task script to /home/user/exchange/workspace/install/chat_task/lib/chat_task
[4.631s] writing list of installed files to '/home/user/exchange/workspace/build/chat_task/install.log'
[4.689s] Invoked command in '/home/user/exchange/workspace/src/chat_task' returned '0': PYTHONPATH=/home/user/exchange/workspace/build/chat_task/prefix_override:/usr/lib/python3/dist-packages/colcon_core/task/python/colcon_distutils_commands:/home/user/exchange/workspace/install/chat_task/lib/python3.10/site-packages:${PYTHONPATH} /usr/bin/python3 -W ignore:setup.py install is deprecated -W ignore:easy_install command is deprecated setup.py egg_info --egg-base ../../build/chat_task build --build-base /home/user/exchange/workspace/build/chat_task/build install --record /home/user/exchange/workspace/build/chat_task/install.log --single-version-externally-managed install_data
