[1.964s] Invoking command in '/home/user/exchange/workspace/src/chat_task': PYTHONPATH=/home/user/exchange/workspace/build/chat_task/prefix_override:/usr/lib/python3/dist-packages/colcon_core/task/python/colcon_distutils_commands:/home/user/exchange/workspace/install/chat_task/lib/python3.10/site-packages:${PYTHONPATH} /usr/bin/python3 -W ignore:setup.py install is deprecated -W ignore:easy_install command is deprecated setup.py egg_info --egg-base ../../build/chat_task build --build-base /home/user/exchange/workspace/build/chat_task/build install --record /home/user/exchange/workspace/build/chat_task/install.log --single-version-externally-managed install_data
[2.247s] running egg_info
[2.248s] writing ../../build/chat_task/chat_task.egg-info/PKG-INFO
[2.248s] writing dependency_links to ../../build/chat_task/chat_task.egg-info/dependency_links.txt
[2.248s] writing entry points to ../../build/chat_task/chat_task.egg-info/entry_points.txt
[2.248s] writing requirements to ../../build/chat_task/chat_task.egg-info/requires.txt
[2.249s] writing top-level names to ../../build/chat_task/chat_task.egg-info/top_level.txt
[2.250s] reading manifest file '../../build/chat_task/chat_task.egg-info/SOURCES.txt'
[2.250s] adding license file 'LICENSE'
[2.251s] writing manifest file '../../build/chat_task/chat_task.egg-info/SOURCES.txt'
[2.251s] running build
[2.251s] running build_py
[2.252s] copying chat_task/task_impl.py -> /home/user/exchange/workspace/build/chat_task/build/lib/chat_task
[2.252s] running install
[2.252s] running install_lib
[2.253s] copying /home/user/exchange/workspace/build/chat_task/build/lib/chat_task/task_impl.py -> /home/user/exchange/workspace/install/chat_task/lib/python3.10/site-packages/chat_task
[2.253s] byte-compiling /home/user/exchange/workspace/install/chat_task/lib/python3.10/site-packages/chat_task/task_impl.py to task_impl.cpython-310.pyc
[2.255s] running install_data
[2.256s] running install_egg_info
[2.258s] removing '/home/user/exchange/workspace/install/chat_task/lib/python3.10/site-packages/chat_task-0.1.0-py3.10.egg-info' (and everything under it)
[2.258s] Copying ../../build/chat_task/chat_task.egg-info to /home/user/exchange/workspace/install/chat_task/lib/python3.10/site-packages/chat_task-0.1.0-py3.10.egg-info
[2.259s] running install_scripts
[2.281s] Installing start_task script to /home/user/exchange/workspace/install/chat_task/lib/chat_task
[2.282s] writing list of installed files to '/home/user/exchange/workspace/build/chat_task/install.log'
[2.313s] Invoked command in '/home/user/exchange/workspace/src/chat_task' returned '0': PYTHONPATH=/home/user/exchange/workspace/build/chat_task/prefix_override:/usr/lib/python3/dist-packages/colcon_core/task/python/colcon_distutils_commands:/home/user/exchange/workspace/install/chat_task/lib/python3.10/site-packages:${PYTHONPATH} /usr/bin/python3 -W ignore:setup.py install is deprecated -W ignore:easy_install command is deprecated setup.py egg_info --egg-base ../../build/chat_task build --build-base /home/user/exchange/workspace/build/chat_task/build install --record /home/user/exchange/workspace/build/chat_task/install.log --single-version-externally-managed install_data
