[2.590s] Invoking command in '/home/user/exchange/workspace/src/mission_controller': AMENT_PREFIX_PATH=/home/user/exchange/workspace/src/install/task_msgs:${AMENT_PREFIX_PATH} CMAKE_PREFIX_PATH=/home/user/exchange/workspace/src/install/task_msgs LD_LIBRARY_PATH=/home/user/exchange/workspace/src/install/task_msgs/lib:${LD_LIBRARY_PATH} PYTHONPATH=/home/user/exchange/workspace/src/build/mission_controller/prefix_override:/usr/lib/python3/dist-packages/colcon_core/task/python/colcon_distutils_commands:/home/user/exchange/workspace/src/install/mission_controller/lib/python3.10/site-packages:/home/user/exchange/workspace/src/install/task_msgs/local/lib/python3.10/dist-packages:${PYTHONPATH} /usr/bin/python3 -W ignore:setup.py install is deprecated -W ignore:easy_install command is deprecated setup.py egg_info --egg-base ../build/mission_controller build --build-base /home/user/exchange/workspace/src/build/mission_controller/build install --record /home/user/exchange/workspace/src/build/mission_controller/install.log --single-version-externally-managed install_data
[3.191s] running egg_info
[3.191s] creating ../build/mission_controller/mission_controller.egg-info
[3.192s] writing ../build/mission_controller/mission_controller.egg-info/PKG-INFO
[3.192s] writing dependency_links to ../build/mission_controller/mission_controller.egg-info/dependency_links.txt
[3.192s] writing entry points to ../build/mission_controller/mission_controller.egg-info/entry_points.txt
[3.192s] writing requirements to ../build/mission_controller/mission_controller.egg-info/requires.txt
[3.192s] writing top-level names to ../build/mission_controller/mission_controller.egg-info/top_level.txt
[3.192s] writing manifest file '../build/mission_controller/mission_controller.egg-info/SOURCES.txt'
[3.195s] reading manifest file '../build/mission_controller/mission_controller.egg-info/SOURCES.txt'
[3.195s] adding license file 'LICENSE'
[3.196s] writing manifest file '../build/mission_controller/mission_controller.egg-info/SOURCES.txt'
[3.196s] running build
[3.196s] running build_py
[3.196s] creating /home/user/exchange/workspace/src/build/mission_controller/build
[3.196s] creating /home/user/exchange/workspace/src/build/mission_controller/build/lib
[3.197s] creating /home/user/exchange/workspace/src/build/mission_controller/build/lib/mission_controller
[3.197s] copying mission_controller/__init__.py -> /home/user/exchange/workspace/src/build/mission_controller/build/lib/mission_controller
[3.197s] copying mission_controller/mission_controller.py -> /home/user/exchange/workspace/src/build/mission_controller/build/lib/mission_controller
[3.197s] copying mission_controller/i18n.py -> /home/user/exchange/workspace/src/build/mission_controller/build/lib/mission_controller
[3.197s] copying mission_controller/run_app.py -> /home/user/exchange/workspace/src/build/mission_controller/build/lib/mission_controller
[3.198s] running install
[3.198s] running install_lib
[3.199s] creating /home/user/exchange/workspace/src/install/mission_controller/lib/python3.10/site-packages/mission_controller
[3.199s] copying /home/user/exchange/workspace/src/build/mission_controller/build/lib/mission_controller/__init__.py -> /home/user/exchange/workspace/src/install/mission_controller/lib/python3.10/site-packages/mission_controller
[3.199s] copying /home/user/exchange/workspace/src/build/mission_controller/build/lib/mission_controller/mission_controller.py -> /home/user/exchange/workspace/src/install/mission_controller/lib/python3.10/site-packages/mission_controller
[3.199s] copying /home/user/exchange/workspace/src/build/mission_controller/build/lib/mission_controller/i18n.py -> /home/user/exchange/workspace/src/install/mission_controller/lib/python3.10/site-packages/mission_controller
[3.200s] copying /home/user/exchange/workspace/src/build/mission_controller/build/lib/mission_controller/run_app.py -> /home/user/exchange/workspace/src/install/mission_controller/lib/python3.10/site-packages/mission_controller
[3.200s] byte-compiling /home/user/exchange/workspace/src/install/mission_controller/lib/python3.10/site-packages/mission_controller/__init__.py to __init__.cpython-310.pyc
[3.200s] byte-compiling /home/user/exchange/workspace/src/install/mission_controller/lib/python3.10/site-packages/mission_controller/mission_controller.py to mission_controller.cpython-310.pyc
[3.202s] byte-compiling /home/user/exchange/workspace/src/install/mission_controller/lib/python3.10/site-packages/mission_controller/i18n.py to i18n.cpython-310.pyc
[3.203s] byte-compiling /home/user/exchange/workspace/src/install/mission_controller/lib/python3.10/site-packages/mission_controller/run_app.py to run_app.cpython-310.pyc
[3.203s] running install_data
[3.203s] copying package.xml -> /home/user/exchange/workspace/src/install/mission_controller/share/mission_controller
[3.203s] creating /home/user/exchange/workspace/src/install/mission_controller/share/ament_index
[3.203s] creating /home/user/exchange/workspace/src/install/mission_controller/share/ament_index/resource_index
[3.204s] creating /home/user/exchange/workspace/src/install/mission_controller/share/ament_index/resource_index/packages
[3.204s] copying res/mission_controller -> /home/user/exchange/workspace/src/install/mission_controller/share/ament_index/resource_index/packages
[3.204s] creating /home/user/exchange/workspace/src/install/mission_controller/share/ament_index/resource_index/pal_system_module
[3.204s] copying res/module/mission_controller -> /home/user/exchange/workspace/src/install/mission_controller/share/ament_index/resource_index/pal_system_module
[3.204s] creating /home/user/exchange/workspace/src/install/mission_controller/share/mission_controller/launch
[3.204s] copying launch/mission_controller.launch.py -> /home/user/exchange/workspace/src/install/mission_controller/share/mission_controller/launch
[3.204s] creating /home/user/exchange/workspace/src/install/mission_controller/share/mission_controller/module
[3.204s] copying res/module/mission_controller_module.yaml -> /home/user/exchange/workspace/src/install/mission_controller/share/mission_controller/module
[3.205s] creating /home/user/exchange/workspace/src/install/mission_controller/share/ament_index/resource_index/i18n.localized_nodes
[3.205s] copying res/localized_nodes/mission_controller -> /home/user/exchange/workspace/src/install/mission_controller/share/ament_index/resource_index/i18n.localized_nodes
[3.205s] creating /home/user/exchange/workspace/src/install/mission_controller/share/mission_controller/locales
[3.205s] creating /home/user/exchange/workspace/src/install/mission_controller/share/mission_controller/locales/es_ES
[3.205s] creating /home/user/exchange/workspace/src/install/mission_controller/share/mission_controller/locales/es_ES/LC_MESSAGES
[3.205s] copying locales/es_ES/LC_MESSAGES/messages.mo -> /home/user/exchange/workspace/src/install/mission_controller/share/mission_controller/locales/es_ES/LC_MESSAGES
[3.205s] creating /home/user/exchange/workspace/src/install/mission_controller/share/mission_controller/locales/en_US
[3.206s] creating /home/user/exchange/workspace/src/install/mission_controller/share/mission_controller/locales/en_US/LC_MESSAGES
[3.206s] copying locales/en_US/LC_MESSAGES/messages.mo -> /home/user/exchange/workspace/src/install/mission_controller/share/mission_controller/locales/en_US/LC_MESSAGES
[3.206s] creating /home/user/exchange/workspace/src/install/mission_controller/share/mission_controller/ui
[3.206s] copying res/ui/mission_controller.qmlproject -> /home/user/exchange/workspace/src/install/mission_controller/share/mission_controller/ui/.
[3.206s] copying res/ui/.gitignore -> /home/user/exchange/workspace/src/install/mission_controller/share/mission_controller/ui/.
[3.206s] copying res/ui/IconButton.ui.qml -> /home/user/exchange/workspace/src/install/mission_controller/share/mission_controller/ui/.
[3.207s] copying res/ui/README.md -> /home/user/exchange/workspace/src/install/mission_controller/share/mission_controller/ui/.
[3.207s] copying res/ui/MainPage.qml -> /home/user/exchange/workspace/src/install/mission_controller/share/mission_controller/ui/.
[3.207s] copying res/ui/AppUI.qml -> /home/user/exchange/workspace/src/install/mission_controller/share/mission_controller/ui/.
[3.207s] copying res/ui/qmldir -> /home/user/exchange/workspace/src/install/mission_controller/share/mission_controller/ui/.
[3.208s] creating /home/user/exchange/workspace/src/install/mission_controller/share/mission_controller/ui/Ros
[3.208s] copying res/ui/Ros/Param.qml -> /home/user/exchange/workspace/src/install/mission_controller/share/mission_controller/ui/Ros
[3.208s] copying res/ui/Ros/Topic.qml -> /home/user/exchange/workspace/src/install/mission_controller/share/mission_controller/ui/Ros
[3.208s] copying res/ui/Ros/Service.qml -> /home/user/exchange/workspace/src/install/mission_controller/share/mission_controller/ui/Ros
[3.209s] copying res/ui/Ros/qmldir -> /home/user/exchange/workspace/src/install/mission_controller/share/mission_controller/ui/Ros
[3.209s] copying res/ui/Ros/Action.qml -> /home/user/exchange/workspace/src/install/mission_controller/share/mission_controller/ui/Ros
[3.209s] creating /home/user/exchange/workspace/src/install/mission_controller/share/mission_controller/ui/fonts
[3.209s] copying res/ui/fonts/Inter.ttf -> /home/user/exchange/workspace/src/install/mission_controller/share/mission_controller/ui/fonts
[3.212s] creating /home/user/exchange/workspace/src/install/mission_controller/share/mission_controller/ui/js
[3.212s] copying res/ui/js/Constants.js -> /home/user/exchange/workspace/src/install/mission_controller/share/mission_controller/ui/js
[3.212s] creating /home/user/exchange/workspace/src/install/mission_controller/share/mission_controller/ui/images
[3.212s] copying res/ui/images/main.png -> /home/user/exchange/workspace/src/install/mission_controller/share/mission_controller/ui/images
[3.216s] copying res/ui/images/wallpaper.jpg -> /home/user/exchange/workspace/src/install/mission_controller/share/mission_controller/ui/images
[3.216s] copying res/ui/images/push.svg -> /home/user/exchange/workspace/src/install/mission_controller/share/mission_controller/ui/images
[3.217s] copying res/ui/images/back.svg -> /home/user/exchange/workspace/src/install/mission_controller/share/mission_controller/ui/images
[3.217s] copying res/ui/images/robot-love.svg -> /home/user/exchange/workspace/src/install/mission_controller/share/mission_controller/ui/images
[3.217s] running install_egg_info
[3.219s] Copying ../build/mission_controller/mission_controller.egg-info to /home/user/exchange/workspace/src/install/mission_controller/lib/python3.10/site-packages/mission_controller-0.1.0-py3.10.egg-info
[3.220s] running install_scripts
[3.239s] Installing run_app script to /home/user/exchange/workspace/src/install/mission_controller/lib/mission_controller
[3.239s] writing list of installed files to '/home/user/exchange/workspace/src/build/mission_controller/install.log'
[3.275s] Invoked command in '/home/user/exchange/workspace/src/mission_controller' returned '0': AMENT_PREFIX_PATH=/home/user/exchange/workspace/src/install/task_msgs:${AMENT_PREFIX_PATH} CMAKE_PREFIX_PATH=/home/user/exchange/workspace/src/install/task_msgs LD_LIBRARY_PATH=/home/user/exchange/workspace/src/install/task_msgs/lib:${LD_LIBRARY_PATH} PYTHONPATH=/home/user/exchange/workspace/src/build/mission_controller/prefix_override:/usr/lib/python3/dist-packages/colcon_core/task/python/colcon_distutils_commands:/home/user/exchange/workspace/src/install/mission_controller/lib/python3.10/site-packages:/home/user/exchange/workspace/src/install/task_msgs/local/lib/python3.10/dist-packages:${PYTHONPATH} /usr/bin/python3 -W ignore:setup.py install is deprecated -W ignore:easy_install command is deprecated setup.py egg_info --egg-base ../build/mission_controller build --build-base /home/user/exchange/workspace/src/build/mission_controller/build install --record /home/user/exchange/workspace/src/build/mission_controller/install.log --single-version-externally-managed install_data
