[0.021s] Invoking command in '/home/user/exchange/workspace/build/task_msgs': CMAKE_PREFIX_PATH=/opt/pal/alum:/opt/ros/humble /usr/bin/cmake /home/user/exchange/workspace/src/task_msgs -DCMAKE_INSTALL_PREFIX=/home/user/exchange/workspace/install/task_msgs
[0.276s] -- The C compiler identification is GNU 11.4.0
[0.276s] -- The CXX compiler identification is GNU 11.4.0
[0.276s] -- Detecting C compiler ABI info
[0.336s] -- Detecting C compiler ABI info - done
[0.348s] -- Check for working C compiler: /usr/bin/cc - skipped
[0.348s] -- Detecting C compile features
[0.349s] -- Detecting C compile features - done
[0.353s] -- Detecting CXX compiler ABI info
[0.431s] -- Detecting CXX compiler ABI info - done
[0.444s] -- Check for working CXX compiler: /usr/bin/c++ - skipped
[0.445s] -- Detecting CXX compile features
[0.445s] -- Detecting CXX compile features - done
[0.449s] -- Found ament_cmake: 1.3.11 (/opt/ros/humble/share/ament_cmake/cmake)
[0.624s] -- Found Python3: /usr/bin/python3 (found version "3.10.12") found components: Interpreter 
[0.719s] -- Found rosidl_default_generators: 1.2.0 (/opt/ros/humble/share/rosidl_default_generators/cmake)
[0.724s] -- Using all available rosidl_typesupport_c: rosidl_typesupport_fastrtps_c;rosidl_typesupport_introspection_c
[0.732s] -- Found rosidl_adapter: 3.1.6 (/opt/ros/humble/share/rosidl_adapter/cmake)
[0.780s] -- Using all available rosidl_typesupport_cpp: rosidl_typesupport_fastrtps_cpp;rosidl_typesupport_introspection_cpp
[1.160s] -- Found ament_cmake_ros: 0.10.0 (/opt/ros/humble/share/ament_cmake_ros/cmake)
[1.384s] -- Using all available rosidl_typesupport_c: rosidl_typesupport_fastrtps_c;rosidl_typesupport_introspection_c
[1.650s] -- Using all available rosidl_typesupport_cpp: rosidl_typesupport_fastrtps_cpp;rosidl_typesupport_introspection_cpp
[1.675s] -- Found PythonInterp: /usr/bin/python3 (found suitable version "3.10.12", minimum required is "3.6") 
[1.677s] -- Found python_cmake_module: 0.10.0 (/opt/ros/humble/share/python_cmake_module/cmake)
[1.703s] -- Found PythonLibs: /usr/lib/x86_64-linux-gnu/libpython3.10.so (found suitable version "3.10.12", minimum required is "3.5") 
[1.703s] -- Using PYTHON_EXECUTABLE: /usr/bin/python3
[1.703s] -- Using PYTHON_INCLUDE_DIRS: /usr/include/python3.10
[1.703s] -- Using PYTHON_LIBRARIES: /usr/lib/x86_64-linux-gnu/libpython3.10.so
[1.724s] -- Found PythonExtra: .so  
[1.794s] -- Found ament_lint_auto: 0.12.12 (/opt/ros/humble/share/ament_lint_auto/cmake)
[1.832s] -- Added test 'copyright' to check source files copyright and LICENSE
[1.835s] -- Added test 'lint_cmake' to check CMake code style
[1.836s] -- Added test 'xmllint' to check XML markup files
[1.840s] -- Configuring done
[1.881s] -- Generating done
[1.898s] -- Build files have been written to: /home/user/exchange/workspace/build/task_msgs
[1.906s] Invoked command in '/home/user/exchange/workspace/build/task_msgs' returned '0': CMAKE_PREFIX_PATH=/opt/pal/alum:/opt/ros/humble /usr/bin/cmake /home/user/exchange/workspace/src/task_msgs -DCMAKE_INSTALL_PREFIX=/home/user/exchange/workspace/install/task_msgs
[1.908s] Invoking command in '/home/user/exchange/workspace/build/task_msgs': CMAKE_PREFIX_PATH=/opt/pal/alum:/opt/ros/humble /usr/bin/cmake --build /home/user/exchange/workspace/build/task_msgs -- -j8 -l8
[1.940s] [  3%] [34m[1mGenerating C code for ROS interfaces[0m
[1.947s] [  6%] [34m[1mGenerating C++ code for ROS interfaces[0m
[1.954s] [  6%] Built target ament_cmake_python_copy_task_msgs
[2.260s] running egg_info
[2.261s] creating task_msgs.egg-info
[2.262s] writing task_msgs.egg-info/PKG-INFO
[2.262s] writing dependency_links to task_msgs.egg-info/dependency_links.txt
[2.262s] writing top-level names to task_msgs.egg-info/top_level.txt
[2.263s] writing manifest file 'task_msgs.egg-info/SOURCES.txt'
[2.265s] reading manifest file 'task_msgs.egg-info/SOURCES.txt'
[2.266s] writing manifest file 'task_msgs.egg-info/SOURCES.txt'
[2.303s] [  6%] Built target ament_cmake_python_build_task_msgs_egg
[2.695s] [  6%] Built target task_msgs__cpp
[2.705s] [  9%] [34m[1mGenerating C++ type support dispatch for ROS interfaces[0m
[2.709s] [ 12%] [34m[1mGenerating C++ type support for eProsima Fast-RTPS[0m
[2.710s] [ 16%] [32mBuilding C object CMakeFiles/task_msgs__rosidl_generator_c.dir/rosidl_generator_c/task_msgs/action/detail/task_control__functions.c.o[0m
[2.713s] [ 19%] [34m[1mGenerating C++ introspection for ROS interfaces[0m
[3.076s] [ 22%] [32m[1mLinking C shared library libtask_msgs__rosidl_generator_c.so[0m
[3.166s] [ 22%] Built target task_msgs__rosidl_generator_c
[3.184s] [ 25%] [34m[1mGenerating C type support for eProsima Fast-RTPS[0m
[3.208s] [ 29%] [34m[1mGenerating C introspection for ROS interfaces[0m
[3.221s] [ 32%] [34m[1mGenerating C type support dispatch for ROS interfaces[0m
[3.295s] [ 35%] [32mBuilding CXX object CMakeFiles/task_msgs__rosidl_typesupport_cpp.dir/rosidl_typesupport_cpp/task_msgs/action/task_control__type_support.cpp.o[0m
[3.408s] [ 38%] [32mBuilding CXX object CMakeFiles/task_msgs__rosidl_typesupport_introspection_cpp.dir/rosidl_typesupport_introspection_cpp/task_msgs/action/detail/task_control__type_support.cpp.o[0m
[3.641s] [ 41%] [32mBuilding CXX object CMakeFiles/task_msgs__rosidl_typesupport_fastrtps_cpp.dir/rosidl_typesupport_fastrtps_cpp/task_msgs/action/detail/dds_fastrtps/task_control__type_support.cpp.o[0m
[4.082s] [ 45%] [32mBuilding CXX object CMakeFiles/task_msgs__rosidl_typesupport_fastrtps_c.dir/rosidl_typesupport_fastrtps_c/task_msgs/action/detail/task_control__type_support_c.cpp.o[0m
[4.233s] [ 48%] [32mBuilding CXX object CMakeFiles/task_msgs__rosidl_typesupport_c.dir/rosidl_typesupport_c/task_msgs/action/task_control__type_support.cpp.o[0m
[4.396s] [ 51%] [32mBuilding C object CMakeFiles/task_msgs__rosidl_typesupport_introspection_c.dir/rosidl_typesupport_introspection_c/task_msgs/action/detail/task_control__type_support.c.o[0m
[4.420s] [ 54%] [32m[1mLinking CXX shared library libtask_msgs__rosidl_typesupport_c.so[0m
[4.493s] [ 58%] [32m[1mLinking C shared library libtask_msgs__rosidl_typesupport_introspection_c.so[0m
[4.539s] [ 61%] [32m[1mLinking CXX shared library libtask_msgs__rosidl_typesupport_cpp.so[0m
[4.548s] [ 61%] Built target task_msgs__rosidl_typesupport_c
[4.559s] [ 61%] Built target task_msgs__rosidl_typesupport_introspection_c
[4.593s] [ 64%] [32m[1mLinking CXX shared library libtask_msgs__rosidl_typesupport_introspection_cpp.so[0m
[4.598s] [ 64%] Built target task_msgs__rosidl_typesupport_cpp
[4.698s] [ 64%] Built target task_msgs__rosidl_typesupport_introspection_cpp
[4.723s] [ 67%] [32m[1mLinking CXX shared library libtask_msgs__rosidl_typesupport_fastrtps_c.so[0m
[4.836s] [ 67%] Built target task_msgs__rosidl_typesupport_fastrtps_c
[4.864s] [ 70%] [32m[1mLinking CXX shared library libtask_msgs__rosidl_typesupport_fastrtps_cpp.so[0m
[4.931s] [ 70%] Built target task_msgs__rosidl_typesupport_fastrtps_cpp
[4.947s] [ 70%] Built target task_msgs
[4.964s] [ 74%] [34m[1mGenerating Python code for ROS interfaces[0m
[5.612s] [ 74%] Built target task_msgs__py
[5.629s] [ 77%] [32mBuilding C object CMakeFiles/task_msgs__rosidl_generator_py.dir/rosidl_generator_py/task_msgs/action/_task_control_s.c.o[0m
[5.774s] [ 80%] [32m[1mLinking C shared library rosidl_generator_py/task_msgs/libtask_msgs__rosidl_generator_py.so[0m
[5.810s] [ 80%] Built target task_msgs__rosidl_generator_py
[5.828s] [ 87%] [32mBuilding C object CMakeFiles/task_msgs__rosidl_typesupport_c__pyext.dir/rosidl_generator_py/task_msgs/_task_msgs_s.ep.rosidl_typesupport_c.c.o[0m
[5.828s] [ 87%] [32mBuilding C object CMakeFiles/task_msgs__rosidl_typesupport_introspection_c__pyext.dir/rosidl_generator_py/task_msgs/_task_msgs_s.ep.rosidl_typesupport_introspection_c.c.o[0m
[5.830s] [ 90%] [32mBuilding C object CMakeFiles/task_msgs__rosidl_typesupport_fastrtps_c__pyext.dir/rosidl_generator_py/task_msgs/_task_msgs_s.ep.rosidl_typesupport_fastrtps_c.c.o[0m
[5.938s] [ 96%] [32m[1mLinking C shared library rosidl_generator_py/task_msgs/task_msgs_s__rosidl_typesupport_introspection_c.cpython-310-x86_64-linux-gnu.so[0m
[5.938s] [ 96%] [32m[1mLinking C shared library rosidl_generator_py/task_msgs/task_msgs_s__rosidl_typesupport_c.cpython-310-x86_64-linux-gnu.so[0m
[5.948s] [100%] [32m[1mLinking C shared library rosidl_generator_py/task_msgs/task_msgs_s__rosidl_typesupport_fastrtps_c.cpython-310-x86_64-linux-gnu.so[0m
[5.975s] [100%] Built target task_msgs__rosidl_typesupport_introspection_c__pyext
[5.981s] [100%] Built target task_msgs__rosidl_typesupport_c__pyext
[5.984s] [100%] Built target task_msgs__rosidl_typesupport_fastrtps_c__pyext
[6.074s] Invoked command in '/home/user/exchange/workspace/build/task_msgs' returned '0': CMAKE_PREFIX_PATH=/opt/pal/alum:/opt/ros/humble /usr/bin/cmake --build /home/user/exchange/workspace/build/task_msgs -- -j8 -l8
[6.075s] Invoking command in '/home/user/exchange/workspace/build/task_msgs': CMAKE_PREFIX_PATH=/opt/pal/alum:/opt/ros/humble /usr/bin/cmake --install /home/user/exchange/workspace/build/task_msgs
[6.082s] -- Install configuration: ""
[6.082s] -- Installing: /home/user/exchange/workspace/install/task_msgs/share/ament_index/resource_index/rosidl_interfaces/task_msgs
[6.082s] -- Installing: /home/user/exchange/workspace/install/task_msgs/include/task_msgs/task_msgs
[6.082s] -- Installing: /home/user/exchange/workspace/install/task_msgs/include/task_msgs/task_msgs/msg
[6.082s] -- Installing: /home/user/exchange/workspace/install/task_msgs/include/task_msgs/task_msgs/msg/rosidl_generator_c__visibility_control.h
[6.082s] -- Installing: /home/user/exchange/workspace/install/task_msgs/include/task_msgs/task_msgs/action
[6.082s] -- Installing: /home/user/exchange/workspace/install/task_msgs/include/task_msgs/task_msgs/action/detail
[6.083s] -- Installing: /home/user/exchange/workspace/install/task_msgs/include/task_msgs/task_msgs/action/detail/task_control__functions.h
[6.083s] -- Installing: /home/user/exchange/workspace/install/task_msgs/include/task_msgs/task_msgs/action/detail/task_control__struct.h
[6.083s] -- Installing: /home/user/exchange/workspace/install/task_msgs/include/task_msgs/task_msgs/action/detail/task_control__type_support.h
[6.083s] -- Installing: /home/user/exchange/workspace/install/task_msgs/include/task_msgs/task_msgs/action/detail/task_control__functions.c
[6.083s] -- Installing: /home/user/exchange/workspace/install/task_msgs/include/task_msgs/task_msgs/action/task_control.h
[6.084s] -- Installing: /home/user/exchange/workspace/install/task_msgs/share/task_msgs/environment/library_path.sh
[6.084s] -- Installing: /home/user/exchange/workspace/install/task_msgs/share/task_msgs/environment/library_path.dsv
[6.084s] -- Installing: /home/user/exchange/workspace/install/task_msgs/lib/libtask_msgs__rosidl_generator_c.so
[6.084s] -- Set runtime path of "/home/user/exchange/workspace/install/task_msgs/lib/libtask_msgs__rosidl_generator_c.so" to ""
[6.085s] -- Up-to-date: /home/user/exchange/workspace/install/task_msgs/include/task_msgs/task_msgs
[6.085s] -- Up-to-date: /home/user/exchange/workspace/install/task_msgs/include/task_msgs/task_msgs/msg
[6.085s] -- Installing: /home/user/exchange/workspace/install/task_msgs/include/task_msgs/task_msgs/msg/rosidl_typesupport_fastrtps_c__visibility_control.h
[6.085s] -- Up-to-date: /home/user/exchange/workspace/install/task_msgs/include/task_msgs/task_msgs/action
[6.085s] -- Up-to-date: /home/user/exchange/workspace/install/task_msgs/include/task_msgs/task_msgs/action/detail
[6.085s] -- Installing: /home/user/exchange/workspace/install/task_msgs/include/task_msgs/task_msgs/action/detail/task_control__rosidl_typesupport_fastrtps_c.h
[6.085s] -- Installing: /home/user/exchange/workspace/install/task_msgs/lib/libtask_msgs__rosidl_typesupport_fastrtps_c.so
[6.085s] -- Set runtime path of "/home/user/exchange/workspace/install/task_msgs/lib/libtask_msgs__rosidl_typesupport_fastrtps_c.so" to ""
[6.086s] -- Up-to-date: /home/user/exchange/workspace/install/task_msgs/include/task_msgs/task_msgs
[6.086s] -- Up-to-date: /home/user/exchange/workspace/install/task_msgs/include/task_msgs/task_msgs/msg
[6.086s] -- Installing: /home/user/exchange/workspace/install/task_msgs/include/task_msgs/task_msgs/msg/rosidl_typesupport_introspection_c__visibility_control.h
[6.086s] -- Up-to-date: /home/user/exchange/workspace/install/task_msgs/include/task_msgs/task_msgs/action
[6.086s] -- Up-to-date: /home/user/exchange/workspace/install/task_msgs/include/task_msgs/task_msgs/action/detail
[6.086s] -- Installing: /home/user/exchange/workspace/install/task_msgs/include/task_msgs/task_msgs/action/detail/task_control__type_support.c
[6.086s] -- Installing: /home/user/exchange/workspace/install/task_msgs/include/task_msgs/task_msgs/action/detail/task_control__rosidl_typesupport_introspection_c.h
[6.086s] -- Installing: /home/user/exchange/workspace/install/task_msgs/lib/libtask_msgs__rosidl_typesupport_introspection_c.so
[6.087s] -- Set runtime path of "/home/user/exchange/workspace/install/task_msgs/lib/libtask_msgs__rosidl_typesupport_introspection_c.so" to ""
[6.087s] -- Installing: /home/user/exchange/workspace/install/task_msgs/lib/libtask_msgs__rosidl_typesupport_c.so
[6.087s] -- Set runtime path of "/home/user/exchange/workspace/install/task_msgs/lib/libtask_msgs__rosidl_typesupport_c.so" to ""
[6.087s] -- Up-to-date: /home/user/exchange/workspace/install/task_msgs/include/task_msgs/task_msgs
[6.087s] -- Up-to-date: /home/user/exchange/workspace/install/task_msgs/include/task_msgs/task_msgs/msg
[6.088s] -- Installing: /home/user/exchange/workspace/install/task_msgs/include/task_msgs/task_msgs/msg/rosidl_generator_cpp__visibility_control.hpp
[6.088s] -- Up-to-date: /home/user/exchange/workspace/install/task_msgs/include/task_msgs/task_msgs/action
[6.088s] -- Up-to-date: /home/user/exchange/workspace/install/task_msgs/include/task_msgs/task_msgs/action/detail
[6.088s] -- Installing: /home/user/exchange/workspace/install/task_msgs/include/task_msgs/task_msgs/action/detail/task_control__type_support.hpp
[6.088s] -- Installing: /home/user/exchange/workspace/install/task_msgs/include/task_msgs/task_msgs/action/detail/task_control__struct.hpp
[6.088s] -- Installing: /home/user/exchange/workspace/install/task_msgs/include/task_msgs/task_msgs/action/detail/task_control__traits.hpp
[6.088s] -- Installing: /home/user/exchange/workspace/install/task_msgs/include/task_msgs/task_msgs/action/detail/task_control__builder.hpp
[6.088s] -- Installing: /home/user/exchange/workspace/install/task_msgs/include/task_msgs/task_msgs/action/task_control.hpp
[6.088s] -- Up-to-date: /home/user/exchange/workspace/install/task_msgs/include/task_msgs/task_msgs
[6.088s] -- Up-to-date: /home/user/exchange/workspace/install/task_msgs/include/task_msgs/task_msgs/msg
[6.089s] -- Installing: /home/user/exchange/workspace/install/task_msgs/include/task_msgs/task_msgs/msg/rosidl_typesupport_fastrtps_cpp__visibility_control.h
[6.089s] -- Up-to-date: /home/user/exchange/workspace/install/task_msgs/include/task_msgs/task_msgs/action
[6.089s] -- Up-to-date: /home/user/exchange/workspace/install/task_msgs/include/task_msgs/task_msgs/action/detail
[6.089s] -- Installing: /home/user/exchange/workspace/install/task_msgs/include/task_msgs/task_msgs/action/detail/dds_fastrtps
[6.089s] -- Installing: /home/user/exchange/workspace/install/task_msgs/include/task_msgs/task_msgs/action/detail/task_control__rosidl_typesupport_fastrtps_cpp.hpp
[6.089s] -- Installing: /home/user/exchange/workspace/install/task_msgs/lib/libtask_msgs__rosidl_typesupport_fastrtps_cpp.so
[6.089s] -- Set runtime path of "/home/user/exchange/workspace/install/task_msgs/lib/libtask_msgs__rosidl_typesupport_fastrtps_cpp.so" to ""
[6.090s] -- Up-to-date: /home/user/exchange/workspace/install/task_msgs/include/task_msgs/task_msgs
[6.090s] -- Up-to-date: /home/user/exchange/workspace/install/task_msgs/include/task_msgs/task_msgs/action
[6.090s] -- Up-to-date: /home/user/exchange/workspace/install/task_msgs/include/task_msgs/task_msgs/action/detail
[6.090s] -- Installing: /home/user/exchange/workspace/install/task_msgs/include/task_msgs/task_msgs/action/detail/task_control__rosidl_typesupport_introspection_cpp.hpp
[6.090s] -- Installing: /home/user/exchange/workspace/install/task_msgs/include/task_msgs/task_msgs/action/detail/task_control__type_support.cpp
[6.090s] -- Installing: /home/user/exchange/workspace/install/task_msgs/lib/libtask_msgs__rosidl_typesupport_introspection_cpp.so
[6.090s] -- Set runtime path of "/home/user/exchange/workspace/install/task_msgs/lib/libtask_msgs__rosidl_typesupport_introspection_cpp.so" to ""
[6.091s] -- Installing: /home/user/exchange/workspace/install/task_msgs/lib/libtask_msgs__rosidl_typesupport_cpp.so
[6.091s] -- Set runtime path of "/home/user/exchange/workspace/install/task_msgs/lib/libtask_msgs__rosidl_typesupport_cpp.so" to ""
[6.091s] -- Installing: /home/user/exchange/workspace/install/task_msgs/share/task_msgs/environment/pythonpath.sh
[6.091s] -- Installing: /home/user/exchange/workspace/install/task_msgs/share/task_msgs/environment/pythonpath.dsv
[6.091s] -- Installing: /home/user/exchange/workspace/install/task_msgs/local/lib/python3.10/dist-packages/task_msgs-0.1.0-py3.10.egg-info
[6.091s] -- Installing: /home/user/exchange/workspace/install/task_msgs/local/lib/python3.10/dist-packages/task_msgs-0.1.0-py3.10.egg-info/SOURCES.txt
[6.091s] -- Installing: /home/user/exchange/workspace/install/task_msgs/local/lib/python3.10/dist-packages/task_msgs-0.1.0-py3.10.egg-info/top_level.txt
[6.092s] -- Installing: /home/user/exchange/workspace/install/task_msgs/local/lib/python3.10/dist-packages/task_msgs-0.1.0-py3.10.egg-info/PKG-INFO
[6.092s] -- Installing: /home/user/exchange/workspace/install/task_msgs/local/lib/python3.10/dist-packages/task_msgs-0.1.0-py3.10.egg-info/dependency_links.txt
[6.092s] -- Installing: /home/user/exchange/workspace/install/task_msgs/local/lib/python3.10/dist-packages/task_msgs
[6.092s] -- Installing: /home/user/exchange/workspace/install/task_msgs/local/lib/python3.10/dist-packages/task_msgs/__init__.py
[6.092s] -- Installing: /home/user/exchange/workspace/install/task_msgs/local/lib/python3.10/dist-packages/task_msgs/_task_msgs_s.ep.rosidl_typesupport_introspection_c.c
[6.092s] -- Installing: /home/user/exchange/workspace/install/task_msgs/local/lib/python3.10/dist-packages/task_msgs/task_msgs_s__rosidl_typesupport_introspection_c.cpython-310-x86_64-linux-gnu.so
[6.092s] -- Installing: /home/user/exchange/workspace/install/task_msgs/local/lib/python3.10/dist-packages/task_msgs/libtask_msgs__rosidl_generator_py.so
[6.093s] -- Installing: /home/user/exchange/workspace/install/task_msgs/local/lib/python3.10/dist-packages/task_msgs/_task_msgs_s.ep.rosidl_typesupport_c.c
[6.093s] -- Installing: /home/user/exchange/workspace/install/task_msgs/local/lib/python3.10/dist-packages/task_msgs/task_msgs_s__rosidl_typesupport_fastrtps_c.cpython-310-x86_64-linux-gnu.so
[6.093s] -- Installing: /home/user/exchange/workspace/install/task_msgs/local/lib/python3.10/dist-packages/task_msgs/action
[6.093s] -- Installing: /home/user/exchange/workspace/install/task_msgs/local/lib/python3.10/dist-packages/task_msgs/action/__init__.py
[6.093s] -- Installing: /home/user/exchange/workspace/install/task_msgs/local/lib/python3.10/dist-packages/task_msgs/action/_task_control.py
[6.093s] -- Installing: /home/user/exchange/workspace/install/task_msgs/local/lib/python3.10/dist-packages/task_msgs/action/_task_control_s.c
[6.093s] -- Installing: /home/user/exchange/workspace/install/task_msgs/local/lib/python3.10/dist-packages/task_msgs/_task_msgs_s.ep.rosidl_typesupport_fastrtps_c.c
[6.094s] -- Installing: /home/user/exchange/workspace/install/task_msgs/local/lib/python3.10/dist-packages/task_msgs/task_msgs_s__rosidl_typesupport_c.cpython-310-x86_64-linux-gnu.so
[6.132s] Listing '/home/user/exchange/workspace/install/task_msgs/local/lib/python3.10/dist-packages/task_msgs'...
[6.132s] Compiling '/home/user/exchange/workspace/install/task_msgs/local/lib/python3.10/dist-packages/task_msgs/__init__.py'...
[6.132s] Listing '/home/user/exchange/workspace/install/task_msgs/local/lib/python3.10/dist-packages/task_msgs/action'...
[6.132s] Compiling '/home/user/exchange/workspace/install/task_msgs/local/lib/python3.10/dist-packages/task_msgs/action/__init__.py'...
[6.132s] Compiling '/home/user/exchange/workspace/install/task_msgs/local/lib/python3.10/dist-packages/task_msgs/action/_task_control.py'...
[6.138s] -- Installing: /home/user/exchange/workspace/install/task_msgs/local/lib/python3.10/dist-packages/task_msgs/task_msgs_s__rosidl_typesupport_fastrtps_c.cpython-310-x86_64-linux-gnu.so
[6.138s] -- Set runtime path of "/home/user/exchange/workspace/install/task_msgs/local/lib/python3.10/dist-packages/task_msgs/task_msgs_s__rosidl_typesupport_fastrtps_c.cpython-310-x86_64-linux-gnu.so" to ""
[6.138s] -- Installing: /home/user/exchange/workspace/install/task_msgs/local/lib/python3.10/dist-packages/task_msgs/task_msgs_s__rosidl_typesupport_introspection_c.cpython-310-x86_64-linux-gnu.so
[6.139s] -- Set runtime path of "/home/user/exchange/workspace/install/task_msgs/local/lib/python3.10/dist-packages/task_msgs/task_msgs_s__rosidl_typesupport_introspection_c.cpython-310-x86_64-linux-gnu.so" to ""
[6.139s] -- Installing: /home/user/exchange/workspace/install/task_msgs/local/lib/python3.10/dist-packages/task_msgs/task_msgs_s__rosidl_typesupport_c.cpython-310-x86_64-linux-gnu.so
[6.139s] -- Set runtime path of "/home/user/exchange/workspace/install/task_msgs/local/lib/python3.10/dist-packages/task_msgs/task_msgs_s__rosidl_typesupport_c.cpython-310-x86_64-linux-gnu.so" to ""
[6.139s] -- Installing: /home/user/exchange/workspace/install/task_msgs/lib/libtask_msgs__rosidl_generator_py.so
[6.140s] -- Set runtime path of "/home/user/exchange/workspace/install/task_msgs/lib/libtask_msgs__rosidl_generator_py.so" to ""
[6.140s] -- Installing: /home/user/exchange/workspace/install/task_msgs/share/task_msgs/action/TaskControl.idl
[6.140s] -- Installing: /home/user/exchange/workspace/install/task_msgs/share/task_msgs/action/TaskControl.action
[6.140s] -- Installing: /home/user/exchange/workspace/install/task_msgs/share/ament_index/resource_index/package_run_dependencies/task_msgs
[6.140s] -- Installing: /home/user/exchange/workspace/install/task_msgs/share/ament_index/resource_index/parent_prefix_path/task_msgs
[6.140s] -- Installing: /home/user/exchange/workspace/install/task_msgs/share/task_msgs/environment/ament_prefix_path.sh
[6.140s] -- Installing: /home/user/exchange/workspace/install/task_msgs/share/task_msgs/environment/ament_prefix_path.dsv
[6.141s] -- Installing: /home/user/exchange/workspace/install/task_msgs/share/task_msgs/environment/path.sh
[6.141s] -- Installing: /home/user/exchange/workspace/install/task_msgs/share/task_msgs/environment/path.dsv
[6.141s] -- Installing: /home/user/exchange/workspace/install/task_msgs/share/task_msgs/local_setup.bash
[6.141s] -- Installing: /home/user/exchange/workspace/install/task_msgs/share/task_msgs/local_setup.sh
[6.141s] -- Installing: /home/user/exchange/workspace/install/task_msgs/share/task_msgs/local_setup.zsh
[6.141s] -- Installing: /home/user/exchange/workspace/install/task_msgs/share/task_msgs/local_setup.dsv
[6.141s] -- Installing: /home/user/exchange/workspace/install/task_msgs/share/task_msgs/package.dsv
[6.141s] -- Installing: /home/user/exchange/workspace/install/task_msgs/share/ament_index/resource_index/packages/task_msgs
[6.142s] -- Installing: /home/user/exchange/workspace/install/task_msgs/share/task_msgs/cmake/export_task_msgs__rosidl_generator_cExport.cmake
[6.142s] -- Installing: /home/user/exchange/workspace/install/task_msgs/share/task_msgs/cmake/export_task_msgs__rosidl_generator_cExport-noconfig.cmake
[6.142s] -- Installing: /home/user/exchange/workspace/install/task_msgs/share/task_msgs/cmake/export_task_msgs__rosidl_typesupport_fastrtps_cExport.cmake
[6.142s] -- Installing: /home/user/exchange/workspace/install/task_msgs/share/task_msgs/cmake/export_task_msgs__rosidl_typesupport_fastrtps_cExport-noconfig.cmake
[6.142s] -- Installing: /home/user/exchange/workspace/install/task_msgs/share/task_msgs/cmake/task_msgs__rosidl_typesupport_introspection_cExport.cmake
[6.142s] -- Installing: /home/user/exchange/workspace/install/task_msgs/share/task_msgs/cmake/task_msgs__rosidl_typesupport_introspection_cExport-noconfig.cmake
[6.142s] -- Installing: /home/user/exchange/workspace/install/task_msgs/share/task_msgs/cmake/task_msgs__rosidl_typesupport_cExport.cmake
[6.142s] -- Installing: /home/user/exchange/workspace/install/task_msgs/share/task_msgs/cmake/task_msgs__rosidl_typesupport_cExport-noconfig.cmake
[6.143s] -- Installing: /home/user/exchange/workspace/install/task_msgs/share/task_msgs/cmake/export_task_msgs__rosidl_generator_cppExport.cmake
[6.143s] -- Installing: /home/user/exchange/workspace/install/task_msgs/share/task_msgs/cmake/export_task_msgs__rosidl_typesupport_fastrtps_cppExport.cmake
[6.143s] -- Installing: /home/user/exchange/workspace/install/task_msgs/share/task_msgs/cmake/export_task_msgs__rosidl_typesupport_fastrtps_cppExport-noconfig.cmake
[6.143s] -- Installing: /home/user/exchange/workspace/install/task_msgs/share/task_msgs/cmake/task_msgs__rosidl_typesupport_introspection_cppExport.cmake
[6.143s] -- Installing: /home/user/exchange/workspace/install/task_msgs/share/task_msgs/cmake/task_msgs__rosidl_typesupport_introspection_cppExport-noconfig.cmake
[6.143s] -- Installing: /home/user/exchange/workspace/install/task_msgs/share/task_msgs/cmake/task_msgs__rosidl_typesupport_cppExport.cmake
[6.143s] -- Installing: /home/user/exchange/workspace/install/task_msgs/share/task_msgs/cmake/task_msgs__rosidl_typesupport_cppExport-noconfig.cmake
[6.143s] -- Installing: /home/user/exchange/workspace/install/task_msgs/share/task_msgs/cmake/export_task_msgs__rosidl_generator_pyExport.cmake
[6.144s] -- Installing: /home/user/exchange/workspace/install/task_msgs/share/task_msgs/cmake/export_task_msgs__rosidl_generator_pyExport-noconfig.cmake
[6.144s] -- Installing: /home/user/exchange/workspace/install/task_msgs/share/task_msgs/cmake/rosidl_cmake-extras.cmake
[6.144s] -- Installing: /home/user/exchange/workspace/install/task_msgs/share/task_msgs/cmake/ament_cmake_export_dependencies-extras.cmake
[6.144s] -- Installing: /home/user/exchange/workspace/install/task_msgs/share/task_msgs/cmake/ament_cmake_export_include_directories-extras.cmake
[6.144s] -- Installing: /home/user/exchange/workspace/install/task_msgs/share/task_msgs/cmake/ament_cmake_export_libraries-extras.cmake
[6.144s] -- Installing: /home/user/exchange/workspace/install/task_msgs/share/task_msgs/cmake/ament_cmake_export_targets-extras.cmake
[6.144s] -- Installing: /home/user/exchange/workspace/install/task_msgs/share/task_msgs/cmake/rosidl_cmake_export_typesupport_targets-extras.cmake
[6.144s] -- Installing: /home/user/exchange/workspace/install/task_msgs/share/task_msgs/cmake/rosidl_cmake_export_typesupport_libraries-extras.cmake
[6.144s] -- Installing: /home/user/exchange/workspace/install/task_msgs/share/task_msgs/cmake/task_msgsConfig.cmake
[6.145s] -- Installing: /home/user/exchange/workspace/install/task_msgs/share/task_msgs/cmake/task_msgsConfig-version.cmake
[6.145s] -- Installing: /home/user/exchange/workspace/install/task_msgs/share/task_msgs/package.xml
[6.147s] Invoked command in '/home/user/exchange/workspace/build/task_msgs' returned '0': CMAKE_PREFIX_PATH=/opt/pal/alum:/opt/ros/humble /usr/bin/cmake --install /home/user/exchange/workspace/build/task_msgs
