[2.275s] Invoking command in '/home/user/exchange/workspace/src/chat_task': AMENT_PREFIX_PATH=/home/user/exchange/workspace/install/task_msgs:${AMENT_PREFIX_PATH} CMAKE_PREFIX_PATH=/home/user/exchange/workspace/install/task_msgs LD_LIBRARY_PATH=/home/user/exchange/workspace/install/task_msgs/lib:${LD_LIBRARY_PATH} PYTHONPATH=/home/user/exchange/workspace/build/chat_task/prefix_override:/usr/lib/python3/dist-packages/colcon_core/task/python/colcon_distutils_commands:/home/user/exchange/workspace/install/chat_task/lib/python3.10/site-packages:/home/user/exchange/workspace/install/task_msgs/local/lib/python3.10/dist-packages:${PYTHONPATH} /usr/bin/python3 -W ignore:setup.py install is deprecated -W ignore:easy_install command is deprecated setup.py egg_info --egg-base ../../build/chat_task build --build-base /home/user/exchange/workspace/build/chat_task/build install --record /home/user/exchange/workspace/build/chat_task/install.log --single-version-externally-managed install_data
[2.658s] running egg_info
[2.659s] writing ../../build/chat_task/chat_task.egg-info/PKG-INFO
[2.660s] writing dependency_links to ../../build/chat_task/chat_task.egg-info/dependency_links.txt
[2.660s] writing entry points to ../../build/chat_task/chat_task.egg-info/entry_points.txt
[2.660s] writing requirements to ../../build/chat_task/chat_task.egg-info/requires.txt
[2.660s] writing top-level names to ../../build/chat_task/chat_task.egg-info/top_level.txt
[2.663s] reading manifest file '../../build/chat_task/chat_task.egg-info/SOURCES.txt'
[2.663s] adding license file 'LICENSE'
[2.665s] writing manifest file '../../build/chat_task/chat_task.egg-info/SOURCES.txt'
[2.665s] running build
[2.665s] running build_py
[2.665s] running install
[2.666s] running install_lib
[2.668s] running install_data
[2.669s] running install_egg_info
[2.673s] removing '/home/user/exchange/workspace/install/chat_task/lib/python3.10/site-packages/chat_task-0.1.0-py3.10.egg-info' (and everything under it)
[2.673s] Copying ../../build/chat_task/chat_task.egg-info to /home/user/exchange/workspace/install/chat_task/lib/python3.10/site-packages/chat_task-0.1.0-py3.10.egg-info
[2.674s] running install_scripts
[2.710s] Installing start_task script to /home/user/exchange/workspace/install/chat_task/lib/chat_task
[2.710s] writing list of installed files to '/home/user/exchange/workspace/build/chat_task/install.log'
[2.737s] Invoked command in '/home/user/exchange/workspace/src/chat_task' returned '0': AMENT_PREFIX_PATH=/home/user/exchange/workspace/install/task_msgs:${AMENT_PREFIX_PATH} CMAKE_PREFIX_PATH=/home/user/exchange/workspace/install/task_msgs LD_LIBRARY_PATH=/home/user/exchange/workspace/install/task_msgs/lib:${LD_LIBRARY_PATH} PYTHONPATH=/home/user/exchange/workspace/build/chat_task/prefix_override:/usr/lib/python3/dist-packages/colcon_core/task/python/colcon_distutils_commands:/home/user/exchange/workspace/install/chat_task/lib/python3.10/site-packages:/home/user/exchange/workspace/install/task_msgs/local/lib/python3.10/dist-packages:${PYTHONPATH} /usr/bin/python3 -W ignore:setup.py install is deprecated -W ignore:easy_install command is deprecated setup.py egg_info --egg-base ../../build/chat_task build --build-base /home/user/exchange/workspace/build/chat_task/build install --record /home/user/exchange/workspace/build/chat_task/install.log --single-version-externally-managed install_data
