[2.432s] Invoking command in '/home/user/exchange/workspace/src/chat_task': PYTHONPATH=/home/user/exchange/workspace/build/chat_task/prefix_override:/usr/lib/python3/dist-packages/colcon_core/task/python/colcon_distutils_commands:/home/user/exchange/workspace/install/chat_task/lib/python3.10/site-packages:${PYTHONPATH} /usr/bin/python3 -W ignore:setup.py install is deprecated -W ignore:easy_install command is deprecated setup.py egg_info --egg-base ../../build/chat_task build --build-base /home/user/exchange/workspace/build/chat_task/build install --record /home/user/exchange/workspace/build/chat_task/install.log --single-version-externally-managed install_data
[2.742s] running egg_info
[2.744s] writing ../../build/chat_task/chat_task.egg-info/PKG-INFO
[2.745s] writing dependency_links to ../../build/chat_task/chat_task.egg-info/dependency_links.txt
[2.745s] writing entry points to ../../build/chat_task/chat_task.egg-info/entry_points.txt
[2.746s] writing requirements to ../../build/chat_task/chat_task.egg-info/requires.txt
[2.747s] writing top-level names to ../../build/chat_task/chat_task.egg-info/top_level.txt
[2.748s] reading manifest file '../../build/chat_task/chat_task.egg-info/SOURCES.txt'
[2.749s] adding license file 'LICENSE'
[2.750s] writing manifest file '../../build/chat_task/chat_task.egg-info/SOURCES.txt'
[2.751s] running build
[2.752s] running build_py
[2.753s] running install
[2.754s] running install_lib
[2.754s] running install_data
[2.754s] running install_egg_info
[2.760s] removing '/home/user/exchange/workspace/install/chat_task/lib/python3.10/site-packages/chat_task-0.1.0-py3.10.egg-info' (and everything under it)
[2.760s] Copying ../../build/chat_task/chat_task.egg-info to /home/user/exchange/workspace/install/chat_task/lib/python3.10/site-packages/chat_task-0.1.0-py3.10.egg-info
[2.761s] running install_scripts
[2.784s] Installing start_task script to /home/user/exchange/workspace/install/chat_task/lib/chat_task
[2.784s] writing list of installed files to '/home/user/exchange/workspace/build/chat_task/install.log'
[2.821s] Invoked command in '/home/user/exchange/workspace/src/chat_task' returned '0': PYTHONPATH=/home/user/exchange/workspace/build/chat_task/prefix_override:/usr/lib/python3/dist-packages/colcon_core/task/python/colcon_distutils_commands:/home/user/exchange/workspace/install/chat_task/lib/python3.10/site-packages:${PYTHONPATH} /usr/bin/python3 -W ignore:setup.py install is deprecated -W ignore:easy_install command is deprecated setup.py egg_info --egg-base ../../build/chat_task build --build-base /home/user/exchange/workspace/build/chat_task/build install --record /home/user/exchange/workspace/build/chat_task/install.log --single-version-externally-managed install_data
