[4.735s] Invoking command in '/home/user/exchange/workspace/src/mission_controller': PYTHONPATH=/home/user/exchange/workspace/build/mission_controller/prefix_override:/usr/lib/python3/dist-packages/colcon_core/task/python/colcon_distutils_commands:/home/user/exchange/workspace/install/mission_controller/lib/python3.10/site-packages:${PYTHONPATH} /usr/bin/python3 -W ignore:setup.py install is deprecated -W ignore:easy_install command is deprecated setup.py egg_info --egg-base ../../build/mission_controller build --build-base /home/user/exchange/workspace/build/mission_controller/build install --record /home/user/exchange/workspace/build/mission_controller/install.log --single-version-externally-managed install_data
[5.394s] running egg_info
[5.394s] writing ../../build/mission_controller/mission_controller.egg-info/PKG-INFO
[5.395s] writing dependency_links to ../../build/mission_controller/mission_controller.egg-info/dependency_links.txt
[5.395s] writing entry points to ../../build/mission_controller/mission_controller.egg-info/entry_points.txt
[5.395s] writing requirements to ../../build/mission_controller/mission_controller.egg-info/requires.txt
[5.395s] writing top-level names to ../../build/mission_controller/mission_controller.egg-info/top_level.txt
[5.397s] reading manifest file '../../build/mission_controller/mission_controller.egg-info/SOURCES.txt'
[5.397s] adding license file 'LICENSE'
[5.398s] writing manifest file '../../build/mission_controller/mission_controller.egg-info/SOURCES.txt'
[5.398s] running build
[5.398s] running build_py
[5.399s] running install
[5.399s] running install_lib
[5.400s] running install_data
[5.401s] copying locales/es_ES/LC_MESSAGES/messages.mo -> /home/user/exchange/workspace/install/mission_controller/share/mission_controller/locales/es_ES/LC_MESSAGES
[5.401s] copying locales/en_US/LC_MESSAGES/messages.mo -> /home/user/exchange/workspace/install/mission_controller/share/mission_controller/locales/en_US/LC_MESSAGES
[5.401s] running install_egg_info
[5.403s] removing '/home/user/exchange/workspace/install/mission_controller/lib/python3.10/site-packages/mission_controller-0.1.0-py3.10.egg-info' (and everything under it)
[5.403s] Copying ../../build/mission_controller/mission_controller.egg-info to /home/user/exchange/workspace/install/mission_controller/lib/python3.10/site-packages/mission_controller-0.1.0-py3.10.egg-info
[5.404s] running install_scripts
[5.421s] Installing run_app script to /home/user/exchange/workspace/install/mission_controller/lib/mission_controller
[5.421s] writing list of installed files to '/home/user/exchange/workspace/build/mission_controller/install.log'
[5.450s] Invoked command in '/home/user/exchange/workspace/src/mission_controller' returned '0': PYTHONPATH=/home/user/exchange/workspace/build/mission_controller/prefix_override:/usr/lib/python3/dist-packages/colcon_core/task/python/colcon_distutils_commands:/home/user/exchange/workspace/install/mission_controller/lib/python3.10/site-packages:${PYTHONPATH} /usr/bin/python3 -W ignore:setup.py install is deprecated -W ignore:easy_install command is deprecated setup.py egg_info --egg-base ../../build/mission_controller build --build-base /home/user/exchange/workspace/build/mission_controller/build install --record /home/user/exchange/workspace/build/mission_controller/install.log --single-version-externally-managed install_data
