[2.099s] Invoking command in '/home/user/exchange/workspace/src/planner_task': AMENT_PREFIX_PATH=/home/user/exchange/workspace/src/install/task_msgs:${AMENT_PREFIX_PATH} CMAKE_PREFIX_PATH=/home/user/exchange/workspace/src/install/task_msgs LD_LIBRARY_PATH=/home/user/exchange/workspace/src/install/task_msgs/lib:${LD_LIBRARY_PATH} PYTHONPATH=/home/user/exchange/workspace/src/build/planner_task/prefix_override:/usr/lib/python3/dist-packages/colcon_core/task/python/colcon_distutils_commands:/home/user/exchange/workspace/src/install/planner_task/lib/python3.10/site-packages:/home/user/exchange/workspace/src/install/task_msgs/local/lib/python3.10/dist-packages:${PYTHONPATH} /usr/bin/python3 -W ignore:setup.py install is deprecated -W ignore:easy_install command is deprecated setup.py egg_info --egg-base ../build/planner_task build --build-base /home/user/exchange/workspace/src/build/planner_task/build install --record /home/user/exchange/workspace/src/build/planner_task/install.log --single-version-externally-managed install_data
[2.493s] running egg_info
[2.494s] creating ../build/planner_task/planner_task.egg-info
[2.494s] writing ../build/planner_task/planner_task.egg-info/PKG-INFO
[2.495s] writing dependency_links to ../build/planner_task/planner_task.egg-info/dependency_links.txt
[2.495s] writing entry points to ../build/planner_task/planner_task.egg-info/entry_points.txt
[2.495s] writing requirements to ../build/planner_task/planner_task.egg-info/requires.txt
[2.495s] writing top-level names to ../build/planner_task/planner_task.egg-info/top_level.txt
[2.495s] writing manifest file '../build/planner_task/planner_task.egg-info/SOURCES.txt'
[2.498s] reading manifest file '../build/planner_task/planner_task.egg-info/SOURCES.txt'
[2.498s] adding license file 'LICENSE'
[2.500s] writing manifest file '../build/planner_task/planner_task.egg-info/SOURCES.txt'
[2.500s] running build
[2.500s] running build_py
[2.500s] creating /home/user/exchange/workspace/src/build/planner_task/build
[2.500s] creating /home/user/exchange/workspace/src/build/planner_task/build/lib
[2.500s] creating /home/user/exchange/workspace/src/build/planner_task/build/lib/planner_task
[2.500s] copying planner_task/__init__.py -> /home/user/exchange/workspace/src/build/planner_task/build/lib/planner_task
[2.501s] copying planner_task/start_task.py -> /home/user/exchange/workspace/src/build/planner_task/build/lib/planner_task
[2.501s] copying planner_task/task_impl.py -> /home/user/exchange/workspace/src/build/planner_task/build/lib/planner_task
[2.501s] running install
[2.502s] running install_lib
[2.503s] creating /home/user/exchange/workspace/src/install/planner_task/lib/python3.10/site-packages/planner_task
[2.503s] copying /home/user/exchange/workspace/src/build/planner_task/build/lib/planner_task/__init__.py -> /home/user/exchange/workspace/src/install/planner_task/lib/python3.10/site-packages/planner_task
[2.503s] copying /home/user/exchange/workspace/src/build/planner_task/build/lib/planner_task/start_task.py -> /home/user/exchange/workspace/src/install/planner_task/lib/python3.10/site-packages/planner_task
[2.503s] copying /home/user/exchange/workspace/src/build/planner_task/build/lib/planner_task/task_impl.py -> /home/user/exchange/workspace/src/install/planner_task/lib/python3.10/site-packages/planner_task
[2.504s] byte-compiling /home/user/exchange/workspace/src/install/planner_task/lib/python3.10/site-packages/planner_task/__init__.py to __init__.cpython-310.pyc
[2.504s] byte-compiling /home/user/exchange/workspace/src/install/planner_task/lib/python3.10/site-packages/planner_task/start_task.py to start_task.cpython-310.pyc
[2.505s] byte-compiling /home/user/exchange/workspace/src/install/planner_task/lib/python3.10/site-packages/planner_task/task_impl.py to task_impl.cpython-310.pyc
[2.506s] Sorry: IndentationError: expected an indented block after function definition on line 108 (task_impl.py, line 109)
[2.506s] running install_data
[2.506s] copying package.xml -> /home/user/exchange/workspace/src/install/planner_task/share/planner_task
[2.507s] creating /home/user/exchange/workspace/src/install/planner_task/share/ament_index
[2.507s] creating /home/user/exchange/workspace/src/install/planner_task/share/ament_index/resource_index
[2.507s] creating /home/user/exchange/workspace/src/install/planner_task/share/ament_index/resource_index/packages
[2.507s] copying res/planner_task -> /home/user/exchange/workspace/src/install/planner_task/share/ament_index/resource_index/packages
[2.507s] creating /home/user/exchange/workspace/src/install/planner_task/share/planner_task/launch
[2.507s] copying launch/planner_task.launch.py -> /home/user/exchange/workspace/src/install/planner_task/share/planner_task/launch
[2.507s] creating /home/user/exchange/workspace/src/install/planner_task/share/ament_index/resource_index/pal_system_module
[2.507s] copying module/planner_task -> /home/user/exchange/workspace/src/install/planner_task/share/ament_index/resource_index/pal_system_module
[2.508s] creating /home/user/exchange/workspace/src/install/planner_task/share/planner_task/module
[2.508s] copying module/planner_task_module.yaml -> /home/user/exchange/workspace/src/install/planner_task/share/planner_task/module
[2.508s] creating /home/user/exchange/workspace/src/install/planner_task/share/ament_index/resource_index/pal_configuration.planner_task
[2.508s] copying config/planner_task -> /home/user/exchange/workspace/src/install/planner_task/share/ament_index/resource_index/pal_configuration.planner_task
[2.508s] creating /home/user/exchange/workspace/src/install/planner_task/share/planner_task/config
[2.509s] copying config/00-defaults.yml -> /home/user/exchange/workspace/src/install/planner_task/share/planner_task/config
[2.509s] creating /home/user/exchange/workspace/src/install/planner_task/share/planner_task/ui
[2.509s] copying res/ui/main.qml -> /home/user/exchange/workspace/src/install/planner_task/share/planner_task/ui/.
[2.509s] copying res/ui/MyButton.qml -> /home/user/exchange/workspace/src/install/planner_task/share/planner_task/ui/.
[2.510s] copying res/ui/MainPage.qml -> /home/user/exchange/workspace/src/install/planner_task/share/planner_task/ui/.
[2.510s] copying res/ui/qmldir -> /home/user/exchange/workspace/src/install/planner_task/share/planner_task/ui/.
[2.510s] creating /home/user/exchange/workspace/src/install/planner_task/share/planner_task/ui/images
[2.511s] copying res/ui/images/background.png -> /home/user/exchange/workspace/src/install/planner_task/share/planner_task/ui/images
[2.513s] running install_egg_info
[2.515s] Copying ../build/planner_task/planner_task.egg-info to /home/user/exchange/workspace/src/install/planner_task/lib/python3.10/site-packages/planner_task-0.1.0-py3.10.egg-info
[2.517s] running install_scripts
[2.548s] Installing start_task script to /home/user/exchange/workspace/src/install/planner_task/lib/planner_task
[2.549s] writing list of installed files to '/home/user/exchange/workspace/src/build/planner_task/install.log'
[2.593s] Invoked command in '/home/user/exchange/workspace/src/planner_task' returned '0': AMENT_PREFIX_PATH=/home/user/exchange/workspace/src/install/task_msgs:${AMENT_PREFIX_PATH} CMAKE_PREFIX_PATH=/home/user/exchange/workspace/src/install/task_msgs LD_LIBRARY_PATH=/home/user/exchange/workspace/src/install/task_msgs/lib:${LD_LIBRARY_PATH} PYTHONPATH=/home/user/exchange/workspace/src/build/planner_task/prefix_override:/usr/lib/python3/dist-packages/colcon_core/task/python/colcon_distutils_commands:/home/user/exchange/workspace/src/install/planner_task/lib/python3.10/site-packages:/home/user/exchange/workspace/src/install/task_msgs/local/lib/python3.10/dist-packages:${PYTHONPATH} /usr/bin/python3 -W ignore:setup.py install is deprecated -W ignore:easy_install command is deprecated setup.py egg_info --egg-base ../build/planner_task build --build-base /home/user/exchange/workspace/src/build/planner_task/build install --record /home/user/exchange/workspace/src/build/planner_task/install.log --single-version-externally-managed install_data
