[2.250s] Invoking command in '/home/user/exchange/workspace/src/ui_task': AMENT_PREFIX_PATH=/home/user/exchange/workspace/install/task_msgs:${AMENT_PREFIX_PATH} CMAKE_PREFIX_PATH=/home/user/exchange/workspace/install/task_msgs LD_LIBRARY_PATH=/home/user/exchange/workspace/install/task_msgs/lib:${LD_LIBRARY_PATH} PYTHONPATH=/home/user/exchange/workspace/build/ui_task/prefix_override:/usr/lib/python3/dist-packages/colcon_core/task/python/colcon_distutils_commands:/home/user/exchange/workspace/install/ui_task/lib/python3.10/site-packages:/home/user/exchange/workspace/install/task_msgs/local/lib/python3.10/dist-packages:${PYTHONPATH} /usr/bin/python3 -W ignore:setup.py install is deprecated -W ignore:easy_install command is deprecated setup.py egg_info --egg-base ../../build/ui_task build --build-base /home/user/exchange/workspace/build/ui_task/build install --record /home/user/exchange/workspace/build/ui_task/install.log --single-version-externally-managed install_data
[2.592s] running egg_info
[2.594s] writing ../../build/ui_task/ui_task.egg-info/PKG-INFO
[2.594s] writing dependency_links to ../../build/ui_task/ui_task.egg-info/dependency_links.txt
[2.595s] writing entry points to ../../build/ui_task/ui_task.egg-info/entry_points.txt
[2.595s] writing requirements to ../../build/ui_task/ui_task.egg-info/requires.txt
[2.595s] writing top-level names to ../../build/ui_task/ui_task.egg-info/top_level.txt
[2.599s] reading manifest file '../../build/ui_task/ui_task.egg-info/SOURCES.txt'
[2.599s] adding license file 'LICENSE'
[2.600s] writing manifest file '../../build/ui_task/ui_task.egg-info/SOURCES.txt'
[2.602s] running build
[2.602s] running build_py
[2.603s] running install
[2.606s] running install_lib
[2.606s] running install_data
[2.607s] running install_egg_info
[2.608s] removing '/home/user/exchange/workspace/install/ui_task/lib/python3.10/site-packages/ui_task-0.1.0-py3.10.egg-info' (and everything under it)
[2.608s] Copying ../../build/ui_task/ui_task.egg-info to /home/user/exchange/workspace/install/ui_task/lib/python3.10/site-packages/ui_task-0.1.0-py3.10.egg-info
[2.609s] running install_scripts
[2.642s] Installing start_task script to /home/user/exchange/workspace/install/ui_task/lib/ui_task
[2.642s] writing list of installed files to '/home/user/exchange/workspace/build/ui_task/install.log'
[2.688s] Invoked command in '/home/user/exchange/workspace/src/ui_task' returned '0': AMENT_PREFIX_PATH=/home/user/exchange/workspace/install/task_msgs:${AMENT_PREFIX_PATH} CMAKE_PREFIX_PATH=/home/user/exchange/workspace/install/task_msgs LD_LIBRARY_PATH=/home/user/exchange/workspace/install/task_msgs/lib:${LD_LIBRARY_PATH} PYTHONPATH=/home/user/exchange/workspace/build/ui_task/prefix_override:/usr/lib/python3/dist-packages/colcon_core/task/python/colcon_distutils_commands:/home/user/exchange/workspace/install/ui_task/lib/python3.10/site-packages:/home/user/exchange/workspace/install/task_msgs/local/lib/python3.10/dist-packages:${PYTHONPATH} /usr/bin/python3 -W ignore:setup.py install is deprecated -W ignore:easy_install command is deprecated setup.py egg_info --egg-base ../../build/ui_task build --build-base /home/user/exchange/workspace/build/ui_task/build install --record /home/user/exchange/workspace/build/ui_task/install.log --single-version-externally-managed install_data
