[3.686s] Invoking command in '/home/user/exchange/workspace/src/chat_task': PYTHONPATH=/home/user/exchange/workspace/build/chat_task/prefix_override:/usr/lib/python3/dist-packages/colcon_core/task/python/colcon_distutils_commands:/home/user/exchange/workspace/install/chat_task/lib/python3.10/site-packages:${PYTHONPATH} /usr/bin/python3 -W ignore:setup.py install is deprecated -W ignore:easy_install command is deprecated setup.py egg_info --egg-base ../../build/chat_task build --build-base /home/user/exchange/workspace/build/chat_task/build install --record /home/user/exchange/workspace/build/chat_task/install.log --single-version-externally-managed install_data
[4.126s] running egg_info
[4.128s] writing ../../build/chat_task/chat_task.egg-info/PKG-INFO
[4.129s] writing dependency_links to ../../build/chat_task/chat_task.egg-info/dependency_links.txt
[4.130s] writing entry points to ../../build/chat_task/chat_task.egg-info/entry_points.txt
[4.130s] writing requirements to ../../build/chat_task/chat_task.egg-info/requires.txt
[4.130s] writing top-level names to ../../build/chat_task/chat_task.egg-info/top_level.txt
[4.134s] reading manifest file '../../build/chat_task/chat_task.egg-info/SOURCES.txt'
[4.134s] adding license file 'LICENSE'
[4.136s] writing manifest file '../../build/chat_task/chat_task.egg-info/SOURCES.txt'
[4.136s] running build
[4.137s] running build_py
[4.138s] running install
[4.139s] running install_lib
[4.141s] running install_data
[4.142s] running install_egg_info
[4.146s] removing '/home/user/exchange/workspace/install/chat_task/lib/python3.10/site-packages/chat_task-0.1.0-py3.10.egg-info' (and everything under it)
[4.148s] Copying ../../build/chat_task/chat_task.egg-info to /home/user/exchange/workspace/install/chat_task/lib/python3.10/site-packages/chat_task-0.1.0-py3.10.egg-info
[4.150s] running install_scripts
[4.196s] Installing start_task script to /home/user/exchange/workspace/install/chat_task/lib/chat_task
[4.198s] writing list of installed files to '/home/user/exchange/workspace/build/chat_task/install.log'
[4.257s] Invoked command in '/home/user/exchange/workspace/src/chat_task' returned '0': PYTHONPATH=/home/user/exchange/workspace/build/chat_task/prefix_override:/usr/lib/python3/dist-packages/colcon_core/task/python/colcon_distutils_commands:/home/user/exchange/workspace/install/chat_task/lib/python3.10/site-packages:${PYTHONPATH} /usr/bin/python3 -W ignore:setup.py install is deprecated -W ignore:easy_install command is deprecated setup.py egg_info --egg-base ../../build/chat_task build --build-base /home/user/exchange/workspace/build/chat_task/build install --record /home/user/exchange/workspace/build/chat_task/install.log --single-version-externally-managed install_data
