running egg_info
writing ../../build/planner_task/planner_task.egg-info/PKG-INFO
writing dependency_links to ../../build/planner_task/planner_task.egg-info/dependency_links.txt
writing entry points to ../../build/planner_task/planner_task.egg-info/entry_points.txt
writing requirements to ../../build/planner_task/planner_task.egg-info/requires.txt
writing top-level names to ../../build/planner_task/planner_task.egg-info/top_level.txt
reading manifest file '../../build/planner_task/planner_task.egg-info/SOURCES.txt'
adding license file 'LICENSE'
writing manifest file '../../build/planner_task/planner_task.egg-info/SOURCES.txt'
running build
running build_py
running install
running install_lib
running install_data
running install_egg_info
removing '/home/user/exchange/workspace/install/planner_task/lib/python3.10/site-packages/planner_task-0.1.0-py3.10.egg-info' (and everything under it)
Copying ../../build/planner_task/planner_task.egg-info to /home/user/exchange/workspace/install/planner_task/lib/python3.10/site-packages/planner_task-0.1.0-py3.10.egg-info
running install_scripts
Installing start_task script to /home/user/exchange/workspace/install/planner_task/lib/planner_task
writing list of installed files to '/home/user/exchange/workspace/build/planner_task/install.log'
