[2.653s] Invoking command in '/home/user/exchange/workspace/src/ui_task': PYTHONPATH=/home/user/exchange/workspace/build/ui_task/prefix_override:/usr/lib/python3/dist-packages/colcon_core/task/python/colcon_distutils_commands:/home/user/exchange/workspace/install/ui_task/lib/python3.10/site-packages:${PYTHONPATH} /usr/bin/python3 -W ignore:setup.py install is deprecated -W ignore:easy_install command is deprecated setup.py egg_info --egg-base ../../build/ui_task build --build-base /home/user/exchange/workspace/build/ui_task/build install --record /home/user/exchange/workspace/build/ui_task/install.log --single-version-externally-managed install_data
[3.103s] running egg_info
[3.105s] writing ../../build/ui_task/ui_task.egg-info/PKG-INFO
[3.105s] writing dependency_links to ../../build/ui_task/ui_task.egg-info/dependency_links.txt
[3.106s] writing entry points to ../../build/ui_task/ui_task.egg-info/entry_points.txt
[3.106s] writing requirements to ../../build/ui_task/ui_task.egg-info/requires.txt
[3.106s] writing top-level names to ../../build/ui_task/ui_task.egg-info/top_level.txt
[3.109s] reading manifest file '../../build/ui_task/ui_task.egg-info/SOURCES.txt'
[3.109s] adding license file 'LICENSE'
[3.113s] writing manifest file '../../build/ui_task/ui_task.egg-info/SOURCES.txt'
[3.114s] running build
[3.114s] running build_py
[3.114s] running install
[3.114s] running install_lib
[3.114s] running install_data
[3.115s] copying res/ui/Chat.qml -> /home/user/exchange/workspace/install/ui_task/share/ui_task/ui/.
[3.115s] copying res/ui/PlannerView.qml -> /home/user/exchange/workspace/install/ui_task/share/ui_task/ui/.
[3.117s] running install_egg_info
[3.119s] removing '/home/user/exchange/workspace/install/ui_task/lib/python3.10/site-packages/ui_task-0.1.0-py3.10.egg-info' (and everything under it)
[3.120s] Copying ../../build/ui_task/ui_task.egg-info to /home/user/exchange/workspace/install/ui_task/lib/python3.10/site-packages/ui_task-0.1.0-py3.10.egg-info
[3.121s] running install_scripts
[3.156s] Installing start_task script to /home/user/exchange/workspace/install/ui_task/lib/ui_task
[3.157s] writing list of installed files to '/home/user/exchange/workspace/build/ui_task/install.log'
[3.240s] Invoked command in '/home/user/exchange/workspace/src/ui_task' returned '0': PYTHONPATH=/home/user/exchange/workspace/build/ui_task/prefix_override:/usr/lib/python3/dist-packages/colcon_core/task/python/colcon_distutils_commands:/home/user/exchange/workspace/install/ui_task/lib/python3.10/site-packages:${PYTHONPATH} /usr/bin/python3 -W ignore:setup.py install is deprecated -W ignore:easy_install command is deprecated setup.py egg_info --egg-base ../../build/ui_task build --build-base /home/user/exchange/workspace/build/ui_task/build install --record /home/user/exchange/workspace/build/ui_task/install.log --single-version-externally-managed install_data
