[2.127s] Invoking command in '/home/user/exchange/workspace/src/planner_task': PYTHONPATH=/home/user/exchange/workspace/build/planner_task/prefix_override:/usr/lib/python3/dist-packages/colcon_core/task/python/colcon_distutils_commands:/home/user/exchange/workspace/install/planner_task/lib/python3.10/site-packages:${PYTHONPATH} /usr/bin/python3 -W ignore:setup.py install is deprecated -W ignore:easy_install command is deprecated setup.py egg_info --egg-base ../../build/planner_task build --build-base /home/user/exchange/workspace/build/planner_task/build install --record /home/user/exchange/workspace/build/planner_task/install.log --single-version-externally-managed install_data
[2.407s] running egg_info
[2.408s] writing ../../build/planner_task/planner_task.egg-info/PKG-INFO
[2.408s] writing dependency_links to ../../build/planner_task/planner_task.egg-info/dependency_links.txt
[2.408s] writing entry points to ../../build/planner_task/planner_task.egg-info/entry_points.txt
[2.408s] writing requirements to ../../build/planner_task/planner_task.egg-info/requires.txt
[2.408s] writing top-level names to ../../build/planner_task/planner_task.egg-info/top_level.txt
[2.410s] reading manifest file '../../build/planner_task/planner_task.egg-info/SOURCES.txt'
[2.410s] adding license file 'LICENSE'
[2.411s] writing manifest file '../../build/planner_task/planner_task.egg-info/SOURCES.txt'
[2.411s] running build
[2.411s] running build_py
[2.412s] running install
[2.412s] running install_lib
[2.414s] running install_data
[2.414s] running install_egg_info
[2.416s] removing '/home/user/exchange/workspace/install/planner_task/lib/python3.10/site-packages/planner_task-0.1.0-py3.10.egg-info' (and everything under it)
[2.416s] Copying ../../build/planner_task/planner_task.egg-info to /home/user/exchange/workspace/install/planner_task/lib/python3.10/site-packages/planner_task-0.1.0-py3.10.egg-info
[2.417s] running install_scripts
[2.439s] Installing start_task script to /home/user/exchange/workspace/install/planner_task/lib/planner_task
[2.439s] writing list of installed files to '/home/user/exchange/workspace/build/planner_task/install.log'
[2.483s] Invoked command in '/home/user/exchange/workspace/src/planner_task' returned '0': PYTHONPATH=/home/user/exchange/workspace/build/planner_task/prefix_override:/usr/lib/python3/dist-packages/colcon_core/task/python/colcon_distutils_commands:/home/user/exchange/workspace/install/planner_task/lib/python3.10/site-packages:${PYTHONPATH} /usr/bin/python3 -W ignore:setup.py install is deprecated -W ignore:easy_install command is deprecated setup.py egg_info --egg-base ../../build/planner_task build --build-base /home/user/exchange/workspace/build/planner_task/build install --record /home/user/exchange/workspace/build/planner_task/install.log --single-version-externally-managed install_data
