[3.336s] Invoking command in '/home/user/exchange/workspace/src/ui_task': PYTHONPATH=/home/user/exchange/workspace/build/ui_task/prefix_override:/usr/lib/python3/dist-packages/colcon_core/task/python/colcon_distutils_commands:/home/user/exchange/workspace/install/ui_task/lib/python3.10/site-packages:${PYTHONPATH} /usr/bin/python3 -W ignore:setup.py install is deprecated -W ignore:easy_install command is deprecated setup.py egg_info --egg-base ../../build/ui_task build --build-base /home/user/exchange/workspace/build/ui_task/build install --record /home/user/exchange/workspace/build/ui_task/install.log --single-version-externally-managed install_data
[3.733s] running egg_info
[3.734s] writing ../../build/ui_task/ui_task.egg-info/PKG-INFO
[3.735s] writing dependency_links to ../../build/ui_task/ui_task.egg-info/dependency_links.txt
[3.735s] writing entry points to ../../build/ui_task/ui_task.egg-info/entry_points.txt
[3.735s] writing requirements to ../../build/ui_task/ui_task.egg-info/requires.txt
[3.735s] writing top-level names to ../../build/ui_task/ui_task.egg-info/top_level.txt
[3.737s] reading manifest file '../../build/ui_task/ui_task.egg-info/SOURCES.txt'
[3.737s] adding license file 'LICENSE'
[3.738s] writing manifest file '../../build/ui_task/ui_task.egg-info/SOURCES.txt'
[3.738s] running build
[3.739s] running build_py
[3.739s] running install
[3.739s] running install_lib
[3.740s] running install_data
[3.741s] copying res/ui/ChatUI.qml -> /home/user/exchange/workspace/install/ui_task/share/ui_task/ui/.
[3.742s] running install_egg_info
[3.744s] removing '/home/user/exchange/workspace/install/ui_task/lib/python3.10/site-packages/ui_task-0.1.0-py3.10.egg-info' (and everything under it)
[3.744s] Copying ../../build/ui_task/ui_task.egg-info to /home/user/exchange/workspace/install/ui_task/lib/python3.10/site-packages/ui_task-0.1.0-py3.10.egg-info
[3.745s] running install_scripts
[3.768s] Installing start_task script to /home/user/exchange/workspace/install/ui_task/lib/ui_task
[3.768s] writing list of installed files to '/home/user/exchange/workspace/build/ui_task/install.log'
[3.798s] Invoked command in '/home/user/exchange/workspace/src/ui_task' returned '0': PYTHONPATH=/home/user/exchange/workspace/build/ui_task/prefix_override:/usr/lib/python3/dist-packages/colcon_core/task/python/colcon_distutils_commands:/home/user/exchange/workspace/install/ui_task/lib/python3.10/site-packages:${PYTHONPATH} /usr/bin/python3 -W ignore:setup.py install is deprecated -W ignore:easy_install command is deprecated setup.py egg_info --egg-base ../../build/ui_task build --build-base /home/user/exchange/workspace/build/ui_task/build install --record /home/user/exchange/workspace/build/ui_task/install.log --single-version-externally-managed install_data
