[2.328s] Invoking command in '/home/user/exchange/workspace/src/mission_controller': PYTHONPATH=/home/user/exchange/workspace/build/mission_controller/prefix_override:/usr/lib/python3/dist-packages/colcon_core/task/python/colcon_distutils_commands:/home/user/exchange/workspace/install/mission_controller/lib/python3.10/site-packages:${PYTHONPATH} /usr/bin/python3 -W ignore:setup.py install is deprecated -W ignore:easy_install command is deprecated setup.py egg_info --egg-base ../../build/mission_controller build --build-base /home/user/exchange/workspace/build/mission_controller/build install --record /home/user/exchange/workspace/build/mission_controller/install.log --single-version-externally-managed install_data
[2.903s] running egg_info
[2.904s] writing ../../build/mission_controller/mission_controller.egg-info/PKG-INFO
[2.904s] writing dependency_links to ../../build/mission_controller/mission_controller.egg-info/dependency_links.txt
[2.904s] writing entry points to ../../build/mission_controller/mission_controller.egg-info/entry_points.txt
[2.904s] writing requirements to ../../build/mission_controller/mission_controller.egg-info/requires.txt
[2.904s] writing top-level names to ../../build/mission_controller/mission_controller.egg-info/top_level.txt
[2.906s] reading manifest file '../../build/mission_controller/mission_controller.egg-info/SOURCES.txt'
[2.906s] adding license file 'LICENSE'
[2.907s] writing manifest file '../../build/mission_controller/mission_controller.egg-info/SOURCES.txt'
[2.907s] running build
[2.907s] running build_py
[2.908s] running install
[2.908s] running install_lib
[2.909s] running install_data
[2.910s] copying locales/es_ES/LC_MESSAGES/messages.mo -> /home/user/exchange/workspace/install/mission_controller/share/mission_controller/locales/es_ES/LC_MESSAGES
[2.910s] copying locales/en_US/LC_MESSAGES/messages.mo -> /home/user/exchange/workspace/install/mission_controller/share/mission_controller/locales/en_US/LC_MESSAGES
[2.910s] running install_egg_info
[2.912s] removing '/home/user/exchange/workspace/install/mission_controller/lib/python3.10/site-packages/mission_controller-0.1.0-py3.10.egg-info' (and everything under it)
[2.912s] Copying ../../build/mission_controller/mission_controller.egg-info to /home/user/exchange/workspace/install/mission_controller/lib/python3.10/site-packages/mission_controller-0.1.0-py3.10.egg-info
[2.913s] running install_scripts
[2.927s] Installing run_app script to /home/user/exchange/workspace/install/mission_controller/lib/mission_controller
[2.927s] writing list of installed files to '/home/user/exchange/workspace/build/mission_controller/install.log'
[2.952s] Invoked command in '/home/user/exchange/workspace/src/mission_controller' returned '0': PYTHONPATH=/home/user/exchange/workspace/build/mission_controller/prefix_override:/usr/lib/python3/dist-packages/colcon_core/task/python/colcon_distutils_commands:/home/user/exchange/workspace/install/mission_controller/lib/python3.10/site-packages:${PYTHONPATH} /usr/bin/python3 -W ignore:setup.py install is deprecated -W ignore:easy_install command is deprecated setup.py egg_info --egg-base ../../build/mission_controller build --build-base /home/user/exchange/workspace/build/mission_controller/build install --record /home/user/exchange/workspace/build/mission_controller/install.log --single-version-externally-managed install_data
