[0.021s] Invoking command in '/home/user/exchange/workspace/build/task_msgs': CMAKE_PREFIX_PATH=/opt/pal/alum:/opt/ros/humble /usr/bin/cmake --build /home/user/exchange/workspace/build/task_msgs -- -j8 -l8
[0.352s] [35m[1mConsolidate compiler generated dependencies of target task_msgs__rosidl_generator_c[0m
[0.353s] [  3%] Built target task_msgs__cpp
[0.353s] [ 12%] Built target task_msgs__rosidl_generator_c
[0.353s] [ 12%] Built target ament_cmake_python_copy_task_msgs
[0.354s] [35m[1mConsolidate compiler generated dependencies of target task_msgs__rosidl_typesupport_cpp[0m
[0.354s] [35m[1mConsolidate compiler generated dependencies of target task_msgs__rosidl_typesupport_fastrtps_cpp[0m
[0.354s] [35m[1mConsolidate compiler generated dependencies of target task_msgs__rosidl_typesupport_introspection_cpp[0m
[0.354s] [35m[1mConsolidate compiler generated dependencies of target task_msgs__rosidl_typesupport_fastrtps_c[0m
[0.354s] [ 22%] Built target task_msgs__rosidl_typesupport_cpp
[0.354s] [ 32%] Built target task_msgs__rosidl_typesupport_introspection_cpp
[0.354s] [ 41%] Built target task_msgs__rosidl_typesupport_fastrtps_cpp
[0.354s] [35m[1mConsolidate compiler generated dependencies of target task_msgs__rosidl_typesupport_c[0m
[0.354s] [35m[1mConsolidate compiler generated dependencies of target task_msgs__rosidl_typesupport_introspection_c[0m
[0.354s] [ 51%] Built target task_msgs__rosidl_typesupport_fastrtps_c
[0.355s] [ 61%] Built target task_msgs__rosidl_typesupport_c
[0.355s] [ 70%] Built target task_msgs__rosidl_typesupport_introspection_c
[0.355s] [ 70%] Built target task_msgs
[0.355s] [ 74%] Built target task_msgs__py
[0.355s] [35m[1mConsolidate compiler generated dependencies of target task_msgs__rosidl_generator_py[0m
[0.355s] [ 80%] Built target task_msgs__rosidl_generator_py
[0.355s] [35m[1mConsolidate compiler generated dependencies of target task_msgs__rosidl_typesupport_fastrtps_c__pyext[0m
[0.355s] [35m[1mConsolidate compiler generated dependencies of target task_msgs__rosidl_typesupport_c__pyext[0m
[0.355s] [35m[1mConsolidate compiler generated dependencies of target task_msgs__rosidl_typesupport_introspection_c__pyext[0m
[0.355s] [ 87%] Built target task_msgs__rosidl_typesupport_fastrtps_c__pyext
[0.356s] [ 93%] Built target task_msgs__rosidl_typesupport_introspection_c__pyext
[0.356s] [100%] Built target task_msgs__rosidl_typesupport_c__pyext
[0.427s] running egg_info
[0.429s] writing task_msgs.egg-info/PKG-INFO
[0.429s] writing dependency_links to task_msgs.egg-info/dependency_links.txt
[0.429s] writing top-level names to task_msgs.egg-info/top_level.txt
[0.432s] reading manifest file 'task_msgs.egg-info/SOURCES.txt'
[0.433s] writing manifest file 'task_msgs.egg-info/SOURCES.txt'
[0.472s] [100%] Built target ament_cmake_python_build_task_msgs_egg
[0.619s] Invoked command in '/home/user/exchange/workspace/build/task_msgs' returned '0': CMAKE_PREFIX_PATH=/opt/pal/alum:/opt/ros/humble /usr/bin/cmake --build /home/user/exchange/workspace/build/task_msgs -- -j8 -l8
[0.627s] Invoking command in '/home/user/exchange/workspace/build/task_msgs': CMAKE_PREFIX_PATH=/opt/pal/alum:/opt/ros/humble /usr/bin/cmake --install /home/user/exchange/workspace/build/task_msgs
[0.635s] -- Install configuration: ""
[0.635s] -- Up-to-date: /home/user/exchange/workspace/install/task_msgs/share/ament_index/resource_index/rosidl_interfaces/task_msgs
[0.635s] -- Up-to-date: /home/user/exchange/workspace/install/task_msgs/include/task_msgs/task_msgs
[0.635s] -- Up-to-date: /home/user/exchange/workspace/install/task_msgs/include/task_msgs/task_msgs/msg
[0.635s] -- Up-to-date: /home/user/exchange/workspace/install/task_msgs/include/task_msgs/task_msgs/msg/rosidl_generator_c__visibility_control.h
[0.635s] -- Up-to-date: /home/user/exchange/workspace/install/task_msgs/include/task_msgs/task_msgs/action
[0.635s] -- Up-to-date: /home/user/exchange/workspace/install/task_msgs/include/task_msgs/task_msgs/action/detail
[0.636s] -- Up-to-date: /home/user/exchange/workspace/install/task_msgs/include/task_msgs/task_msgs/action/detail/task_control__functions.h
[0.636s] -- Up-to-date: /home/user/exchange/workspace/install/task_msgs/include/task_msgs/task_msgs/action/detail/task_control__struct.h
[0.636s] -- Up-to-date: /home/user/exchange/workspace/install/task_msgs/include/task_msgs/task_msgs/action/detail/task_control__type_support.h
[0.636s] -- Up-to-date: /home/user/exchange/workspace/install/task_msgs/include/task_msgs/task_msgs/action/detail/task_control__functions.c
[0.636s] -- Up-to-date: /home/user/exchange/workspace/install/task_msgs/include/task_msgs/task_msgs/action/task_control.h
[0.636s] -- Up-to-date: /home/user/exchange/workspace/install/task_msgs/share/task_msgs/environment/library_path.sh
[0.637s] -- Up-to-date: /home/user/exchange/workspace/install/task_msgs/share/task_msgs/environment/library_path.dsv
[0.637s] -- Up-to-date: /home/user/exchange/workspace/install/task_msgs/lib/libtask_msgs__rosidl_generator_c.so
[0.637s] -- Up-to-date: /home/user/exchange/workspace/install/task_msgs/include/task_msgs/task_msgs
[0.637s] -- Up-to-date: /home/user/exchange/workspace/install/task_msgs/include/task_msgs/task_msgs/msg
[0.637s] -- Up-to-date: /home/user/exchange/workspace/install/task_msgs/include/task_msgs/task_msgs/msg/rosidl_typesupport_fastrtps_c__visibility_control.h
[0.637s] -- Up-to-date: /home/user/exchange/workspace/install/task_msgs/include/task_msgs/task_msgs/action
[0.637s] -- Up-to-date: /home/user/exchange/workspace/install/task_msgs/include/task_msgs/task_msgs/action/detail
[0.638s] -- Up-to-date: /home/user/exchange/workspace/install/task_msgs/include/task_msgs/task_msgs/action/detail/task_control__rosidl_typesupport_fastrtps_c.h
[0.638s] -- Up-to-date: /home/user/exchange/workspace/install/task_msgs/lib/libtask_msgs__rosidl_typesupport_fastrtps_c.so
[0.639s] -- Up-to-date: /home/user/exchange/workspace/install/task_msgs/include/task_msgs/task_msgs
[0.639s] -- Up-to-date: /home/user/exchange/workspace/install/task_msgs/include/task_msgs/task_msgs/msg
[0.640s] -- Up-to-date: /home/user/exchange/workspace/install/task_msgs/include/task_msgs/task_msgs/msg/rosidl_typesupport_introspection_c__visibility_control.h
[0.640s] -- Up-to-date: /home/user/exchange/workspace/install/task_msgs/include/task_msgs/task_msgs/action
[0.640s] -- Up-to-date: /home/user/exchange/workspace/install/task_msgs/include/task_msgs/task_msgs/action/detail
[0.641s] -- Up-to-date: /home/user/exchange/workspace/install/task_msgs/include/task_msgs/task_msgs/action/detail/task_control__type_support.c
[0.641s] -- Up-to-date: /home/user/exchange/workspace/install/task_msgs/include/task_msgs/task_msgs/action/detail/task_control__rosidl_typesupport_introspection_c.h
[0.642s] -- Up-to-date: /home/user/exchange/workspace/install/task_msgs/lib/libtask_msgs__rosidl_typesupport_introspection_c.so
[0.642s] -- Up-to-date: /home/user/exchange/workspace/install/task_msgs/lib/libtask_msgs__rosidl_typesupport_c.so
[0.642s] -- Up-to-date: /home/user/exchange/workspace/install/task_msgs/include/task_msgs/task_msgs
[0.643s] -- Up-to-date: /home/user/exchange/workspace/install/task_msgs/include/task_msgs/task_msgs/msg
[0.643s] -- Up-to-date: /home/user/exchange/workspace/install/task_msgs/include/task_msgs/task_msgs/msg/rosidl_generator_cpp__visibility_control.hpp
[0.643s] -- Up-to-date: /home/user/exchange/workspace/install/task_msgs/include/task_msgs/task_msgs/action
[0.643s] -- Up-to-date: /home/user/exchange/workspace/install/task_msgs/include/task_msgs/task_msgs/action/detail
[0.643s] -- Up-to-date: /home/user/exchange/workspace/install/task_msgs/include/task_msgs/task_msgs/action/detail/task_control__type_support.hpp
[0.643s] -- Up-to-date: /home/user/exchange/workspace/install/task_msgs/include/task_msgs/task_msgs/action/detail/task_control__struct.hpp
[0.643s] -- Up-to-date: /home/user/exchange/workspace/install/task_msgs/include/task_msgs/task_msgs/action/detail/task_control__traits.hpp
[0.643s] -- Up-to-date: /home/user/exchange/workspace/install/task_msgs/include/task_msgs/task_msgs/action/detail/task_control__builder.hpp
[0.643s] -- Up-to-date: /home/user/exchange/workspace/install/task_msgs/include/task_msgs/task_msgs/action/task_control.hpp
[0.643s] -- Up-to-date: /home/user/exchange/workspace/install/task_msgs/include/task_msgs/task_msgs
[0.643s] -- Up-to-date: /home/user/exchange/workspace/install/task_msgs/include/task_msgs/task_msgs/msg
[0.643s] -- Up-to-date: /home/user/exchange/workspace/install/task_msgs/include/task_msgs/task_msgs/msg/rosidl_typesupport_fastrtps_cpp__visibility_control.h
[0.643s] -- Up-to-date: /home/user/exchange/workspace/install/task_msgs/include/task_msgs/task_msgs/action
[0.643s] -- Up-to-date: /home/user/exchange/workspace/install/task_msgs/include/task_msgs/task_msgs/action/detail
[0.644s] -- Up-to-date: /home/user/exchange/workspace/install/task_msgs/include/task_msgs/task_msgs/action/detail/dds_fastrtps
[0.644s] -- Up-to-date: /home/user/exchange/workspace/install/task_msgs/include/task_msgs/task_msgs/action/detail/task_control__rosidl_typesupport_fastrtps_cpp.hpp
[0.644s] -- Up-to-date: /home/user/exchange/workspace/install/task_msgs/lib/libtask_msgs__rosidl_typesupport_fastrtps_cpp.so
[0.645s] -- Up-to-date: /home/user/exchange/workspace/install/task_msgs/include/task_msgs/task_msgs
[0.645s] -- Up-to-date: /home/user/exchange/workspace/install/task_msgs/include/task_msgs/task_msgs/action
[0.645s] -- Up-to-date: /home/user/exchange/workspace/install/task_msgs/include/task_msgs/task_msgs/action/detail
[0.645s] -- Up-to-date: /home/user/exchange/workspace/install/task_msgs/include/task_msgs/task_msgs/action/detail/task_control__rosidl_typesupport_introspection_cpp.hpp
[0.645s] -- Up-to-date: /home/user/exchange/workspace/install/task_msgs/include/task_msgs/task_msgs/action/detail/task_control__type_support.cpp
[0.645s] -- Up-to-date: /home/user/exchange/workspace/install/task_msgs/lib/libtask_msgs__rosidl_typesupport_introspection_cpp.so
[0.645s] -- Up-to-date: /home/user/exchange/workspace/install/task_msgs/lib/libtask_msgs__rosidl_typesupport_cpp.so
[0.646s] -- Up-to-date: /home/user/exchange/workspace/install/task_msgs/share/task_msgs/environment/pythonpath.sh
[0.646s] -- Up-to-date: /home/user/exchange/workspace/install/task_msgs/share/task_msgs/environment/pythonpath.dsv
[0.646s] -- Up-to-date: /home/user/exchange/workspace/install/task_msgs/local/lib/python3.10/dist-packages/task_msgs-0.1.0-py3.10.egg-info
[0.646s] -- Installing: /home/user/exchange/workspace/install/task_msgs/local/lib/python3.10/dist-packages/task_msgs-0.1.0-py3.10.egg-info/SOURCES.txt
[0.646s] -- Installing: /home/user/exchange/workspace/install/task_msgs/local/lib/python3.10/dist-packages/task_msgs-0.1.0-py3.10.egg-info/top_level.txt
[0.646s] -- Installing: /home/user/exchange/workspace/install/task_msgs/local/lib/python3.10/dist-packages/task_msgs-0.1.0-py3.10.egg-info/PKG-INFO
[0.646s] -- Installing: /home/user/exchange/workspace/install/task_msgs/local/lib/python3.10/dist-packages/task_msgs-0.1.0-py3.10.egg-info/dependency_links.txt
[0.647s] -- Up-to-date: /home/user/exchange/workspace/install/task_msgs/local/lib/python3.10/dist-packages/task_msgs
[0.647s] -- Up-to-date: /home/user/exchange/workspace/install/task_msgs/local/lib/python3.10/dist-packages/task_msgs/__init__.py
[0.647s] -- Up-to-date: /home/user/exchange/workspace/install/task_msgs/local/lib/python3.10/dist-packages/task_msgs/_task_msgs_s.ep.rosidl_typesupport_introspection_c.c
[0.647s] -- Up-to-date: /home/user/exchange/workspace/install/task_msgs/local/lib/python3.10/dist-packages/task_msgs/task_msgs_s__rosidl_typesupport_introspection_c.cpython-310-x86_64-linux-gnu.so
[0.647s] -- Up-to-date: /home/user/exchange/workspace/install/task_msgs/local/lib/python3.10/dist-packages/task_msgs/libtask_msgs__rosidl_generator_py.so
[0.647s] -- Up-to-date: /home/user/exchange/workspace/install/task_msgs/local/lib/python3.10/dist-packages/task_msgs/_task_msgs_s.ep.rosidl_typesupport_c.c
[0.647s] -- Up-to-date: /home/user/exchange/workspace/install/task_msgs/local/lib/python3.10/dist-packages/task_msgs/task_msgs_s__rosidl_typesupport_fastrtps_c.cpython-310-x86_64-linux-gnu.so
[0.647s] -- Up-to-date: /home/user/exchange/workspace/install/task_msgs/local/lib/python3.10/dist-packages/task_msgs/action
[0.647s] -- Up-to-date: /home/user/exchange/workspace/install/task_msgs/local/lib/python3.10/dist-packages/task_msgs/action/__init__.py
[0.647s] -- Up-to-date: /home/user/exchange/workspace/install/task_msgs/local/lib/python3.10/dist-packages/task_msgs/action/_task_control.py
[0.647s] -- Up-to-date: /home/user/exchange/workspace/install/task_msgs/local/lib/python3.10/dist-packages/task_msgs/action/_task_control_s.c
[0.647s] -- Up-to-date: /home/user/exchange/workspace/install/task_msgs/local/lib/python3.10/dist-packages/task_msgs/_task_msgs_s.ep.rosidl_typesupport_fastrtps_c.c
[0.647s] -- Up-to-date: /home/user/exchange/workspace/install/task_msgs/local/lib/python3.10/dist-packages/task_msgs/task_msgs_s__rosidl_typesupport_c.cpython-310-x86_64-linux-gnu.so
[0.685s] Listing '/home/user/exchange/workspace/install/task_msgs/local/lib/python3.10/dist-packages/task_msgs'...
[0.685s] Listing '/home/user/exchange/workspace/install/task_msgs/local/lib/python3.10/dist-packages/task_msgs/action'...
[0.691s] -- Up-to-date: /home/user/exchange/workspace/install/task_msgs/local/lib/python3.10/dist-packages/task_msgs/task_msgs_s__rosidl_typesupport_fastrtps_c.cpython-310-x86_64-linux-gnu.so
[0.691s] -- Up-to-date: /home/user/exchange/workspace/install/task_msgs/local/lib/python3.10/dist-packages/task_msgs/task_msgs_s__rosidl_typesupport_introspection_c.cpython-310-x86_64-linux-gnu.so
[0.691s] -- Up-to-date: /home/user/exchange/workspace/install/task_msgs/local/lib/python3.10/dist-packages/task_msgs/task_msgs_s__rosidl_typesupport_c.cpython-310-x86_64-linux-gnu.so
[0.692s] -- Up-to-date: /home/user/exchange/workspace/install/task_msgs/lib/libtask_msgs__rosidl_generator_py.so
[0.692s] -- Up-to-date: /home/user/exchange/workspace/install/task_msgs/share/task_msgs/action/TaskControl.idl
[0.692s] -- Up-to-date: /home/user/exchange/workspace/install/task_msgs/share/task_msgs/action/TaskControl.action
[0.692s] -- Up-to-date: /home/user/exchange/workspace/install/task_msgs/share/ament_index/resource_index/package_run_dependencies/task_msgs
[0.693s] -- Up-to-date: /home/user/exchange/workspace/install/task_msgs/share/ament_index/resource_index/parent_prefix_path/task_msgs
[0.693s] -- Up-to-date: /home/user/exchange/workspace/install/task_msgs/share/task_msgs/environment/ament_prefix_path.sh
[0.693s] -- Up-to-date: /home/user/exchange/workspace/install/task_msgs/share/task_msgs/environment/ament_prefix_path.dsv
[0.693s] -- Up-to-date: /home/user/exchange/workspace/install/task_msgs/share/task_msgs/environment/path.sh
[0.693s] -- Up-to-date: /home/user/exchange/workspace/install/task_msgs/share/task_msgs/environment/path.dsv
[0.693s] -- Up-to-date: /home/user/exchange/workspace/install/task_msgs/share/task_msgs/local_setup.bash
[0.693s] -- Up-to-date: /home/user/exchange/workspace/install/task_msgs/share/task_msgs/local_setup.sh
[0.693s] -- Up-to-date: /home/user/exchange/workspace/install/task_msgs/share/task_msgs/local_setup.zsh
[0.693s] -- Up-to-date: /home/user/exchange/workspace/install/task_msgs/share/task_msgs/local_setup.dsv
[0.693s] -- Installing: /home/user/exchange/workspace/install/task_msgs/share/task_msgs/package.dsv
[0.693s] -- Up-to-date: /home/user/exchange/workspace/install/task_msgs/share/ament_index/resource_index/packages/task_msgs
[0.693s] -- Up-to-date: /home/user/exchange/workspace/install/task_msgs/share/task_msgs/cmake/export_task_msgs__rosidl_generator_cExport.cmake
[0.693s] -- Up-to-date: /home/user/exchange/workspace/install/task_msgs/share/task_msgs/cmake/export_task_msgs__rosidl_generator_cExport-noconfig.cmake
[0.693s] -- Up-to-date: /home/user/exchange/workspace/install/task_msgs/share/task_msgs/cmake/export_task_msgs__rosidl_typesupport_fastrtps_cExport.cmake
[0.694s] -- Up-to-date: /home/user/exchange/workspace/install/task_msgs/share/task_msgs/cmake/export_task_msgs__rosidl_typesupport_fastrtps_cExport-noconfig.cmake
[0.694s] -- Up-to-date: /home/user/exchange/workspace/install/task_msgs/share/task_msgs/cmake/task_msgs__rosidl_typesupport_introspection_cExport.cmake
[0.694s] -- Up-to-date: /home/user/exchange/workspace/install/task_msgs/share/task_msgs/cmake/task_msgs__rosidl_typesupport_introspection_cExport-noconfig.cmake
[0.694s] -- Up-to-date: /home/user/exchange/workspace/install/task_msgs/share/task_msgs/cmake/task_msgs__rosidl_typesupport_cExport.cmake
[0.694s] -- Up-to-date: /home/user/exchange/workspace/install/task_msgs/share/task_msgs/cmake/task_msgs__rosidl_typesupport_cExport-noconfig.cmake
[0.694s] -- Up-to-date: /home/user/exchange/workspace/install/task_msgs/share/task_msgs/cmake/export_task_msgs__rosidl_generator_cppExport.cmake
[0.694s] -- Up-to-date: /home/user/exchange/workspace/install/task_msgs/share/task_msgs/cmake/export_task_msgs__rosidl_typesupport_fastrtps_cppExport.cmake
[0.694s] -- Up-to-date: /home/user/exchange/workspace/install/task_msgs/share/task_msgs/cmake/export_task_msgs__rosidl_typesupport_fastrtps_cppExport-noconfig.cmake
[0.694s] -- Up-to-date: /home/user/exchange/workspace/install/task_msgs/share/task_msgs/cmake/task_msgs__rosidl_typesupport_introspection_cppExport.cmake
[0.694s] -- Up-to-date: /home/user/exchange/workspace/install/task_msgs/share/task_msgs/cmake/task_msgs__rosidl_typesupport_introspection_cppExport-noconfig.cmake
[0.695s] -- Up-to-date: /home/user/exchange/workspace/install/task_msgs/share/task_msgs/cmake/task_msgs__rosidl_typesupport_cppExport.cmake
[0.695s] -- Up-to-date: /home/user/exchange/workspace/install/task_msgs/share/task_msgs/cmake/task_msgs__rosidl_typesupport_cppExport-noconfig.cmake
[0.695s] -- Up-to-date: /home/user/exchange/workspace/install/task_msgs/share/task_msgs/cmake/export_task_msgs__rosidl_generator_pyExport.cmake
[0.695s] -- Up-to-date: /home/user/exchange/workspace/install/task_msgs/share/task_msgs/cmake/export_task_msgs__rosidl_generator_pyExport-noconfig.cmake
[0.695s] -- Up-to-date: /home/user/exchange/workspace/install/task_msgs/share/task_msgs/cmake/rosidl_cmake-extras.cmake
[0.695s] -- Up-to-date: /home/user/exchange/workspace/install/task_msgs/share/task_msgs/cmake/ament_cmake_export_dependencies-extras.cmake
[0.695s] -- Up-to-date: /home/user/exchange/workspace/install/task_msgs/share/task_msgs/cmake/ament_cmake_export_include_directories-extras.cmake
[0.695s] -- Up-to-date: /home/user/exchange/workspace/install/task_msgs/share/task_msgs/cmake/ament_cmake_export_libraries-extras.cmake
[0.695s] -- Up-to-date: /home/user/exchange/workspace/install/task_msgs/share/task_msgs/cmake/ament_cmake_export_targets-extras.cmake
[0.695s] -- Up-to-date: /home/user/exchange/workspace/install/task_msgs/share/task_msgs/cmake/rosidl_cmake_export_typesupport_targets-extras.cmake
[0.696s] -- Up-to-date: /home/user/exchange/workspace/install/task_msgs/share/task_msgs/cmake/rosidl_cmake_export_typesupport_libraries-extras.cmake
[0.696s] -- Up-to-date: /home/user/exchange/workspace/install/task_msgs/share/task_msgs/cmake/task_msgsConfig.cmake
[0.696s] -- Up-to-date: /home/user/exchange/workspace/install/task_msgs/share/task_msgs/cmake/task_msgsConfig-version.cmake
[0.696s] -- Up-to-date: /home/user/exchange/workspace/install/task_msgs/share/task_msgs/package.xml
[0.701s] Invoked command in '/home/user/exchange/workspace/build/task_msgs' returned '0': CMAKE_PREFIX_PATH=/opt/pal/alum:/opt/ros/humble /usr/bin/cmake --install /home/user/exchange/workspace/build/task_msgs
