/home/user/exchange/workspace/install/planner_task/lib/python3.10/site-packages/planner_task/__init__.py
/home/user/exchange/workspace/install/planner_task/lib/python3.10/site-packages/planner_task/start_task.py
/home/user/exchange/workspace/install/planner_task/lib/python3.10/site-packages/planner_task/task_impl.py
/home/user/exchange/workspace/install/planner_task/lib/python3.10/site-packages/planner_task/__pycache__/__init__.cpython-310.pyc
/home/user/exchange/workspace/install/planner_task/lib/python3.10/site-packages/planner_task/__pycache__/start_task.cpython-310.pyc
/home/user/exchange/workspace/install/planner_task/lib/python3.10/site-packages/planner_task/__pycache__/task_impl.cpython-310.pyc
/home/user/exchange/workspace/install/planner_task/share/planner_task/package.xml
/home/user/exchange/workspace/install/planner_task/share/ament_index/resource_index/packages/planner_task
/home/user/exchange/workspace/install/planner_task/share/planner_task/launch/planner_task.launch.py
/home/user/exchange/workspace/install/planner_task/share/ament_index/resource_index/pal_system_module/planner_task
/home/user/exchange/workspace/install/planner_task/share/planner_task/module/planner_task_module.yaml
/home/user/exchange/workspace/install/planner_task/share/ament_index/resource_index/pal_configuration.planner_task/planner_task
/home/user/exchange/workspace/install/planner_task/share/planner_task/config/00-defaults.yml
/home/user/exchange/workspace/install/planner_task/share/planner_task/ui/images/background.png
/home/user/exchange/workspace/install/planner_task/lib/python3.10/site-packages/planner_task-0.1.0-py3.10.egg-info/requires.txt
/home/user/exchange/workspace/install/planner_task/lib/python3.10/site-packages/planner_task-0.1.0-py3.10.egg-info/entry_points.txt
/home/user/exchange/workspace/install/planner_task/lib/python3.10/site-packages/planner_task-0.1.0-py3.10.egg-info/SOURCES.txt
/home/user/exchange/workspace/install/planner_task/lib/python3.10/site-packages/planner_task-0.1.0-py3.10.egg-info/top_level.txt
/home/user/exchange/workspace/install/planner_task/lib/python3.10/site-packages/planner_task-0.1.0-py3.10.egg-info/PKG-INFO
/home/user/exchange/workspace/install/planner_task/lib/python3.10/site-packages/planner_task-0.1.0-py3.10.egg-info/zip-safe
/home/user/exchange/workspace/install/planner_task/lib/python3.10/site-packages/planner_task-0.1.0-py3.10.egg-info/dependency_links.txt
/home/user/exchange/workspace/install/planner_task/lib/planner_task/start_task
